2023-03-13T06:40:52.372Z - verbose: Arguments:
2023-03-13T06:40:52.373Z - verbose:   /Applications/CocosCreator/Creator/3.7.1/CocosCreator.app/Contents/MacOS/CocosCreator: true
2023-03-13T06:40:52.373Z - verbose:   project: /Users/zzx/Desktop/naga123/client
2023-03-13T06:40:52.373Z - verbose:   dev: false
2023-03-13T06:40:52.373Z - verbose:   home: /Users/zzx/.CocosCreator
2023-03-13T06:40:52.373Z - verbose:  
2023-03-13T06:40:57.328Z - verbose: [Package] menu@1.0.0 enable
2023-03-13T06:40:57.331Z - verbose: [Package] profile@1.0.0 enable
2023-03-13T06:40:57.342Z - verbose: [Package] project@1.0.4 enable
2023-03-13T06:40:57.349Z - verbose: [Package] messages@1.0.0 enable
2023-03-13T06:40:57.372Z - verbose: [Package] program@1.0.3 enable
2023-03-13T06:40:57.378Z - verbose: [Package] tester@1.0.0 enable
2023-03-13T06:40:57.379Z - verbose: [Package] information@1.0.0 enable
2023-03-13T06:40:57.386Z - verbose: [Package] preferences@1.0.0 enable
2023-03-13T06:41:00.714Z - log: Load engine in /Applications/CocosCreator/Creator/3.7.1/CocosCreator.app/Contents/Resources/resources/3d/engine
2023-03-13T06:41:01.203Z - log: Register native engine in /Applications/CocosCreator/Creator/3.7.1/CocosCreator.app/Contents/Resources/resources/3d/engine/native
2023-03-13T06:41:01.206Z - verbose: [Package] engine@1.0.7 enable
2023-03-13T06:41:01.990Z - verbose: [Package] programming@1.0.0 enable
2023-03-13T06:41:01.997Z - verbose: [Package] device@1.0.1 enable
2023-03-13T06:41:02.004Z - verbose: [Package] ui-kit@1.0.1 enable
2023-03-13T06:41:02.120Z - verbose: [Package] asset-db@1.0.0 enable
2023-03-13T06:41:02.168Z - verbose: [Package] scene@1.0.0 enable
2023-03-13T06:41:02.316Z - verbose: [Package] server@1.0.0 enable
2023-03-13T06:41:02.343Z - verbose: [Package] utils@1.0.0 enable
2023-03-13T06:41:08.255Z - verbose: [Package] preview@1.0.1 enable
2023-03-13T06:41:08.288Z - verbose: [Package] animator@1.0.0 enable
2023-03-13T06:41:08.530Z - verbose: [Build-plugin] register pkg scene: 1ms
2023-03-13T06:41:08.530Z - verbose: Builder PluginManager init: 1ms
2023-03-13T06:41:08.536Z - verbose: [Package] builder@1.3.4 enable
2023-03-13T06:41:08.568Z - verbose: [Package] shortcuts@1.0.1 enable
2023-03-13T06:41:08.597Z - verbose: [Package] animation-graph@1.0.0 enable
2023-03-13T06:41:08.624Z - verbose: [Package] about@1.0.0 enable
2023-03-13T06:41:08.652Z - verbose: [Package] assets@1.0.0 enable
2023-03-13T06:41:08.680Z - verbose: [Package] console@1.0.0 enable
2023-03-13T06:41:08.950Z - verbose: [Package] crash-reporter@1.0.0 enable
2023-03-13T06:41:09.243Z - verbose: [Package] extension@3.1.0 enable
2023-03-13T06:41:09.279Z - verbose: [Package] hierarchy@1.0.0 enable
2023-03-13T06:41:09.311Z - verbose: [Package] inspector@1.0.0 enable
2023-03-13T06:41:09.339Z - verbose: [Package] light-probe@1.0.4 enable
2023-03-13T06:41:09.372Z - verbose: [Package] lightmap@1.0.4 enable
2023-03-13T06:41:09.403Z - verbose: [Package] node-library@1.0.1 enable
2023-03-13T06:41:09.431Z - verbose: [Package] package-asset@1.0.1 enable
2023-03-13T06:41:09.464Z - verbose: [Package] process@1.0.0 enable
2023-03-13T06:41:09.492Z - verbose: [Package] reference-image@1.0.0 enable
2023-03-13T06:41:09.519Z - verbose: [Package] reflection-probe@1.0.4 enable
2023-03-13T06:41:09.543Z - verbose: [Package] engine-extends@1.0.0 enable
2023-03-13T06:41:09.566Z - verbose: [Package] alipay-mini-game@1.0.1 enable
2023-03-13T06:41:09.590Z - verbose: [Package] android@1.0.1 enable
2023-03-13T06:41:09.651Z - verbose: [Package] bytedance-mini-game@1.0.2 enable
2023-03-13T06:41:09.676Z - verbose: [Package] certificate@1.0.0 enable
2023-03-13T06:41:09.699Z - verbose: [Package] channel-upload-tools@1.0.0 enable
2023-03-13T06:41:09.724Z - verbose: [Package] fb-instant-games@1.0.0 enable
2023-03-13T06:41:09.753Z - verbose: [Package] huawei-agc@1.0.0 enable
2023-03-13T06:41:09.780Z - verbose: [Package] huawei-quick-game@1.0.1 enable
2023-03-13T06:41:10.209Z - verbose: [Package] ios@1.0.0 enable
2023-03-13T06:41:10.236Z - verbose: [Package] linux@1.0.0 enable
2023-03-13T06:41:10.259Z - verbose: [Package] mac@1.0.0 enable
2023-03-13T06:41:10.363Z - verbose: [Package] native@1.0.2 enable
2023-03-13T06:41:10.424Z - verbose: [Build-plugin] register pkg native: 61ms
2023-03-13T06:41:10.429Z - verbose: [Package] ohos@1.0.0 enable
2023-03-13T06:41:10.454Z - verbose: [Package] open-harmonyos@1.0.0 enable
2023-03-13T06:41:10.476Z - verbose: [Package] oppo-mini-game@1.0.1 enable
2023-03-13T06:41:10.502Z - verbose: [Package] runtime-dev-tools@1.0.0 enable
2023-03-13T06:41:10.524Z - verbose: [Package] taobao-creative-app@1.0.0 enable
2023-03-13T06:41:10.550Z - verbose: [Package] vivo-mini-game@1.0.1 enable
2023-03-13T06:41:10.597Z - verbose: [Package] web-desktop@1.0.1 enable
2023-03-13T06:41:10.629Z - verbose: [Package] web-mobile@1.0.1 enable
2023-03-13T06:41:10.660Z - verbose: [Package] wechatgame@1.0.2 enable
2023-03-13T06:41:10.664Z - verbose: [Build-plugin] register pkg bytedance-mini-game: 1013ms
2023-03-13T06:41:10.686Z - verbose: [Package] windows@1.0.1 enable
2023-03-13T06:41:10.712Z - verbose: [Package] xiaomi-quick-game@1.0.1 enable
2023-03-13T06:41:10.721Z - verbose: [Build-plugin] register pkg android: 1131ms
2023-03-13T06:41:10.972Z - verbose: [Package] cocos-service@3.0.5 enable
2023-03-13T06:41:11.019Z - verbose: [Build-plugin] register pkg cocos-service: 46ms
2023-03-13T06:41:11.022Z - verbose: [Build-plugin] register pkg fb-instant-games: 1298ms
2023-03-13T06:41:11.024Z - verbose: [Build-plugin] register pkg huawei-agc: 1271ms
2023-03-13T06:41:11.025Z - verbose: [Build-plugin] register pkg huawei-quick-game: 1245ms
2023-03-13T06:41:11.027Z - verbose: [Build-plugin] register pkg ohos: 598ms
2023-03-13T06:41:11.029Z - verbose: [Build-plugin] register pkg ios: 820ms
2023-03-13T06:41:11.031Z - verbose: [Build-plugin] register pkg mac: 772ms
2023-03-13T06:41:11.033Z - verbose: [Build-plugin] register pkg taobao-creative-app: 509ms
2023-03-13T06:41:11.034Z - verbose: [Build-plugin] register pkg oppo-mini-game: 558ms
2023-03-13T06:41:11.295Z - verbose: [Package] im-plugin@3.0.10 enable
2023-03-13T06:41:11.300Z - verbose: [Build-plugin] register pkg vivo-mini-game: 750ms
2023-03-13T06:41:11.305Z - verbose: [Build-plugin] register pkg web-desktop: 708ms
2023-03-13T06:41:11.335Z - verbose: [Package] placeholder@1.0.0 enable
2023-03-13T06:41:11.469Z - verbose: [Build-plugin] register pkg wechatgame: 809ms
2023-03-13T06:41:11.471Z - verbose: [Build-plugin] register pkg web-mobile: 842ms
2023-03-13T06:41:11.473Z - verbose: [Build-plugin] register pkg xiaomi-quick-game: 760ms
2023-03-13T06:41:11.568Z - verbose: [Build-plugin] register pkg windows: 882ms
2023-03-13T06:41:12.524Z - verbose: asset-db is ready!
2023-03-13T06:41:15.103Z - info: [Scene] [Physics][Bullet]: Using asmjs Bullet libs.
2023-03-13T06:41:15.113Z - info: [Scene] [PHYSICS]: using builtin.
2023-03-13T06:41:15.234Z - log: [Scene] Cocos Creator v3.7.1
2023-03-13T06:41:15.234Z - info: [Scene] Forward render pipeline initialized.
2023-03-13T06:41:15.381Z - info: [Scene] [PHYSICS]: switch from builtin to bullet.
2023-03-13T06:41:15.433Z - info: [Scene] [PHYSICS2D]: switch from builtin to box2d.
2023-03-13T06:45:10.144Z - log: [Window] Deprecated as of 10.7.0. highlight(lang, code, ...args) has been deprecated.
2023-03-13T06:45:10.144Z - log: [Window] Deprecated as of 10.7.0. Please use highlight(code, options) instead.
https://github.com/highlightjs/highlight.js/issues/2277
2023-03-13T06:45:13.450Z - warn: [Scene] Missing class: 9c42d0NeRBG3r51f/x5TrPvError: [Scene] Missing class: 9c42d0NeRBG3r51f/x5TrPv
    at Object.classFinder (/Applications/CocosCreator/Creator/3.7.1/CocosCreator.app/Contents/Resources/app.asar/builtin/engine/dist/editor-extends/missing-reporter/missing-class-reporter.ccc:1:2131)
    at _Deserializer.classFinder [as _classFinder] (/Applications/CocosCreator/Creator/3.7.1/CocosCreator.app/Contents/Resources/resources/3d/engine/bin/.cache/dev/editor/bundled/index.js:126351:34)
    at _Deserializer._deserializeTypeTaggedObject (/Applications/CocosCreator/Creator/3.7.1/CocosCreator.app/Contents/Resources/resources/3d/engine/bin/.cache/dev/editor/bundled/index.js:38012:30)
    at _Deserializer._deserializeObject (/Applications/CocosCreator/Creator/3.7.1/CocosCreator.app/Contents/Resources/resources/3d/engine/bin/.cache/dev/editor/bundled/index.js:37953:29)
    at _Deserializer._deserializeAndAssignField (/Applications/CocosCreator/Creator/3.7.1/CocosCreator.app/Contents/Resources/resources/3d/engine/bin/.cache/dev/editor/bundled/index.js:38161:38)
    at _Deserializer._deserializeArray (/Applications/CocosCreator/Creator/3.7.1/CocosCreator.app/Contents/Resources/resources/3d/engine/bin/.cache/dev/editor/bundled/index.js:37987:40)
    at _Deserializer._deserializeObject (/Applications/CocosCreator/Creator/3.7.1/CocosCreator.app/Contents/Resources/resources/3d/engine/bin/.cache/dev/editor/bundled/index.js:37959:29)
2023-03-13T06:45:13.506Z - error: [Scene] Script "9c42d0NeRBG3r51f/x5TrPv" attached to "modify_nickname" is missing or invalid. Detailed information:
Node path: "should_hide_in_hierarchy/modify_nickname"
Script UUID: "9c42dd0d-7910-46de-be75-7ffc794eb3ef"
Class ID: "9c42d0NeRBG3r51f/x5TrPv"
Error: [Scene] Script "9c42d0NeRBG3r51f/x5TrPv" attached to "modify_nickname" is missing or invalid. Detailed information:
Node path: "should_hide_in_hierarchy/modify_nickname"
Script UUID: "9c42dd0d-7910-46de-be75-7ffc794eb3ef"
Class ID: "9c42d0NeRBG3r51f/x5TrPv"

    at report (/Applications/CocosCreator/Creator/3.7.1/CocosCreator.app/Contents/Resources/app.asar/builtin/engine/dist/editor-extends/missing-reporter/missing-class-reporter.ccc:1:1156)
    at reportByWalker (/Applications/CocosCreator/Creator/3.7.1/CocosCreator.app/Contents/Resources/app.asar/builtin/engine/dist/editor-extends/missing-reporter/missing-class-reporter.ccc:1:1252)
    at /Applications/CocosCreator/Creator/3.7.1/CocosCreator.app/Contents/Resources/app.asar/builtin/engine/dist/editor-extends/missing-reporter/missing-class-reporter.ccc:1:1893
    at ObjectWalkerBehavior.walk (/Applications/CocosCreator/Creator/3.7.1/CocosCreator.app/Contents/Resources/app.asar/builtin/engine/dist/editor-extends/missing-reporter/object-walker.ccc:1:2355)
    at ObjectWalkerBehavior.forEach (/Applications/CocosCreator/Creator/3.7.1/CocosCreator.app/Contents/Resources/app.asar/builtin/engine/dist/editor-extends/missing-reporter/object-walker.ccc:1:825)
    at ObjectWalkerBehavior.parseObject (/Applications/CocosCreator/Creator/3.7.1/CocosCreator.app/Contents/Resources/app.asar/builtin/engine/dist/editor-extends/missing-reporter/object-walker.ccc:1:306)
    at doWalkProperties (/Applications/CocosCreator/Creator/3.7.1/CocosCreator.app/Contents/Resources/app.asar/builtin/engine/dist/editor-extends/missing-reporter/object-walker.ccc:1:2148)
2023-03-13T06:59:17.940Z - warn: [Scene] can't change name of prefab root in prefab mode, you can modify it by changing the filename of this prefabError: [Scene] can't change name of prefab root in prefab mode, you can modify it by changing the filename of this prefab
    at PrefabSceneFacade.setNodeProperty (/Applications/CocosCreator/Creator/3.7.1/CocosCreator.app/Contents/Resources/app.asar/builtin/scene/dist/script/3d/facade/prefab-scene-facade.ccc:1:1707)
    at SceneFacadeManager.setNodeProperty (/Applications/CocosCreator/Creator/3.7.1/CocosCreator.app/Contents/Resources/app.asar/builtin/scene/dist/script/3d/facade/scene-facade-manager.ccc:1:9935)
    at step (/Applications/CocosCreator/Creator/3.7.1/CocosCreator.app/Contents/Resources/app.asar/builtin/scene/dist/script/3d/manager/ipc/web/ipc.ccc:1:748)
    at /Applications/CocosCreator/Creator/3.7.1/CocosCreator.app/Contents/Resources/app.asar/builtin/scene/dist/script/3d/manager/ipc/web/ipc.ccc:1:1617
    at new Promise (<anonymous>)
    at /Applications/CocosCreator/Creator/3.7.1/CocosCreator.app/Contents/Resources/app.asar/builtin/scene/dist/script/3d/manager/ipc/web/ipc.ccc:1:1554
    at EventEmitter.<anonymous> (/Applications/CocosCreator/Creator/3.7.1/CocosCreator.app/Contents/Resources/app.asar/builtin/scene/dist/script/3d/manager/ipc/web/webview.ccc:1:1013)
2023-03-13T06:59:22.040Z - warn: [Scene] can't change name of prefab root in prefab mode, you can modify it by changing the filename of this prefabError: [Scene] can't change name of prefab root in prefab mode, you can modify it by changing the filename of this prefab
    at PrefabSceneFacade.setNodeProperty (/Applications/CocosCreator/Creator/3.7.1/CocosCreator.app/Contents/Resources/app.asar/builtin/scene/dist/script/3d/facade/prefab-scene-facade.ccc:1:1707)
    at SceneFacadeManager.setNodeProperty (/Applications/CocosCreator/Creator/3.7.1/CocosCreator.app/Contents/Resources/app.asar/builtin/scene/dist/script/3d/facade/scene-facade-manager.ccc:1:9935)
    at step (/Applications/CocosCreator/Creator/3.7.1/CocosCreator.app/Contents/Resources/app.asar/builtin/scene/dist/script/3d/manager/ipc/web/ipc.ccc:1:748)
    at /Applications/CocosCreator/Creator/3.7.1/CocosCreator.app/Contents/Resources/app.asar/builtin/scene/dist/script/3d/manager/ipc/web/ipc.ccc:1:1617
    at new Promise (<anonymous>)
    at /Applications/CocosCreator/Creator/3.7.1/CocosCreator.app/Contents/Resources/app.asar/builtin/scene/dist/script/3d/manager/ipc/web/ipc.ccc:1:1554
    at EventEmitter.<anonymous> (/Applications/CocosCreator/Creator/3.7.1/CocosCreator.app/Contents/Resources/app.asar/builtin/scene/dist/script/3d/manager/ipc/web/webview.ccc:1:1013)
2023-03-13T06:59:25.244Z - warn: [Scene] can't change name of prefab root in prefab mode, you can modify it by changing the filename of this prefabError: [Scene] can't change name of prefab root in prefab mode, you can modify it by changing the filename of this prefab
    at PrefabSceneFacade.setNodeProperty (/Applications/CocosCreator/Creator/3.7.1/CocosCreator.app/Contents/Resources/app.asar/builtin/scene/dist/script/3d/facade/prefab-scene-facade.ccc:1:1707)
    at SceneFacadeManager.setNodeProperty (/Applications/CocosCreator/Creator/3.7.1/CocosCreator.app/Contents/Resources/app.asar/builtin/scene/dist/script/3d/facade/scene-facade-manager.ccc:1:9935)
    at step (/Applications/CocosCreator/Creator/3.7.1/CocosCreator.app/Contents/Resources/app.asar/builtin/scene/dist/script/3d/manager/ipc/web/ipc.ccc:1:748)
    at /Applications/CocosCreator/Creator/3.7.1/CocosCreator.app/Contents/Resources/app.asar/builtin/scene/dist/script/3d/manager/ipc/web/ipc.ccc:1:1617
    at new Promise (<anonymous>)
    at /Applications/CocosCreator/Creator/3.7.1/CocosCreator.app/Contents/Resources/app.asar/builtin/scene/dist/script/3d/manager/ipc/web/ipc.ccc:1:1554
    at EventEmitter.<anonymous> (/Applications/CocosCreator/Creator/3.7.1/CocosCreator.app/Contents/Resources/app.asar/builtin/scene/dist/script/3d/manager/ipc/web/webview.ccc:1:1013)
2023-03-13T06:59:25.958Z - warn: [Scene] can't change name of prefab root in prefab mode, you can modify it by changing the filename of this prefabError: [Scene] can't change name of prefab root in prefab mode, you can modify it by changing the filename of this prefab
    at PrefabSceneFacade.setNodeProperty (/Applications/CocosCreator/Creator/3.7.1/CocosCreator.app/Contents/Resources/app.asar/builtin/scene/dist/script/3d/facade/prefab-scene-facade.ccc:1:1707)
    at SceneFacadeManager.setNodeProperty (/Applications/CocosCreator/Creator/3.7.1/CocosCreator.app/Contents/Resources/app.asar/builtin/scene/dist/script/3d/facade/scene-facade-manager.ccc:1:9935)
    at step (/Applications/CocosCreator/Creator/3.7.1/CocosCreator.app/Contents/Resources/app.asar/builtin/scene/dist/script/3d/manager/ipc/web/ipc.ccc:1:748)
    at /Applications/CocosCreator/Creator/3.7.1/CocosCreator.app/Contents/Resources/app.asar/builtin/scene/dist/script/3d/manager/ipc/web/ipc.ccc:1:1617
    at new Promise (<anonymous>)
    at /Applications/CocosCreator/Creator/3.7.1/CocosCreator.app/Contents/Resources/app.asar/builtin/scene/dist/script/3d/manager/ipc/web/ipc.ccc:1:1554
    at EventEmitter.<anonymous> (/Applications/CocosCreator/Creator/3.7.1/CocosCreator.app/Contents/Resources/app.asar/builtin/scene/dist/script/3d/manager/ipc/web/webview.ccc:1:1013)
2023-03-13T06:59:26.147Z - warn: [Scene] can't change name of prefab root in prefab mode, you can modify it by changing the filename of this prefabError: [Scene] can't change name of prefab root in prefab mode, you can modify it by changing the filename of this prefab
    at PrefabSceneFacade.setNodeProperty (/Applications/CocosCreator/Creator/3.7.1/CocosCreator.app/Contents/Resources/app.asar/builtin/scene/dist/script/3d/facade/prefab-scene-facade.ccc:1:1707)
    at SceneFacadeManager.setNodeProperty (/Applications/CocosCreator/Creator/3.7.1/CocosCreator.app/Contents/Resources/app.asar/builtin/scene/dist/script/3d/facade/scene-facade-manager.ccc:1:9935)
    at step (/Applications/CocosCreator/Creator/3.7.1/CocosCreator.app/Contents/Resources/app.asar/builtin/scene/dist/script/3d/manager/ipc/web/ipc.ccc:1:748)
    at /Applications/CocosCreator/Creator/3.7.1/CocosCreator.app/Contents/Resources/app.asar/builtin/scene/dist/script/3d/manager/ipc/web/ipc.ccc:1:1617
    at new Promise (<anonymous>)
    at /Applications/CocosCreator/Creator/3.7.1/CocosCreator.app/Contents/Resources/app.asar/builtin/scene/dist/script/3d/manager/ipc/web/ipc.ccc:1:1554
    at EventEmitter.<anonymous> (/Applications/CocosCreator/Creator/3.7.1/CocosCreator.app/Contents/Resources/app.asar/builtin/scene/dist/script/3d/manager/ipc/web/webview.ccc:1:1013)
2023-03-13T06:59:28.941Z - warn: [Scene] can't change name of prefab root in prefab mode, you can modify it by changing the filename of this prefabError: [Scene] can't change name of prefab root in prefab mode, you can modify it by changing the filename of this prefab
    at PrefabSceneFacade.setNodeProperty (/Applications/CocosCreator/Creator/3.7.1/CocosCreator.app/Contents/Resources/app.asar/builtin/scene/dist/script/3d/facade/prefab-scene-facade.ccc:1:1707)
    at SceneFacadeManager.setNodeProperty (/Applications/CocosCreator/Creator/3.7.1/CocosCreator.app/Contents/Resources/app.asar/builtin/scene/dist/script/3d/facade/scene-facade-manager.ccc:1:9935)
    at step (/Applications/CocosCreator/Creator/3.7.1/CocosCreator.app/Contents/Resources/app.asar/builtin/scene/dist/script/3d/manager/ipc/web/ipc.ccc:1:748)
    at /Applications/CocosCreator/Creator/3.7.1/CocosCreator.app/Contents/Resources/app.asar/builtin/scene/dist/script/3d/manager/ipc/web/ipc.ccc:1:1617
    at new Promise (<anonymous>)
    at /Applications/CocosCreator/Creator/3.7.1/CocosCreator.app/Contents/Resources/app.asar/builtin/scene/dist/script/3d/manager/ipc/web/ipc.ccc:1:1554
    at EventEmitter.<anonymous> (/Applications/CocosCreator/Creator/3.7.1/CocosCreator.app/Contents/Resources/app.asar/builtin/scene/dist/script/3d/manager/ipc/web/webview.ccc:1:1013)
2023-03-13T06:59:31.682Z - warn: [Scene] can't change name of prefab root in prefab mode, you can modify it by changing the filename of this prefabError: [Scene] can't change name of prefab root in prefab mode, you can modify it by changing the filename of this prefab
    at PrefabSceneFacade.setNodeProperty (/Applications/CocosCreator/Creator/3.7.1/CocosCreator.app/Contents/Resources/app.asar/builtin/scene/dist/script/3d/facade/prefab-scene-facade.ccc:1:1707)
    at SceneFacadeManager.setNodeProperty (/Applications/CocosCreator/Creator/3.7.1/CocosCreator.app/Contents/Resources/app.asar/builtin/scene/dist/script/3d/facade/scene-facade-manager.ccc:1:9935)
    at step (/Applications/CocosCreator/Creator/3.7.1/CocosCreator.app/Contents/Resources/app.asar/builtin/scene/dist/script/3d/manager/ipc/web/ipc.ccc:1:748)
    at /Applications/CocosCreator/Creator/3.7.1/CocosCreator.app/Contents/Resources/app.asar/builtin/scene/dist/script/3d/manager/ipc/web/ipc.ccc:1:1617
    at new Promise (<anonymous>)
    at /Applications/CocosCreator/Creator/3.7.1/CocosCreator.app/Contents/Resources/app.asar/builtin/scene/dist/script/3d/manager/ipc/web/ipc.ccc:1:1554
    at EventEmitter.<anonymous> (/Applications/CocosCreator/Creator/3.7.1/CocosCreator.app/Contents/Resources/app.asar/builtin/scene/dist/script/3d/manager/ipc/web/webview.ccc:1:1013)
2023-03-13T06:59:32.275Z - warn: [Scene] can't change name of prefab root in prefab mode, you can modify it by changing the filename of this prefabError: [Scene] can't change name of prefab root in prefab mode, you can modify it by changing the filename of this prefab
    at PrefabSceneFacade.setNodeProperty (/Applications/CocosCreator/Creator/3.7.1/CocosCreator.app/Contents/Resources/app.asar/builtin/scene/dist/script/3d/facade/prefab-scene-facade.ccc:1:1707)
    at SceneFacadeManager.setNodeProperty (/Applications/CocosCreator/Creator/3.7.1/CocosCreator.app/Contents/Resources/app.asar/builtin/scene/dist/script/3d/facade/scene-facade-manager.ccc:1:9935)
    at step (/Applications/CocosCreator/Creator/3.7.1/CocosCreator.app/Contents/Resources/app.asar/builtin/scene/dist/script/3d/manager/ipc/web/ipc.ccc:1:748)
    at /Applications/CocosCreator/Creator/3.7.1/CocosCreator.app/Contents/Resources/app.asar/builtin/scene/dist/script/3d/manager/ipc/web/ipc.ccc:1:1617
    at new Promise (<anonymous>)
    at /Applications/CocosCreator/Creator/3.7.1/CocosCreator.app/Contents/Resources/app.asar/builtin/scene/dist/script/3d/manager/ipc/web/ipc.ccc:1:1554
    at EventEmitter.<anonymous> (/Applications/CocosCreator/Creator/3.7.1/CocosCreator.app/Contents/Resources/app.asar/builtin/scene/dist/script/3d/manager/ipc/web/webview.ccc:1:1013)
2023-03-13T06:59:33.515Z - warn: [Scene] can't change name of prefab root in prefab mode, you can modify it by changing the filename of this prefabError: [Scene] can't change name of prefab root in prefab mode, you can modify it by changing the filename of this prefab
    at PrefabSceneFacade.setNodeProperty (/Applications/CocosCreator/Creator/3.7.1/CocosCreator.app/Contents/Resources/app.asar/builtin/scene/dist/script/3d/facade/prefab-scene-facade.ccc:1:1707)
    at SceneFacadeManager.setNodeProperty (/Applications/CocosCreator/Creator/3.7.1/CocosCreator.app/Contents/Resources/app.asar/builtin/scene/dist/script/3d/facade/scene-facade-manager.ccc:1:9935)
    at step (/Applications/CocosCreator/Creator/3.7.1/CocosCreator.app/Contents/Resources/app.asar/builtin/scene/dist/script/3d/manager/ipc/web/ipc.ccc:1:748)
    at /Applications/CocosCreator/Creator/3.7.1/CocosCreator.app/Contents/Resources/app.asar/builtin/scene/dist/script/3d/manager/ipc/web/ipc.ccc:1:1617
    at new Promise (<anonymous>)
    at /Applications/CocosCreator/Creator/3.7.1/CocosCreator.app/Contents/Resources/app.asar/builtin/scene/dist/script/3d/manager/ipc/web/ipc.ccc:1:1554
    at EventEmitter.<anonymous> (/Applications/CocosCreator/Creator/3.7.1/CocosCreator.app/Contents/Resources/app.asar/builtin/scene/dist/script/3d/manager/ipc/web/webview.ccc:1:1013)
2023-03-13T06:59:36.897Z - warn: [Scene] can't change name of prefab root in prefab mode, you can modify it by changing the filename of this prefabError: [Scene] can't change name of prefab root in prefab mode, you can modify it by changing the filename of this prefab
    at PrefabSceneFacade.setNodeProperty (/Applications/CocosCreator/Creator/3.7.1/CocosCreator.app/Contents/Resources/app.asar/builtin/scene/dist/script/3d/facade/prefab-scene-facade.ccc:1:1707)
    at SceneFacadeManager.setNodeProperty (/Applications/CocosCreator/Creator/3.7.1/CocosCreator.app/Contents/Resources/app.asar/builtin/scene/dist/script/3d/facade/scene-facade-manager.ccc:1:9935)
    at step (/Applications/CocosCreator/Creator/3.7.1/CocosCreator.app/Contents/Resources/app.asar/builtin/scene/dist/script/3d/manager/ipc/web/ipc.ccc:1:748)
    at /Applications/CocosCreator/Creator/3.7.1/CocosCreator.app/Contents/Resources/app.asar/builtin/scene/dist/script/3d/manager/ipc/web/ipc.ccc:1:1617
    at new Promise (<anonymous>)
    at /Applications/CocosCreator/Creator/3.7.1/CocosCreator.app/Contents/Resources/app.asar/builtin/scene/dist/script/3d/manager/ipc/web/ipc.ccc:1:1554
    at EventEmitter.<anonymous> (/Applications/CocosCreator/Creator/3.7.1/CocosCreator.app/Contents/Resources/app.asar/builtin/scene/dist/script/3d/manager/ipc/web/webview.ccc:1:1013)
2023-03-13T06:59:37.105Z - warn: [Scene] can't change name of prefab root in prefab mode, you can modify it by changing the filename of this prefabError: [Scene] can't change name of prefab root in prefab mode, you can modify it by changing the filename of this prefab
    at PrefabSceneFacade.setNodeProperty (/Applications/CocosCreator/Creator/3.7.1/CocosCreator.app/Contents/Resources/app.asar/builtin/scene/dist/script/3d/facade/prefab-scene-facade.ccc:1:1707)
    at SceneFacadeManager.setNodeProperty (/Applications/CocosCreator/Creator/3.7.1/CocosCreator.app/Contents/Resources/app.asar/builtin/scene/dist/script/3d/facade/scene-facade-manager.ccc:1:9935)
    at step (/Applications/CocosCreator/Creator/3.7.1/CocosCreator.app/Contents/Resources/app.asar/builtin/scene/dist/script/3d/manager/ipc/web/ipc.ccc:1:748)
    at /Applications/CocosCreator/Creator/3.7.1/CocosCreator.app/Contents/Resources/app.asar/builtin/scene/dist/script/3d/manager/ipc/web/ipc.ccc:1:1617
    at new Promise (<anonymous>)
    at /Applications/CocosCreator/Creator/3.7.1/CocosCreator.app/Contents/Resources/app.asar/builtin/scene/dist/script/3d/manager/ipc/web/ipc.ccc:1:1554
    at EventEmitter.<anonymous> (/Applications/CocosCreator/Creator/3.7.1/CocosCreator.app/Contents/Resources/app.asar/builtin/scene/dist/script/3d/manager/ipc/web/webview.ccc:1:1013)
2023-03-13T06:59:37.514Z - warn: [Scene] can't change name of prefab root in prefab mode, you can modify it by changing the filename of this prefabError: [Scene] can't change name of prefab root in prefab mode, you can modify it by changing the filename of this prefab
    at PrefabSceneFacade.setNodeProperty (/Applications/CocosCreator/Creator/3.7.1/CocosCreator.app/Contents/Resources/app.asar/builtin/scene/dist/script/3d/facade/prefab-scene-facade.ccc:1:1707)
    at SceneFacadeManager.setNodeProperty (/Applications/CocosCreator/Creator/3.7.1/CocosCreator.app/Contents/Resources/app.asar/builtin/scene/dist/script/3d/facade/scene-facade-manager.ccc:1:9935)
    at step (/Applications/CocosCreator/Creator/3.7.1/CocosCreator.app/Contents/Resources/app.asar/builtin/scene/dist/script/3d/manager/ipc/web/ipc.ccc:1:748)
    at /Applications/CocosCreator/Creator/3.7.1/CocosCreator.app/Contents/Resources/app.asar/builtin/scene/dist/script/3d/manager/ipc/web/ipc.ccc:1:1617
    at new Promise (<anonymous>)
    at /Applications/CocosCreator/Creator/3.7.1/CocosCreator.app/Contents/Resources/app.asar/builtin/scene/dist/script/3d/manager/ipc/web/ipc.ccc:1:1554
    at EventEmitter.<anonymous> (/Applications/CocosCreator/Creator/3.7.1/CocosCreator.app/Contents/Resources/app.asar/builtin/scene/dist/script/3d/manager/ipc/web/webview.ccc:1:1013)
2023-03-13T06:59:37.642Z - warn: [Scene] can't change name of prefab root in prefab mode, you can modify it by changing the filename of this prefabError: [Scene] can't change name of prefab root in prefab mode, you can modify it by changing the filename of this prefab
    at PrefabSceneFacade.setNodeProperty (/Applications/CocosCreator/Creator/3.7.1/CocosCreator.app/Contents/Resources/app.asar/builtin/scene/dist/script/3d/facade/prefab-scene-facade.ccc:1:1707)
    at SceneFacadeManager.setNodeProperty (/Applications/CocosCreator/Creator/3.7.1/CocosCreator.app/Contents/Resources/app.asar/builtin/scene/dist/script/3d/facade/scene-facade-manager.ccc:1:9935)
    at step (/Applications/CocosCreator/Creator/3.7.1/CocosCreator.app/Contents/Resources/app.asar/builtin/scene/dist/script/3d/manager/ipc/web/ipc.ccc:1:748)
    at /Applications/CocosCreator/Creator/3.7.1/CocosCreator.app/Contents/Resources/app.asar/builtin/scene/dist/script/3d/manager/ipc/web/ipc.ccc:1:1617
    at new Promise (<anonymous>)
    at /Applications/CocosCreator/Creator/3.7.1/CocosCreator.app/Contents/Resources/app.asar/builtin/scene/dist/script/3d/manager/ipc/web/ipc.ccc:1:1554
    at EventEmitter.<anonymous> (/Applications/CocosCreator/Creator/3.7.1/CocosCreator.app/Contents/Resources/app.asar/builtin/scene/dist/script/3d/manager/ipc/web/webview.ccc:1:1013)
2023-03-13T06:59:37.911Z - warn: [Scene] can't change name of prefab root in prefab mode, you can modify it by changing the filename of this prefabError: [Scene] can't change name of prefab root in prefab mode, you can modify it by changing the filename of this prefab
    at PrefabSceneFacade.setNodeProperty (/Applications/CocosCreator/Creator/3.7.1/CocosCreator.app/Contents/Resources/app.asar/builtin/scene/dist/script/3d/facade/prefab-scene-facade.ccc:1:1707)
    at SceneFacadeManager.setNodeProperty (/Applications/CocosCreator/Creator/3.7.1/CocosCreator.app/Contents/Resources/app.asar/builtin/scene/dist/script/3d/facade/scene-facade-manager.ccc:1:9935)
    at step (/Applications/CocosCreator/Creator/3.7.1/CocosCreator.app/Contents/Resources/app.asar/builtin/scene/dist/script/3d/manager/ipc/web/ipc.ccc:1:748)
    at /Applications/CocosCreator/Creator/3.7.1/CocosCreator.app/Contents/Resources/app.asar/builtin/scene/dist/script/3d/manager/ipc/web/ipc.ccc:1:1617
    at new Promise (<anonymous>)
    at /Applications/CocosCreator/Creator/3.7.1/CocosCreator.app/Contents/Resources/app.asar/builtin/scene/dist/script/3d/manager/ipc/web/ipc.ccc:1:1554
    at EventEmitter.<anonymous> (/Applications/CocosCreator/Creator/3.7.1/CocosCreator.app/Contents/Resources/app.asar/builtin/scene/dist/script/3d/manager/ipc/web/webview.ccc:1:1013)
2023-03-13T06:59:38.708Z - warn: [Scene] can't change name of prefab root in prefab mode, you can modify it by changing the filename of this prefabError: [Scene] can't change name of prefab root in prefab mode, you can modify it by changing the filename of this prefab
    at PrefabSceneFacade.setNodeProperty (/Applications/CocosCreator/Creator/3.7.1/CocosCreator.app/Contents/Resources/app.asar/builtin/scene/dist/script/3d/facade/prefab-scene-facade.ccc:1:1707)
    at SceneFacadeManager.setNodeProperty (/Applications/CocosCreator/Creator/3.7.1/CocosCreator.app/Contents/Resources/app.asar/builtin/scene/dist/script/3d/facade/scene-facade-manager.ccc:1:9935)
    at step (/Applications/CocosCreator/Creator/3.7.1/CocosCreator.app/Contents/Resources/app.asar/builtin/scene/dist/script/3d/manager/ipc/web/ipc.ccc:1:748)
    at /Applications/CocosCreator/Creator/3.7.1/CocosCreator.app/Contents/Resources/app.asar/builtin/scene/dist/script/3d/manager/ipc/web/ipc.ccc:1:1617
    at new Promise (<anonymous>)
    at /Applications/CocosCreator/Creator/3.7.1/CocosCreator.app/Contents/Resources/app.asar/builtin/scene/dist/script/3d/manager/ipc/web/ipc.ccc:1:1554
    at EventEmitter.<anonymous> (/Applications/CocosCreator/Creator/3.7.1/CocosCreator.app/Contents/Resources/app.asar/builtin/scene/dist/script/3d/manager/ipc/web/webview.ccc:1:1013)
2023-03-13T06:59:39.221Z - warn: [Scene] can't change name of prefab root in prefab mode, you can modify it by changing the filename of this prefabError: [Scene] can't change name of prefab root in prefab mode, you can modify it by changing the filename of this prefab
    at PrefabSceneFacade.setNodeProperty (/Applications/CocosCreator/Creator/3.7.1/CocosCreator.app/Contents/Resources/app.asar/builtin/scene/dist/script/3d/facade/prefab-scene-facade.ccc:1:1707)
    at SceneFacadeManager.setNodeProperty (/Applications/CocosCreator/Creator/3.7.1/CocosCreator.app/Contents/Resources/app.asar/builtin/scene/dist/script/3d/facade/scene-facade-manager.ccc:1:9935)
    at step (/Applications/CocosCreator/Creator/3.7.1/CocosCreator.app/Contents/Resources/app.asar/builtin/scene/dist/script/3d/manager/ipc/web/ipc.ccc:1:748)
    at /Applications/CocosCreator/Creator/3.7.1/CocosCreator.app/Contents/Resources/app.asar/builtin/scene/dist/script/3d/manager/ipc/web/ipc.ccc:1:1617
    at new Promise (<anonymous>)
    at /Applications/CocosCreator/Creator/3.7.1/CocosCreator.app/Contents/Resources/app.asar/builtin/scene/dist/script/3d/manager/ipc/web/ipc.ccc:1:1554
    at EventEmitter.<anonymous> (/Applications/CocosCreator/Creator/3.7.1/CocosCreator.app/Contents/Resources/app.asar/builtin/scene/dist/script/3d/manager/ipc/web/webview.ccc:1:1013)
2023-03-13T06:59:39.222Z - warn: [Scene] can't change name of prefab root in prefab mode, you can modify it by changing the filename of this prefabError: [Scene] can't change name of prefab root in prefab mode, you can modify it by changing the filename of this prefab
    at PrefabSceneFacade.setNodeProperty (/Applications/CocosCreator/Creator/3.7.1/CocosCreator.app/Contents/Resources/app.asar/builtin/scene/dist/script/3d/facade/prefab-scene-facade.ccc:1:1707)
    at SceneFacadeManager.setNodeProperty (/Applications/CocosCreator/Creator/3.7.1/CocosCreator.app/Contents/Resources/app.asar/builtin/scene/dist/script/3d/facade/scene-facade-manager.ccc:1:9935)
    at step (/Applications/CocosCreator/Creator/3.7.1/CocosCreator.app/Contents/Resources/app.asar/builtin/scene/dist/script/3d/manager/ipc/web/ipc.ccc:1:748)
    at /Applications/CocosCreator/Creator/3.7.1/CocosCreator.app/Contents/Resources/app.asar/builtin/scene/dist/script/3d/manager/ipc/web/ipc.ccc:1:1617
    at new Promise (<anonymous>)
    at /Applications/CocosCreator/Creator/3.7.1/CocosCreator.app/Contents/Resources/app.asar/builtin/scene/dist/script/3d/manager/ipc/web/ipc.ccc:1:1554
    at EventEmitter.<anonymous> (/Applications/CocosCreator/Creator/3.7.1/CocosCreator.app/Contents/Resources/app.asar/builtin/scene/dist/script/3d/manager/ipc/web/webview.ccc:1:1013)
2023-03-13T07:06:01.119Z - error: [Scene] {hidden(::SceneExecutorImportExceptionHandler::)} Error: SyntaxError: /file:/Users/zzx/Desktop/naga123/client/assets/script/login/login.ts: Unexpected token, expected ":" (25:12)

  23 |                 break;
  24 |                 case ''
> 25 |             default:
     |             ^
  26 |                 break;
  27 |         }
  28 |     }
    at Object.execute (file:///Users/zzx/Desktop/naga123/client/temp/programming/packer-driver/targets/editor/chunks/b0/data:text/javascript,%0A%2F%2F%20This%20module%20is%20auto-generated%20to%20report%20error%20emitted%20when%20try%20to%20load%20module%20file%3A%2F%2F%2FUsers%2Fzzx%2FDesktop%2Fnaga123%2Fclient%2Fassets%2Fscript%2Flogin%2Flogin.ts%20at%20runtime.%0Athrow%20new%20Error(%60SyntaxError%3A%20%2Ffile%3A%2FUsers%2Fzzx%2FDesktop%2Fnaga123%2Fclient%2Fassets%2Fscript%2Flogin%2Flogin.ts%3A%20Unexpected%20token%2C%20expected%20%22%3A%22%20(25%3A12)%0A%0A%20%2023%20%7C%20%20%20%20%20%20%20%20%20%20%20%20%20%20%20%20%20break%3B%0A%20%2024%20%7C%20%20%20%20%20%20%20%20%20%20%20%20%20%20%20%20%20case%20''%0A%3E%2025%20%7C%20%20%20%20%20%20%20%20%20%20%20%20%20default%3A%0A%20%20%20%20%20%7C%20%20%20%20%20%20%20%20%20%20%20%20%20%5E%0A%20%2026%20%7C%20%20%20%20%20%20%20%20%20%20%20%20%20%20%20%20%20break%3B%0A%20%2027%20%7C%20%20%20%20%20%20%20%20%20%7D%0A%20%2028%20%7C%20%20%20%20%20%7D%60)%3B%0A%20%20%20%20%20%20%20%20:3:7)
    at doExec (/Applications/CocosCreator/Creator/3.7.1/CocosCreator.app/Contents/Resources/app.asar/node_modules/@editor/lib-programming/static/executor/systemjs-bridge/out/index.js:517:30)
    at postOrderExec (/Applications/CocosCreator/Creator/3.7.1/CocosCreator.app/Contents/Resources/app.asar/node_modules/@editor/lib-programming/static/executor/systemjs-bridge/out/index.js:508:21)
    at /Applications/CocosCreator/Creator/3.7.1/CocosCreator.app/Contents/Resources/app.asar/node_modules/@editor/lib-programming/static/executor/systemjs-bridge/out/index.js:440:12
    at file:///Users/zzx/Desktop/naga123/client/temp/programming/packer-driver/targets/editor/chunks/52/cce:/internal/x/prerequisite-imports:8:13
    at Object.execute (file:///Users/zzx/Desktop/naga123/client/temp/programming/packer-driver/targets/editor/chunks/52/cce:/internal/x/prerequisite-imports:4:1)
    at Executor._importPrerequisiteModules (/Applications/CocosCreator/Creator/3.7.1/CocosCreator.app/Contents/Resources/app.asar/node_modules/@editor/lib-programming/src/executor/index.ts:267:13)
    at Executor.reload (/Applications/CocosCreator/Creator/3.7.1/CocosCreator.app/Contents/Resources/app.asar/node_modules/@editor/lib-programming/src/executor/index.ts:155:9)
    at GlobalEnv.record (/Applications/CocosCreator/Creator/3.7.1/CocosCreator.app/Contents/Resources/app.asar/builtin/scene/dist/script/3d/manager/scripts.ccc:1:1876)Error: [Scene] {hidden(::SceneExecutorImportExceptionHandler::)} Error: SyntaxError: /file:/Users/zzx/Desktop/naga123/client/assets/script/login/login.ts: Unexpected token, expected ":" (25:12)

  23 |                 break;
  24 |                 case ''
> 25 |             default:
  28 |     }
    at Object.execute (file:///Users/zzx/Desktop/naga123/client/temp/programming/packer-driver/targets/editor/chunks/b0/data:text/javascript,%0A%2F%2F%20This%20module%20is%20auto-generated%20to%20report%20error%20emitted%20when%20try%20to%20load%20module%20file%3A%2F%2F%2FUsers%2Fzzx%2FDesktop%2Fnaga123%2Fclient%2Fassets%2Fscript%2Flogin%2Flogin.ts%20at%20runtime.%0Athrow%20new%20Error(%60SyntaxError%3A%20%2Ffile%3A%2FUsers%2Fzzx%2FDesktop%2Fnaga123%2Fclient%2Fassets%2Fscript%2Flogin%2Flogin.ts%3A%20Unexpected%20token%2C%20expected%20%22%3A%22%20(25%3A12)%0A%0A%20%2023%20%7C%20%20%20%20%20%20%20%20%20%20%20%20%20%20%20%20%20break%3B%0A%20%2024%20%7C%20%20%20%20%20%20%20%20%20%20%20%20%20%20%20%20%20case%20''%0A%3E%2025%20%7C%20%20%20%20%20%20%20%20%20%20%20%20%20default%3A%0A%20%20%20%20%20%7C%20%20%20%20%20%20%20%20%20%20%20%20%20%5E%0A%20%2026%20%7C%20%20%20%20%20%20%20%20%20%20%20%20%20%20%20%20%20break%3B%0A%20%2027%20%7C%20%20%20%20%20%20%20%20%20%7D%0A%20%2028%20%7C%20%20%20%20%20%7D%60)%3B%0A%20%20%20%20%20%20%20%20:3:7)
    at doExec (/Applications/CocosCreator/Creator/3.7.1/CocosCreator.app/Contents/Resources/app.asar/node_modules/@editor/lib-programming/static/executor/systemjs-bridge/out/index.js:517:30)
    at postOrderExec (/Applications/CocosCreator/Creator/3.7.1/CocosCreator.app/Contents/Resources/app.asar/node_modules/@editor/lib-programming/static/executor/systemjs-bridge/out/index.js:508:21)
    at /Applications/CocosCreator/Creator/3.7.1/CocosCreator.app/Contents/Resources/app.asar/node_modules/@editor/lib-programming/static/executor/systemjs-bridge/out/index.js:440:12
    at file:///Users/zzx/Desktop/naga123/client/temp/programming/packer-driver/targets/editor/chunks/52/cce:/internal/x/prerequisite-imports:8:13
    at Object.execute (file:///Users/zzx/Desktop/naga123/client/temp/programming/packer-driver/targets/editor/chunks/52/cce:/internal/x/prerequisite-imports:4:1)
    at Executor._importPrerequisiteModules (/Applications/CocosCreator/Creator/3.7.1/CocosCreator.app/Contents/Resources/app.asar/node_modules/@editor/lib-programming/src/executor/index.ts:267:13)
    at Executor.reload (/Applications/CocosCreator/Creator/3.7.1/CocosCreator.app/Contents/Resources/app.asar/node_modules/@editor/lib-programming/src/executor/index.ts:155:9)
    at GlobalEnv.record (/Applications/CocosCreator/Creator/3.7.1/CocosCreator.app/Contents/Resources/app.asar/builtin/scene/dist/script/3d/manager/scripts.ccc:1:1876)
    at Logger._logHandler (/Applications/CocosCreator/Creator/3.7.1/CocosCreator.app/Contents/Resources/app.asar/builtin/scene/dist/script/3d/manager/startup/log.ccc:1:318)
    at Logger.record (/Applications/CocosCreator/Creator/3.7.1/CocosCreator.app/Contents/Resources/app.asar/node_modules/@base/electron-logger/lib/renderer.ccc:1:458)
    at console.error (/Applications/CocosCreator/Creator/3.7.1/CocosCreator.app/Contents/Resources/app.asar/node_modules/@base/electron-logger/lib/renderer.ccc:1:1414)
    at ScriptManager._handleImportException (/Applications/CocosCreator/Creator/3.7.1/CocosCreator.app/Contents/Resources/app.asar/builtin/scene/dist/script/3d/manager/scripts.ccc:1:5259)
    at Executor.importExceptionHandler [as _importExceptionHandler] (/Applications/CocosCreator/Creator/3.7.1/CocosCreator.app/Contents/Resources/app.asar/builtin/scene/dist/script/3d/manager/scripts.ccc:1:3396)
    at Executor._onModuleLoaded (/Applications/CocosCreator/Creator/3.7.1/CocosCreator.app/Contents/Resources/app.asar/node_modules/@editor/lib-programming/src/executor/index.ts:316:22)
    at SystemJS.onload (/Applications/CocosCreator/Creator/3.7.1/CocosCreator.app/Contents/Resources/app.asar/node_modules/@editor/lib-programming/src/executor/index.ts:77:18)
    at triggerOnload (/Applications/CocosCreator/Creator/3.7.1/CocosCreator.app/Contents/Resources/app.asar/node_modules/@editor/lib-programming/static/executor/systemjs-bridge/out/index.js:270:10)
    at doExec (/Applications/CocosCreator/Creator/3.7.1/CocosCreator.app/Contents/Resources/app.asar/node_modules/@editor/lib-programming/static/executor/systemjs-bridge/out/index.js:538:7)
    at postOrderExec (/Applications/CocosCreator/Creator/3.7.1/CocosCreator.app/Contents/Resources/app.asar/node_modules/@editor/lib-programming/static/executor/systemjs-bridge/out/index.js:508:21)
2023-03-13T07:06:01.124Z - warn: [Scene] Missing class: 5a660/bAw1K1prTlu9jufqYError: [Scene] Missing class: 5a660/bAw1K1prTlu9jufqY
    at Object.classFinder (/Applications/CocosCreator/Creator/3.7.1/CocosCreator.app/Contents/Resources/app.asar/builtin/engine/dist/editor-extends/missing-reporter/missing-class-reporter.ccc:1:2131)
    at _Deserializer.classFinder [as _classFinder] (/Applications/CocosCreator/Creator/3.7.1/CocosCreator.app/Contents/Resources/resources/3d/engine/bin/.cache/dev/editor/bundled/index.js:126351:34)
    at _Deserializer._deserializeTypeTaggedObject (/Applications/CocosCreator/Creator/3.7.1/CocosCreator.app/Contents/Resources/resources/3d/engine/bin/.cache/dev/editor/bundled/index.js:38012:30)
    at _Deserializer._deserializeObject (/Applications/CocosCreator/Creator/3.7.1/CocosCreator.app/Contents/Resources/resources/3d/engine/bin/.cache/dev/editor/bundled/index.js:37953:29)
    at _Deserializer._deserializeAndAssignField (/Applications/CocosCreator/Creator/3.7.1/CocosCreator.app/Contents/Resources/resources/3d/engine/bin/.cache/dev/editor/bundled/index.js:38161:38)
    at _Deserializer._deserializeArray (/Applications/CocosCreator/Creator/3.7.1/CocosCreator.app/Contents/Resources/resources/3d/engine/bin/.cache/dev/editor/bundled/index.js:37987:40)
    at _Deserializer._deserializeObject (/Applications/CocosCreator/Creator/3.7.1/CocosCreator.app/Contents/Resources/resources/3d/engine/bin/.cache/dev/editor/bundled/index.js:37959:29)
2023-03-13T07:06:01.126Z - error: [Scene] Script "5a660/bAw1K1prTlu9jufqY" attached to "Canvas" is missing or invalid. Detailed information:
Node path: "Canvas"
Script UUID: "5a660fdb-030d-4ad6-9ad3-96ef63b9fa98"
Class ID: "5a660/bAw1K1prTlu9jufqY"
Error: [Scene] Script "5a660/bAw1K1prTlu9jufqY" attached to "Canvas" is missing or invalid. Detailed information:
Node path: "Canvas"
Script UUID: "5a660fdb-030d-4ad6-9ad3-96ef63b9fa98"
Class ID: "5a660/bAw1K1prTlu9jufqY"

    at report (/Applications/CocosCreator/Creator/3.7.1/CocosCreator.app/Contents/Resources/app.asar/builtin/engine/dist/editor-extends/missing-reporter/missing-class-reporter.ccc:1:1156)
    at reportByWalker (/Applications/CocosCreator/Creator/3.7.1/CocosCreator.app/Contents/Resources/app.asar/builtin/engine/dist/editor-extends/missing-reporter/missing-class-reporter.ccc:1:1252)
    at /Applications/CocosCreator/Creator/3.7.1/CocosCreator.app/Contents/Resources/app.asar/builtin/engine/dist/editor-extends/missing-reporter/missing-class-reporter.ccc:1:1893
    at ObjectWalkerBehavior.walk (/Applications/CocosCreator/Creator/3.7.1/CocosCreator.app/Contents/Resources/app.asar/builtin/engine/dist/editor-extends/missing-reporter/object-walker.ccc:1:2355)
    at ObjectWalkerBehavior.forEach (/Applications/CocosCreator/Creator/3.7.1/CocosCreator.app/Contents/Resources/app.asar/builtin/engine/dist/editor-extends/missing-reporter/object-walker.ccc:1:825)
    at ObjectWalkerBehavior.parseObject (/Applications/CocosCreator/Creator/3.7.1/CocosCreator.app/Contents/Resources/app.asar/builtin/engine/dist/editor-extends/missing-reporter/object-walker.ccc:1:306)
    at doWalkProperties (/Applications/CocosCreator/Creator/3.7.1/CocosCreator.app/Contents/Resources/app.asar/builtin/engine/dist/editor-extends/missing-reporter/object-walker.ccc:1:2148)
2023-03-13T07:08:08.970Z - error: [Preview]undefinederrorInfo.stack ? '/n undefined' : ''
2023-03-13T07:17:20.196Z - error: [Scene] {hidden(::SceneExecutorImportExceptionHandler::)} Error: SyntaxError: /file:/Users/zzx/Desktop/naga123/client/assets/script/login/login_account.ts: Unexpected token, expected ":" (25:8)

  23 |         {
  24 |             case 'b'
> 25 |         }
     |         ^
  26 |     }
  27 | }
  28 |
    at Object.execute (file:///Users/zzx/Desktop/naga123/client/temp/programming/packer-driver/targets/editor/chunks/0b/data:text/javascript,%0A%2F%2F%20This%20module%20is%20auto-generated%20to%20report%20error%20emitted%20when%20try%20to%20load%20module%20file%3A%2F%2F%2FUsers%2Fzzx%2FDesktop%2Fnaga123%2Fclient%2Fassets%2Fscript%2Flogin%2Flogin_account.ts%20at%20runtime.%0Athrow%20new%20Error(%60SyntaxError%3A%20%2Ffile%3A%2FUsers%2Fzzx%2FDesktop%2Fnaga123%2Fclient%2Fassets%2Fscript%2Flogin%2Flogin_account.ts%3A%20Unexpected%20token%2C%20expected%20%22%3A%22%20(25%3A8)%0A%0A%20%2023%20%7C%20%20%20%20%20%20%20%20%20%7B%0A%20%2024%20%7C%20%20%20%20%20%20%20%20%20%20%20%20%20case%20'b'%0A%3E%2025%20%7C%20%20%20%20%20%20%20%20%20%7D%0A%20%20%20%20%20%7C%20%20%20%20%20%20%20%20%20%5E%0A%20%2026%20%7C%20%20%20%20%20%7D%0A%20%2027%20%7C%20%7D%0A%20%2028%20%7C%60)%3B%0A%20%20%20%20%20%20%20%20:3:7)
    at doExec (/Applications/CocosCreator/Creator/3.7.1/CocosCreator.app/Contents/Resources/app.asar/node_modules/@editor/lib-programming/static/executor/systemjs-bridge/out/index.js:517:30)
    at postOrderExec (/Applications/CocosCreator/Creator/3.7.1/CocosCreator.app/Contents/Resources/app.asar/node_modules/@editor/lib-programming/static/executor/systemjs-bridge/out/index.js:508:21)
    at /Applications/CocosCreator/Creator/3.7.1/CocosCreator.app/Contents/Resources/app.asar/node_modules/@editor/lib-programming/static/executor/systemjs-bridge/out/index.js:440:12
    at file:///Users/zzx/Desktop/naga123/client/temp/programming/packer-driver/targets/editor/chunks/7c/cce:/internal/x/prerequisite-imports:8:13
    at Object.execute (file:///Users/zzx/Desktop/naga123/client/temp/programming/packer-driver/targets/editor/chunks/7c/cce:/internal/x/prerequisite-imports:4:1)
    at Executor._importPrerequisiteModules (/Applications/CocosCreator/Creator/3.7.1/CocosCreator.app/Contents/Resources/app.asar/node_modules/@editor/lib-programming/src/executor/index.ts:267:13)
    at Executor.reload (/Applications/CocosCreator/Creator/3.7.1/CocosCreator.app/Contents/Resources/app.asar/node_modules/@editor/lib-programming/src/executor/index.ts:155:9)
    at GlobalEnv.record (/Applications/CocosCreator/Creator/3.7.1/CocosCreator.app/Contents/Resources/app.asar/builtin/scene/dist/script/3d/manager/scripts.ccc:1:1876)Error: [Scene] {hidden(::SceneExecutorImportExceptionHandler::)} Error: SyntaxError: /file:/Users/zzx/Desktop/naga123/client/assets/script/login/login_account.ts: Unexpected token, expected ":" (25:8)

  23 |         {
  24 |             case 'b'
> 25 |         }
  28 |
    at Object.execute (file:///Users/zzx/Desktop/naga123/client/temp/programming/packer-driver/targets/editor/chunks/0b/data:text/javascript,%0A%2F%2F%20This%20module%20is%20auto-generated%20to%20report%20error%20emitted%20when%20try%20to%20load%20module%20file%3A%2F%2F%2FUsers%2Fzzx%2FDesktop%2Fnaga123%2Fclient%2Fassets%2Fscript%2Flogin%2Flogin_account.ts%20at%20runtime.%0Athrow%20new%20Error(%60SyntaxError%3A%20%2Ffile%3A%2FUsers%2Fzzx%2FDesktop%2Fnaga123%2Fclient%2Fassets%2Fscript%2Flogin%2Flogin_account.ts%3A%20Unexpected%20token%2C%20expected%20%22%3A%22%20(25%3A8)%0A%0A%20%2023%20%7C%20%20%20%20%20%20%20%20%20%7B%0A%20%2024%20%7C%20%20%20%20%20%20%20%20%20%20%20%20%20case%20'b'%0A%3E%2025%20%7C%20%20%20%20%20%20%20%20%20%7D%0A%20%20%20%20%20%7C%20%20%20%20%20%20%20%20%20%5E%0A%20%2026%20%7C%20%20%20%20%20%7D%0A%20%2027%20%7C%20%7D%0A%20%2028%20%7C%60)%3B%0A%20%20%20%20%20%20%20%20:3:7)
    at doExec (/Applications/CocosCreator/Creator/3.7.1/CocosCreator.app/Contents/Resources/app.asar/node_modules/@editor/lib-programming/static/executor/systemjs-bridge/out/index.js:517:30)
    at postOrderExec (/Applications/CocosCreator/Creator/3.7.1/CocosCreator.app/Contents/Resources/app.asar/node_modules/@editor/lib-programming/static/executor/systemjs-bridge/out/index.js:508:21)
    at /Applications/CocosCreator/Creator/3.7.1/CocosCreator.app/Contents/Resources/app.asar/node_modules/@editor/lib-programming/static/executor/systemjs-bridge/out/index.js:440:12
    at file:///Users/zzx/Desktop/naga123/client/temp/programming/packer-driver/targets/editor/chunks/7c/cce:/internal/x/prerequisite-imports:8:13
    at Object.execute (file:///Users/zzx/Desktop/naga123/client/temp/programming/packer-driver/targets/editor/chunks/7c/cce:/internal/x/prerequisite-imports:4:1)
    at Executor._importPrerequisiteModules (/Applications/CocosCreator/Creator/3.7.1/CocosCreator.app/Contents/Resources/app.asar/node_modules/@editor/lib-programming/src/executor/index.ts:267:13)
    at Executor.reload (/Applications/CocosCreator/Creator/3.7.1/CocosCreator.app/Contents/Resources/app.asar/node_modules/@editor/lib-programming/src/executor/index.ts:155:9)
    at GlobalEnv.record (/Applications/CocosCreator/Creator/3.7.1/CocosCreator.app/Contents/Resources/app.asar/builtin/scene/dist/script/3d/manager/scripts.ccc:1:1876)
    at Logger._logHandler (/Applications/CocosCreator/Creator/3.7.1/CocosCreator.app/Contents/Resources/app.asar/builtin/scene/dist/script/3d/manager/startup/log.ccc:1:318)
    at Logger.record (/Applications/CocosCreator/Creator/3.7.1/CocosCreator.app/Contents/Resources/app.asar/node_modules/@base/electron-logger/lib/renderer.ccc:1:458)
    at console.error (/Applications/CocosCreator/Creator/3.7.1/CocosCreator.app/Contents/Resources/app.asar/node_modules/@base/electron-logger/lib/renderer.ccc:1:1414)
    at ScriptManager._handleImportException (/Applications/CocosCreator/Creator/3.7.1/CocosCreator.app/Contents/Resources/app.asar/builtin/scene/dist/script/3d/manager/scripts.ccc:1:5259)
    at Executor.importExceptionHandler [as _importExceptionHandler] (/Applications/CocosCreator/Creator/3.7.1/CocosCreator.app/Contents/Resources/app.asar/builtin/scene/dist/script/3d/manager/scripts.ccc:1:3396)
    at Executor._onModuleLoaded (/Applications/CocosCreator/Creator/3.7.1/CocosCreator.app/Contents/Resources/app.asar/node_modules/@editor/lib-programming/src/executor/index.ts:316:22)
    at SystemJS.onload (/Applications/CocosCreator/Creator/3.7.1/CocosCreator.app/Contents/Resources/app.asar/node_modules/@editor/lib-programming/src/executor/index.ts:77:18)
    at triggerOnload (/Applications/CocosCreator/Creator/3.7.1/CocosCreator.app/Contents/Resources/app.asar/node_modules/@editor/lib-programming/static/executor/systemjs-bridge/out/index.js:270:10)
    at doExec (/Applications/CocosCreator/Creator/3.7.1/CocosCreator.app/Contents/Resources/app.asar/node_modules/@editor/lib-programming/static/executor/systemjs-bridge/out/index.js:538:7)
    at postOrderExec (/Applications/CocosCreator/Creator/3.7.1/CocosCreator.app/Contents/Resources/app.asar/node_modules/@editor/lib-programming/static/executor/systemjs-bridge/out/index.js:508:21)
2023-03-13T07:17:20.202Z - warn: [Scene] Missing class: 0c1fbh88BhNSb9xyEK7eeeiError: [Scene] Missing class: 0c1fbh88BhNSb9xyEK7eeei
    at Object.classFinder (/Applications/CocosCreator/Creator/3.7.1/CocosCreator.app/Contents/Resources/app.asar/builtin/engine/dist/editor-extends/missing-reporter/missing-class-reporter.ccc:1:2131)
    at _Deserializer.classFinder [as _classFinder] (/Applications/CocosCreator/Creator/3.7.1/CocosCreator.app/Contents/Resources/resources/3d/engine/bin/.cache/dev/editor/bundled/index.js:126351:34)
    at _Deserializer._deserializeTypeTaggedObject (/Applications/CocosCreator/Creator/3.7.1/CocosCreator.app/Contents/Resources/resources/3d/engine/bin/.cache/dev/editor/bundled/index.js:38012:30)
    at _Deserializer._deserializeObject (/Applications/CocosCreator/Creator/3.7.1/CocosCreator.app/Contents/Resources/resources/3d/engine/bin/.cache/dev/editor/bundled/index.js:37953:29)
    at _Deserializer._deserializeAndAssignField (/Applications/CocosCreator/Creator/3.7.1/CocosCreator.app/Contents/Resources/resources/3d/engine/bin/.cache/dev/editor/bundled/index.js:38161:38)
    at _Deserializer._deserializeArray (/Applications/CocosCreator/Creator/3.7.1/CocosCreator.app/Contents/Resources/resources/3d/engine/bin/.cache/dev/editor/bundled/index.js:37987:40)
    at _Deserializer._deserializeObject (/Applications/CocosCreator/Creator/3.7.1/CocosCreator.app/Contents/Resources/resources/3d/engine/bin/.cache/dev/editor/bundled/index.js:37959:29)
2023-03-13T07:17:20.206Z - error: [Scene] Script "0c1fbh88BhNSb9xyEK7eeei" attached to "login_account" is missing or invalid. Detailed information:
Node path: "should_hide_in_hierarchy/login_account"
Script UUID: "0c1fb87c-f018-4d49-bf71-c842bb79e7a2"
Class ID: "0c1fbh88BhNSb9xyEK7eeei"
Error: [Scene] Script "0c1fbh88BhNSb9xyEK7eeei" attached to "login_account" is missing or invalid. Detailed information:
Node path: "should_hide_in_hierarchy/login_account"
Script UUID: "0c1fb87c-f018-4d49-bf71-c842bb79e7a2"
Class ID: "0c1fbh88BhNSb9xyEK7eeei"

    at report (/Applications/CocosCreator/Creator/3.7.1/CocosCreator.app/Contents/Resources/app.asar/builtin/engine/dist/editor-extends/missing-reporter/missing-class-reporter.ccc:1:1156)
    at reportByWalker (/Applications/CocosCreator/Creator/3.7.1/CocosCreator.app/Contents/Resources/app.asar/builtin/engine/dist/editor-extends/missing-reporter/missing-class-reporter.ccc:1:1252)
    at /Applications/CocosCreator/Creator/3.7.1/CocosCreator.app/Contents/Resources/app.asar/builtin/engine/dist/editor-extends/missing-reporter/missing-class-reporter.ccc:1:1893
    at ObjectWalkerBehavior.walk (/Applications/CocosCreator/Creator/3.7.1/CocosCreator.app/Contents/Resources/app.asar/builtin/engine/dist/editor-extends/missing-reporter/object-walker.ccc:1:2355)
    at ObjectWalkerBehavior.forEach (/Applications/CocosCreator/Creator/3.7.1/CocosCreator.app/Contents/Resources/app.asar/builtin/engine/dist/editor-extends/missing-reporter/object-walker.ccc:1:825)
    at ObjectWalkerBehavior.parseObject (/Applications/CocosCreator/Creator/3.7.1/CocosCreator.app/Contents/Resources/app.asar/builtin/engine/dist/editor-extends/missing-reporter/object-walker.ccc:1:306)
    at doWalkProperties (/Applications/CocosCreator/Creator/3.7.1/CocosCreator.app/Contents/Resources/app.asar/builtin/engine/dist/editor-extends/missing-reporter/object-walker.ccc:1:2148)
2023-03-13T07:18:29.901Z - warn: [Scene] Missing class: 0c1fbh88BhNSb9xyEK7eeeiError: [Scene] Missing class: 0c1fbh88BhNSb9xyEK7eeei
    at Object.classFinder (/Applications/CocosCreator/Creator/3.7.1/CocosCreator.app/Contents/Resources/app.asar/builtin/engine/dist/editor-extends/missing-reporter/missing-class-reporter.ccc:1:2131)
    at _Deserializer.classFinder [as _classFinder] (/Applications/CocosCreator/Creator/3.7.1/CocosCreator.app/Contents/Resources/resources/3d/engine/bin/.cache/dev/editor/bundled/index.js:126351:34)
    at _Deserializer._deserializeTypeTaggedObject (/Applications/CocosCreator/Creator/3.7.1/CocosCreator.app/Contents/Resources/resources/3d/engine/bin/.cache/dev/editor/bundled/index.js:38012:30)
    at _Deserializer._deserializeObject (/Applications/CocosCreator/Creator/3.7.1/CocosCreator.app/Contents/Resources/resources/3d/engine/bin/.cache/dev/editor/bundled/index.js:37953:29)
    at _Deserializer._deserializeAndAssignField (/Applications/CocosCreator/Creator/3.7.1/CocosCreator.app/Contents/Resources/resources/3d/engine/bin/.cache/dev/editor/bundled/index.js:38161:38)
    at _Deserializer._deserializeArray (/Applications/CocosCreator/Creator/3.7.1/CocosCreator.app/Contents/Resources/resources/3d/engine/bin/.cache/dev/editor/bundled/index.js:37987:40)
    at _Deserializer._deserializeObject (/Applications/CocosCreator/Creator/3.7.1/CocosCreator.app/Contents/Resources/resources/3d/engine/bin/.cache/dev/editor/bundled/index.js:37959:29)
2023-03-13T07:18:29.903Z - error: [Scene] Script "0c1fbh88BhNSb9xyEK7eeei" attached to "login_account" is missing or invalid. Detailed information:
Node path: "login_account"
Script UUID: "0c1fb87c-f018-4d49-bf71-c842bb79e7a2"
Class ID: "0c1fbh88BhNSb9xyEK7eeei"
Error: [Scene] Script "0c1fbh88BhNSb9xyEK7eeei" attached to "login_account" is missing or invalid. Detailed information:
Node path: "login_account"
Script UUID: "0c1fb87c-f018-4d49-bf71-c842bb79e7a2"
Class ID: "0c1fbh88BhNSb9xyEK7eeei"

    at report (/Applications/CocosCreator/Creator/3.7.1/CocosCreator.app/Contents/Resources/app.asar/builtin/engine/dist/editor-extends/missing-reporter/missing-class-reporter.ccc:1:1156)
    at reportByWalker (/Applications/CocosCreator/Creator/3.7.1/CocosCreator.app/Contents/Resources/app.asar/builtin/engine/dist/editor-extends/missing-reporter/missing-class-reporter.ccc:1:1252)
    at /Applications/CocosCreator/Creator/3.7.1/CocosCreator.app/Contents/Resources/app.asar/builtin/engine/dist/editor-extends/missing-reporter/missing-class-reporter.ccc:1:1893
    at ObjectWalkerBehavior.walk (/Applications/CocosCreator/Creator/3.7.1/CocosCreator.app/Contents/Resources/app.asar/builtin/engine/dist/editor-extends/missing-reporter/object-walker.ccc:1:2355)
    at ObjectWalkerBehavior.forEach (/Applications/CocosCreator/Creator/3.7.1/CocosCreator.app/Contents/Resources/app.asar/builtin/engine/dist/editor-extends/missing-reporter/object-walker.ccc:1:825)
    at ObjectWalkerBehavior.parseObject (/Applications/CocosCreator/Creator/3.7.1/CocosCreator.app/Contents/Resources/app.asar/builtin/engine/dist/editor-extends/missing-reporter/object-walker.ccc:1:306)
    at doWalkProperties (/Applications/CocosCreator/Creator/3.7.1/CocosCreator.app/Contents/Resources/app.asar/builtin/engine/dist/editor-extends/missing-reporter/object-walker.ccc:1:2148)
2023-03-13T07:18:38.980Z - warn: [Scene] Reset Component failed: 0c1fbh88BhNSb9xyEK7eeei does not existError: [Scene] Reset Component failed: 0c1fbh88BhNSb9xyEK7eeei does not exist
    at CompManager.resetComponent (/Applications/CocosCreator/Creator/3.7.1/CocosCreator.app/Contents/Resources/app.asar/builtin/scene/dist/script/3d/manager/component/index.ccc:1:1669)
    at NodeManager.resetComponent (/Applications/CocosCreator/Creator/3.7.1/CocosCreator.app/Contents/Resources/app.asar/builtin/scene/dist/script/3d/manager/node/index.ccc:1:11791)
    at PrefabSceneFacade.resetComponent (/Applications/CocosCreator/Creator/3.7.1/CocosCreator.app/Contents/Resources/app.asar/builtin/scene/dist/script/3d/facade/general-scene-facade.ccc:1:11142)
    at SceneFacadeManager.resetComponent (/Applications/CocosCreator/Creator/3.7.1/CocosCreator.app/Contents/Resources/app.asar/builtin/scene/dist/script/3d/facade/scene-facade-manager.ccc:1:14673)
    at step (/Applications/CocosCreator/Creator/3.7.1/CocosCreator.app/Contents/Resources/app.asar/builtin/scene/dist/script/3d/manager/ipc/web/ipc.ccc:1:748)
    at /Applications/CocosCreator/Creator/3.7.1/CocosCreator.app/Contents/Resources/app.asar/builtin/scene/dist/script/3d/manager/ipc/web/ipc.ccc:1:1617
    at new Promise (<anonymous>)
2023-03-13T12:26:55.130Z - error: [Preview]null is not an object (evaluating 'effect.shaders')errorInfo.stack ? '/n initDefault@http://localhost:7456/scripting/engine/bin/.cache/dev/preview/bundled/index.js:137196:32
setProperties@http://localhost:7456/scripting/engine/bin/.cache/dev/preview/bundled/index.js:135790:36
onComplete@http://localhost:7456/scripting/engine/bin/.cache/dev/preview/bundled/index.js:133069:24
dispatch@http://localhost:7456/scripting/engine/bin/.cache/dev/preview/bundled/index.js:135239:32
@http://localhost:7456/scripting/engine/bin/.cache/dev/preview/bundled/index.js:134142:30
@http://localhost:7456/scripting/engine/bin/.cache/dev/preview/bundled/index.js:133008:11
cb@http://localhost:7456/scripting/engine/bin/.cache/dev/preview/bundled/index.js:135864:21
onComplete@http://localhost:7456/scripting/engine/bin/.cache/dev/preview/bundled/index.js:132993:13
dispatch@http://localhost:7456/scripting/engine/bin/.cache/dev/preview/bundled/index.js:135239:32
@http://localhost:7456/scripting/engine/bin/.cache/dev/preview/bundled/index.js:134130:28
@http://localhost:7456/scripting/engine/bin/.cache/dev/preview/bundled/index.js:133174:15
finale@http://localhost:7456/scripting/engine/bin/.cache/dev/preview/bundled/index.js:132012:27
@http://localhost:7456/scripting/engine/bin/.cache/dev/preview/bundled/index.js:135714:21
done@http://localhost:7456/scripting/engine/bin/.cache/dev/preview/bundled/index.js:131977:23
@http://localhost:7456/scripting/engine/bin/.cache/dev/preview/bundled/index.js:131578:19' : ''
2023-03-13T12:26:55.136Z - error: [Preview]null is not an object (evaluating 'effect.shaders')errorInfo.stack ? '/n initDefault@http://localhost:7456/scripting/engine/bin/.cache/dev/preview/bundled/index.js:137196:32
setProperties@http://localhost:7456/scripting/engine/bin/.cache/dev/preview/bundled/index.js:135790:36
onComplete@http://localhost:7456/scripting/engine/bin/.cache/dev/preview/bundled/index.js:133069:24
dispatch@http://localhost:7456/scripting/engine/bin/.cache/dev/preview/bundled/index.js:135239:32
@http://localhost:7456/scripting/engine/bin/.cache/dev/preview/bundled/index.js:134142:30
@http://localhost:7456/scripting/engine/bin/.cache/dev/preview/bundled/index.js:133008:11
cb@http://localhost:7456/scripting/engine/bin/.cache/dev/preview/bundled/index.js:135864:21
onComplete@http://localhost:7456/scripting/engine/bin/.cache/dev/preview/bundled/index.js:132993:13
dispatch@http://localhost:7456/scripting/engine/bin/.cache/dev/preview/bundled/index.js:135239:32
@http://localhost:7456/scripting/engine/bin/.cache/dev/preview/bundled/index.js:134130:28
@http://localhost:7456/scripting/engine/bin/.cache/dev/preview/bundled/index.js:133174:15
finale@http://localhost:7456/scripting/engine/bin/.cache/dev/preview/bundled/index.js:132012:27
@http://localhost:7456/scripting/engine/bin/.cache/dev/preview/bundled/index.js:135714:21
done@http://localhost:7456/scripting/engine/bin/.cache/dev/preview/bundled/index.js:131977:23
@http://localhost:7456/scripting/engine/bin/.cache/dev/preview/bundled/index.js:131578:19' : ''
2023-03-13T12:26:55.136Z - error: [Preview]null is not an object (evaluating 'effect.shaders')errorInfo.stack ? '/n initDefault@http://localhost:7456/scripting/engine/bin/.cache/dev/preview/bundled/index.js:137196:32
setProperties@http://localhost:7456/scripting/engine/bin/.cache/dev/preview/bundled/index.js:135790:36
onComplete@http://localhost:7456/scripting/engine/bin/.cache/dev/preview/bundled/index.js:133069:24
dispatch@http://localhost:7456/scripting/engine/bin/.cache/dev/preview/bundled/index.js:135239:32
@http://localhost:7456/scripting/engine/bin/.cache/dev/preview/bundled/index.js:134142:30
@http://localhost:7456/scripting/engine/bin/.cache/dev/preview/bundled/index.js:133008:11
cb@http://localhost:7456/scripting/engine/bin/.cache/dev/preview/bundled/index.js:135864:21
onComplete@http://localhost:7456/scripting/engine/bin/.cache/dev/preview/bundled/index.js:132993:13
dispatch@http://localhost:7456/scripting/engine/bin/.cache/dev/preview/bundled/index.js:135239:32
@http://localhost:7456/scripting/engine/bin/.cache/dev/preview/bundled/index.js:134130:28
@http://localhost:7456/scripting/engine/bin/.cache/dev/preview/bundled/index.js:133174:15
finale@http://localhost:7456/scripting/engine/bin/.cache/dev/preview/bundled/index.js:132012:27
@http://localhost:7456/scripting/engine/bin/.cache/dev/preview/bundled/index.js:135714:21
done@http://localhost:7456/scripting/engine/bin/.cache/dev/preview/bundled/index.js:131977:23
@http://localhost:7456/scripting/engine/bin/.cache/dev/preview/bundled/index.js:131578:19' : ''
2023-03-13T12:26:55.137Z - error: [Preview]null is not an object (evaluating 'effect.shaders')errorInfo.stack ? '/n initDefault@http://localhost:7456/scripting/engine/bin/.cache/dev/preview/bundled/index.js:137196:32
setProperties@http://localhost:7456/scripting/engine/bin/.cache/dev/preview/bundled/index.js:135790:36
onComplete@http://localhost:7456/scripting/engine/bin/.cache/dev/preview/bundled/index.js:133069:24
dispatch@http://localhost:7456/scripting/engine/bin/.cache/dev/preview/bundled/index.js:135239:32
@http://localhost:7456/scripting/engine/bin/.cache/dev/preview/bundled/index.js:134142:30
@http://localhost:7456/scripting/engine/bin/.cache/dev/preview/bundled/index.js:133008:11
cb@http://localhost:7456/scripting/engine/bin/.cache/dev/preview/bundled/index.js:135864:21
onComplete@http://localhost:7456/scripting/engine/bin/.cache/dev/preview/bundled/index.js:132993:13
dispatch@http://localhost:7456/scripting/engine/bin/.cache/dev/preview/bundled/index.js:135239:32
@http://localhost:7456/scripting/engine/bin/.cache/dev/preview/bundled/index.js:134130:28
@http://localhost:7456/scripting/engine/bin/.cache/dev/preview/bundled/index.js:133174:15
finale@http://localhost:7456/scripting/engine/bin/.cache/dev/preview/bundled/index.js:132012:27
@http://localhost:7456/scripting/engine/bin/.cache/dev/preview/bundled/index.js:135714:21
done@http://localhost:7456/scripting/engine/bin/.cache/dev/preview/bundled/index.js:131977:23
@http://localhost:7456/scripting/engine/bin/.cache/dev/preview/bundled/index.js:131578:19' : ''
2023-03-13T12:42:23.861Z - log: [Scene] new eventTarget =  EventTarget {}
2023-03-13T12:42:32.666Z - error: [Preview]undefinederrorInfo.stack ? '/n undefined' : ''
2023-03-13T12:42:32.667Z - error: [Preview]undefinederrorInfo.stack ? '/n undefined' : ''
2023-03-13T12:43:54.370Z - log: [Scene] new eventTarget =  EventTarget {}
2023-03-13T12:44:24.630Z - log: [Scene] new eventTarget =  EventTarget {}
2023-03-13T12:44:58.907Z - log: [Scene] new eventTarget =  EventTarget {}
2023-03-13T12:46:22.816Z - log: [Scene] new eventTarget =  EventTarget {}
2023-03-13T12:46:22.817Z - log: [Scene] new eventTarget =  EventTarget {}
2023-03-13T12:51:32.492Z - log: [Scene] new eventTarget =  EventTarget {}
2023-03-13T12:51:42.406Z - error: [Preview]globalThis.eventTarget.on is not a function. (In 'globalThis.eventTarget.on('nickname', this._sayHello, this)', 'globalThis.eventTarget.on' is undefined)errorInfo.stack ? '/n onEnable@http://localhost:7456/scripting/x/chunks/4a/4a54d6684882ad8f61080aa8543b184fda9e5140.js:64:36
@http://localhost:7456/scripting/engine/bin/.cache/dev/preview/bundled/index.js:39371:26
invoke@http://localhost:7456/scripting/engine/bin/.cache/dev/preview/bundled/index.js:39241:23
activateNode@http://localhost:7456/scripting/engine/bin/.cache/dev/preview/bundled/index.js:41255:33
_activate@http://localhost:7456/scripting/engine/bin/.cache/dev/preview/bundled/index.js:49407:56
runSceneImmediate@http://localhost:7456/scripting/engine/bin/.cache/dev/preview/bundled/index.js:9673:26
@http://localhost:7456/scripting/engine/bin/.cache/dev/preview/bundled/index.js:9752:41
@http://localhost:7456/scripting/engine/bin/.cache/dev/preview/bundled/index.js:128966:21
@http://localhost:7456/scripting/engine/bin/.cache/dev/preview/bundled/index.js:135989:11
@http://localhost:7456/scripting/engine/bin/.cache/dev/preview/bundled/index.js:171664:17' : ''
2023-03-13T12:53:27.414Z - log: [Scene] new eventTarget =  EventTarget {}
2023-03-13T12:54:30.840Z - error: [Preview]globalThis.eventTarget.on is not a function. (In 'globalThis.eventTarget.on('nickname', this._sayHello, this)', 'globalThis.eventTarget.on' is undefined)errorInfo.stack ? '/n onEnable@http://localhost:7456/scripting/x/chunks/4a/4a54d6684882ad8f61080aa8543b184fda9e5140.js:64:36
@http://localhost:7456/scripting/engine/bin/.cache/dev/preview/bundled/index.js:39371:26
invoke@http://localhost:7456/scripting/engine/bin/.cache/dev/preview/bundled/index.js:39241:23
activateNode@http://localhost:7456/scripting/engine/bin/.cache/dev/preview/bundled/index.js:41255:33
_activate@http://localhost:7456/scripting/engine/bin/.cache/dev/preview/bundled/index.js:49407:56
runSceneImmediate@http://localhost:7456/scripting/engine/bin/.cache/dev/preview/bundled/index.js:9673:26
@http://localhost:7456/scripting/engine/bin/.cache/dev/preview/bundled/index.js:9752:41
@http://localhost:7456/scripting/engine/bin/.cache/dev/preview/bundled/index.js:128966:21
@http://localhost:7456/scripting/engine/bin/.cache/dev/preview/bundled/index.js:135989:11
@http://localhost:7456/scripting/engine/bin/.cache/dev/preview/bundled/index.js:171664:17' : ''
2023-03-13T12:56:10.716Z - log: [Scene]  globalThis.eventTarget --- =  EventTarget {}
2023-03-13T12:56:10.717Z - log: [Scene] new eventTarget =  EventTarget {}
2023-03-13T12:58:24.196Z - log: [Scene]  globalThis.eventTarget --- =  Eventified { _callbackTable: [Object: null prototype] {} }
2023-03-13T12:58:24.197Z - log: [Scene] new eventTarget =  EventTarget {}
2023-03-13T12:58:37.406Z - error: [Preview]globalThis.eventTarget.on is not a function. (In 'globalThis.eventTarget.on('nickname', this._sayHello, this)', 'globalThis.eventTarget.on' is undefined)errorInfo.stack ? '/n onEnable@http://localhost:7456/scripting/x/chunks/c0/c0ce61b3d6547086352a4cff2a43d5a4b2b291be.js:66:36
@http://localhost:7456/scripting/engine/bin/.cache/dev/preview/bundled/index.js:39371:26
invoke@http://localhost:7456/scripting/engine/bin/.cache/dev/preview/bundled/index.js:39241:23
activateNode@http://localhost:7456/scripting/engine/bin/.cache/dev/preview/bundled/index.js:41255:33
_activate@http://localhost:7456/scripting/engine/bin/.cache/dev/preview/bundled/index.js:49407:56
runSceneImmediate@http://localhost:7456/scripting/engine/bin/.cache/dev/preview/bundled/index.js:9673:26
@http://localhost:7456/scripting/engine/bin/.cache/dev/preview/bundled/index.js:9752:41
@http://localhost:7456/scripting/engine/bin/.cache/dev/preview/bundled/index.js:128966:21
@http://localhost:7456/scripting/engine/bin/.cache/dev/preview/bundled/index.js:135989:11
@http://localhost:7456/scripting/engine/bin/.cache/dev/preview/bundled/index.js:171664:17' : ''
2023-03-13T13:02:27.727Z - error: [Preview]undefinederrorInfo.stack ? '/n undefined' : ''
2023-03-13T13:02:27.734Z - error: [Preview]undefinederrorInfo.stack ? '/n undefined' : ''
2023-03-13T13:02:27.735Z - error: [Preview]undefinederrorInfo.stack ? '/n undefined' : ''
2023-03-13T13:02:27.735Z - error: [Preview]undefinederrorInfo.stack ? '/n undefined' : ''
2023-03-13T13:02:27.736Z - error: [Preview]undefinederrorInfo.stack ? '/n undefined' : ''
2023-03-13T13:02:27.737Z - error: [Preview]undefinederrorInfo.stack ? '/n undefined' : ''
2023-03-13T13:02:27.738Z - error: [Preview]undefinederrorInfo.stack ? '/n undefined' : ''
2023-03-13T13:02:27.738Z - error: [Preview]Error: Error loading http://localhost:7456/scripting/x/chunks/dd/dd2a07d375a5f9a712ded33e9fb4c4f9feb3d690.js from http://localhost:7456/scripting/x/chunks/7c/7cbb3ed998b1973f492af7954527f9c68c4a8e96.js (SystemJS Error#3 https://git.io/JvFET#3)errorInfo.stack ? '/n ' : ''
2023-03-13T13:02:27.739Z - error: [Preview]Error: Error loading http://localhost:7456/scripting/x/chunks/43/439811d7cde1177cf2f89577b487e19cf72c9572.js from http://localhost:7456/scripting/x/chunks/7c/7cbb3ed998b1973f492af7954527f9c68c4a8e96.js (SystemJS Error#3 https://git.io/JvFET#3)errorInfo.stack ? '/n ' : ''
2023-03-13T13:02:27.739Z - error: [Preview]Error: Error loading http://localhost:7456/scripting/x/chunks/06/062446a5d1dec8b55dd527e1555c307324bfb971.js from http://localhost:7456/scripting/x/chunks/7c/7cbb3ed998b1973f492af7954527f9c68c4a8e96.js (SystemJS Error#3 https://git.io/JvFET#3)errorInfo.stack ? '/n ' : ''
2023-03-13T13:02:27.740Z - error: [Preview]Error: Error loading http://localhost:7456/scripting/x/chunks/c0/c0ce61b3d6547086352a4cff2a43d5a4b2b291be.js from http://localhost:7456/scripting/x/chunks/7c/7cbb3ed998b1973f492af7954527f9c68c4a8e96.js (SystemJS Error#3 https://git.io/JvFET#3)errorInfo.stack ? '/n ' : ''
2023-03-13T13:02:27.740Z - error: [Preview]Error: Error loading http://localhost:7456/scripting/x/chunks/b8/b8ee035b16a26c1e1bb004162a702f9f6a154ec3.js from http://localhost:7456/scripting/x/chunks/7c/7cbb3ed998b1973f492af7954527f9c68c4a8e96.js (SystemJS Error#3 https://git.io/JvFET#3)errorInfo.stack ? '/n ' : ''
2023-03-13T13:02:27.741Z - error: [Preview]Error: Error loading http://localhost:7456/scripting/x/chunks/b8/b89c07caac534017886e1942a2b135b1725b3415.js from http://localhost:7456/scripting/x/chunks/7c/7cbb3ed998b1973f492af7954527f9c68c4a8e96.js (SystemJS Error#3 https://git.io/JvFET#3)errorInfo.stack ? '/n ' : ''
2023-03-13T13:02:27.741Z - error: [Preview]Error: Error loading http://localhost:7456/scripting/x/chunks/f8/f8830b80a5cf922ce1082f0f74f94a29f7269fb2.js from http://localhost:7456/scripting/x/chunks/7c/7cbb3ed998b1973f492af7954527f9c68c4a8e96.js (SystemJS Error#3 https://git.io/JvFET#3)errorInfo.stack ? '/n ' : ''
2023-03-13T13:02:33.708Z - error: [Preview]globalThis.eventTarget.on is not a function. (In 'globalThis.eventTarget.on('nickname', this._sayHello, this)', 'globalThis.eventTarget.on' is undefined)errorInfo.stack ? '/n onEnable@http://localhost:7456/scripting/x/chunks/c0/c0ce61b3d6547086352a4cff2a43d5a4b2b291be.js:66:36
@http://localhost:7456/scripting/engine/bin/.cache/dev/preview/bundled/index.js:39371:26
invoke@http://localhost:7456/scripting/engine/bin/.cache/dev/preview/bundled/index.js:39241:23
activateNode@http://localhost:7456/scripting/engine/bin/.cache/dev/preview/bundled/index.js:41255:33
_activate@http://localhost:7456/scripting/engine/bin/.cache/dev/preview/bundled/index.js:49407:56
runSceneImmediate@http://localhost:7456/scripting/engine/bin/.cache/dev/preview/bundled/index.js:9673:26
@http://localhost:7456/scripting/engine/bin/.cache/dev/preview/bundled/index.js:9752:41
@http://localhost:7456/scripting/engine/bin/.cache/dev/preview/bundled/index.js:128966:21
@http://localhost:7456/scripting/engine/bin/.cache/dev/preview/bundled/index.js:135989:11
@http://localhost:7456/scripting/engine/bin/.cache/dev/preview/bundled/index.js:171664:17' : ''
2023-03-13T13:04:33.856Z - error: [Scene] Widget target must be one of the parent nodes of itError: [Scene] Widget target must be one of the parent nodes of it
    at error (/Applications/CocosCreator/Creator/3.7.1/CocosCreator.app/Contents/Resources/resources/3d/engine/bin/.cache/dev/editor/bundled/index.js:160044:12)
    at errorID (/Applications/CocosCreator/Creator/3.7.1/CocosCreator.app/Contents/Resources/resources/3d/engine/bin/.cache/dev/editor/bundled/index.js:160249:5)
    at Widget._validateTargetInDEV (/Applications/CocosCreator/Creator/3.7.1/CocosCreator.app/Contents/Resources/resources/3d/engine/bin/.cache/dev/editor/bundled/index.js:91075:15)
    at Widget.set target [as target] (/Applications/CocosCreator/Creator/3.7.1/CocosCreator.app/Contents/Resources/resources/3d/engine/bin/.cache/dev/editor/bundled/index.js:90513:16)
    at NodeDump.decode (/Applications/CocosCreator/Creator/3.7.1/CocosCreator.app/Contents/Resources/app.asar/builtin/scene/dist/script/utils/dump/types/node-dump.ccc:1:367)
    at _decodeByType (/Applications/CocosCreator/Creator/3.7.1/CocosCreator.app/Contents/Resources/app.asar/builtin/scene/dist/script/utils/dump/decode.ccc:1:4319)
    at Object.decodePatch (/Applications/CocosCreator/Creator/3.7.1/CocosCreator.app/Contents/Resources/app.asar/builtin/scene/dist/script/utils/dump/decode.ccc:1:5691)
2023-03-13T13:05:24.582Z - error: [Preview]globalThis.eventTarget.on is not a function. (In 'globalThis.eventTarget.on('nickname', this._sayHello, this)', 'globalThis.eventTarget.on' is undefined)errorInfo.stack ? '/n onEnable@http://localhost:7456/scripting/x/chunks/c0/c0ce61b3d6547086352a4cff2a43d5a4b2b291be.js:66:36
@http://localhost:7456/scripting/engine/bin/.cache/dev/preview/bundled/index.js:39371:26
invoke@http://localhost:7456/scripting/engine/bin/.cache/dev/preview/bundled/index.js:39241:23
activateNode@http://localhost:7456/scripting/engine/bin/.cache/dev/preview/bundled/index.js:41255:33
_activate@http://localhost:7456/scripting/engine/bin/.cache/dev/preview/bundled/index.js:49407:56
runSceneImmediate@http://localhost:7456/scripting/engine/bin/.cache/dev/preview/bundled/index.js:9673:26
@http://localhost:7456/scripting/engine/bin/.cache/dev/preview/bundled/index.js:9752:41
@http://localhost:7456/scripting/engine/bin/.cache/dev/preview/bundled/index.js:128966:21
@http://localhost:7456/scripting/engine/bin/.cache/dev/preview/bundled/index.js:135989:11
@http://localhost:7456/scripting/engine/bin/.cache/dev/preview/bundled/index.js:171664:17' : ''
2023-03-13T13:07:23.404Z - log: [Scene] new eventTarget =  EventTarget {}
