2023-3-22 13:45:34-debug: asset-db:worker-init (1336ms)
2023-3-22 13:45:34-debug: Preimport db internal success
2023-3-22 13:45:34-debug: %cImport%c: /Users/zzx/Desktop/naga123/client/assets/scenebackground: #aaff85; color: #000;color: #000;
2023-3-22 13:45:34-debug: %cImport%c: /Users/zzx/Desktop/naga123/client/assets/resources/imagebackground: #aaff85; color: #000;color: #000;
2023-3-22 13:45:34-debug: %cImport%c: /Users/zzx/Desktop/naga123/client/assets/script/commonbackground: #aaff85; color: #000;color: #000;
2023-3-22 13:45:34-debug: %cImport%c: /Users/zzx/Desktop/naga123/client/assets/script/common/loading.tsbackground: #aaff85; color: #000;color: #000;
2023-3-22 13:45:34-debug: Preimport db assets success
2023-3-22 13:45:34-debug: asset-db:worker-effect-data-processing (122ms)
2023-3-22 13:45:39-debug: Set detail map pack:///resolution-detail-map.json: {}
2023-3-22 13:45:39-debug: asset-db:worker-init-script (4ms)
2023-3-22 13:45:39-debug: Start up the 'internal' database...
2023-3-22 13:45:39-debug: Start up the 'assets' database...
2023-3-22 13:45:39-debug: %cImport%c: /Users/zzx/Desktop/naga123/client/assets/scene/hallScene.scenebackground: #aaff85; color: #000;color: #000;
2023-3-22 13:45:39-debug: Asset DB is ready!
2023-3-22 13:45:39-debug: init worker message success
2023-3-22 13:45:41-debug: programming:execute-script (1ms)
2023-3-22 13:45:41-debug: builder:worker-init (1863ms)
2023-3-22 13:45:43-debug: programming:execute-script (4ms)
2023-3-22 13:45:53-debug: Query all assets info in project
2023-3-22 13:45:53-debug: init custom config: keepNodeUuid: false, useCache: true
2023-3-22 13:45:53-debug:   Number of all scenes: 2
2023-3-22 13:45:53-debug: // ---- build task 查询 Asset Bundle ----
2023-3-22 13:45:53-debug: Process: heapTotal 249.16MB heapUsed 224.70MB rss 676.39MB
2023-3-22 13:45:53-debug: 查询 Asset Bundle start0%
2023-3-22 13:45:53-debug:   Number of all scripts: 8
2023-3-22 13:45:53-debug:   Number of other assets: 386
2023-3-22 13:45:53-debug: // ---- build task 查询 Asset Bundle ---- (7ms)
2023-3-22 13:45:53-debug: Process: heapTotal 249.16MB heapUsed 226.31MB rss 676.39MB
2023-3-22 13:45:53-debug: 查询使用的资源以及资源包配置 start3%
2023-3-22 13:45:53-debug: // ---- build task 查询使用的资源以及资源包配置 ----
2023-3-22 13:45:53-debug: run build task 查询 Asset Bundle success in 7 ms √3%
2023-3-22 13:45:53-debug: Query preload assets from cc.config.json: 60f7195c-ec2a-45eb-ba94-8955f60e81d0,1c02ae6f-4492-4915-b8f8-7492a3b1e4cd,810e96e4-e456-4468-9b59-f4e8f39732c0,efe8e2a3-eace-427b-b4f1-cb8a937ec77d,e9aa9a3e-5b2b-4ac7-a2c7-073de2b2b24f,8bbdbcdd-5cd4-4100-b6d5-b7c9625b6107,50f4348b-c883-4e2f-8f11-ce233b859fa1,fda095cb-831d-4601-ad94-846013963de8,f92806d7-1768-443f-afe8-12bcde84d0f0,dd3a144d-ab7f-41f0-82b8-2e43a090d496,f0416e68-0200-4b77-a926-4f9d16e494da,1baf0fc9-befa-459c-8bdd-af1a450a0319,511d2633-09a7-4bdd-ac42-f778032124b3,5d45aa00-e064-4938-b314-4265f0c2258c,28d6d6b8-3f66-4a73-9795-17a0852ba2d4,ec8106fe-05bf-4e94-943c-e0d3b7bb5e45,620b6bf3-0369-4560-837f-2a2c00b73c26,2df0a40b-26c2-47ce-be0d-4d3cd4164737,ff9be190-20a4-4e48-b68c-76e3c7cff085,970b0598-bcb0-4714-91fb-2e81440dccd8,bcd64cc6-2dd9-43f6-abbe-66318d332032,d930590d-bb92-4cc8-8bd1-23cd027f9edf,a3cd009f-0ab0-420d-9278-b9fdab939bbc,9361fd90-ba52-4f84-aa93-6e878fd576ca,c27215d8-6835-4b68-bfbb-bdeac6100c04,b5d6115f-0370-4d7c-aad3-c194cc71cf98,d1346436-ac96-4271-b863-1f4fdead95b0,971bdb23-3ff6-43eb-b422-1c30165a3663,17debcc3-0a6b-4b8a-b00b-dc58b885581e,711ebe11-f673-4cd9-9a83-63c60ba54c5b,c0143906-9aed-447e-9436-2ae8512d1b6e,14da1725-c4c2-42b4-ab08-ee0aeb6898b3,081cab31-dccd-428e-8652-f2404cc81c47,78e0584a-4343-4727-8f37-e14e65c2a2db,ba21476f-2866-4f81-9c4d-6e359316e448,871c3b6c-7379-419d-bda3-794b239ab90d,1d08ef62-a503-4ce2-8b9a-46c90873f7d3
2023-3-22 13:45:53-debug: Number of scenes: 2
2023-3-22 13:45:53-debug: // ---- build task 查询使用的资源以及资源包配置 ---- (10ms)
2023-3-22 13:45:53-debug: 整理脚本分组与脚本数据 start7%
2023-3-22 13:45:53-debug: Process: heapTotal 234.16MB heapUsed 220.95MB rss 676.40MB
2023-3-22 13:45:53-debug: // ---- build task 整理脚本分组与脚本数据 ----
2023-3-22 13:45:53-debug: sort script group...
2023-3-22 13:45:53-debug: run build task 查询使用的资源以及资源包配置 success in 10 ms √7%
2023-3-22 13:45:53-debug: // ---- build task 整理脚本分组与脚本数据 ---- (1ms)
2023-3-22 13:45:53-debug: Process: heapTotal 234.16MB heapUsed 220.99MB rss 676.41MB
2023-3-22 13:45:53-debug: 初始化 settings.json 与 config.json start10%
2023-3-22 13:45:53-debug: // ---- build task 初始化 settings.json 与 config.json ----
2023-3-22 13:45:53-debug: run build task 整理脚本分组与脚本数据 success in 1 ms √10%
2023-3-22 13:45:53-debug: // ---- build task 初始化 settings.json 与 config.json ---- (1ms)
2023-3-22 13:45:53-debug: run build task 初始化 settings.json 与 config.json success in 1 ms √11%
2023-3-22 13:45:53-debug: Process: heapTotal 234.16MB heapUsed 221.02MB rss 676.41MB
2023-3-22 13:45:53-debug: builder.tasks.settings.macro start11%
2023-3-22 13:45:53-debug: // ---- build task builder.tasks.settings.macro ----
2023-3-22 13:45:53-debug: builder.tasks.settings.macro 字段未在编辑器多语言内定义
2023-3-22 13:45:53-debug: // ---- build task builder.tasks.settings.macro ---- (2ms)
2023-3-22 13:45:53-debug: Process: heapTotal 234.16MB heapUsed 221.05MB rss 676.41MB
2023-3-22 13:45:53-debug: 整理部分构建选项内数据到 settings.json start11%
2023-3-22 13:45:53-debug: // ---- build task 整理部分构建选项内数据到 settings.json ----
2023-3-22 13:45:53-debug: run build task builder.tasks.settings.macro success in 2 ms √11%
2023-3-22 13:45:53-debug: // ---- build task 整理部分构建选项内数据到 settings.json ---- (524ms)
2023-3-22 13:45:53-debug: run build task 整理部分构建选项内数据到 settings.json success in 524 ms √12%
2023-3-22 13:45:53-debug: custom joint texture layouts start12%
2023-3-22 13:45:53-debug: // ---- build task custom joint texture layouts ----
2023-3-22 13:45:53-debug: Process: heapTotal 234.16MB heapUsed 221.11MB rss 676.41MB
2023-3-22 13:45:53-debug: // ---- build task custom joint texture layouts ---- (1ms)
2023-3-22 13:45:53-debug: custom joint physics start12%
2023-3-22 13:45:53-debug: // ---- build task custom joint physics ----
2023-3-22 13:45:53-debug: run build task custom joint texture layouts success in 1 ms √12%
2023-3-22 13:45:53-debug: Process: heapTotal 234.16MB heapUsed 221.13MB rss 676.42MB
2023-3-22 13:45:53-debug: // ---- build task custom joint physics ---- (1ms)
2023-3-22 13:45:53-debug: // ---- build task 填充脚本数据到 settings.json ----
2023-3-22 13:45:53-debug: 填充脚本数据到 settings.json start13%
2023-3-22 13:45:53-debug: run build task custom joint physics success in 1 ms √13%
2023-3-22 13:45:53-debug: Process: heapTotal 234.16MB heapUsed 221.16MB rss 676.42MB
2023-3-22 13:45:53-debug: // ---- build task 填充脚本数据到 settings.json ---- (1ms)
2023-3-22 13:45:53-debug: // ---- build task 填充场景数据到 settings.json ----
2023-3-22 13:45:53-debug: 填充场景数据到 settings.json start13%
2023-3-22 13:45:53-debug: Process: heapTotal 234.16MB heapUsed 221.18MB rss 676.43MB
2023-3-22 13:45:53-debug: run build task 填充脚本数据到 settings.json success in 1 ms √13%
2023-3-22 13:45:53-debug: run build task 填充场景数据到 settings.json success in 0 ms √14%
2023-3-22 13:45:53-debug: Process: heapTotal 234.16MB heapUsed 221.20MB rss 676.43MB
2023-3-22 13:45:53-debug: // ---- build task 整理资源分组，生成 packedAssets 以及 rawAssets 数据 ----
2023-3-22 13:45:53-debug: 整理资源分组，生成 packedAssets 以及 rawAssets 数据 start14%
2023-3-22 13:45:53-debug: // ---- build task 整理资源分组，生成 packedAssets 以及 rawAssets 数据 ---- (3ms)
2023-3-22 13:45:53-debug: run build task 整理资源分组，生成 packedAssets 以及 rawAssets 数据 success in 3 ms √14%
2023-3-22 13:45:53-debug: options.md5Cache is false.
2023-3-22 13:45:53-debug: // ---- build task 从 suffixMap 生成 md5AssetsMap 到 settings.json ----
2023-3-22 13:45:53-debug: Process: heapTotal 234.16MB heapUsed 221.03MB rss 676.44MB
2023-3-22 13:45:53-debug: 从 suffixMap 生成 md5AssetsMap 到 settings.json start14%
2023-3-22 13:45:53-debug: run build task 从 suffixMap 生成 md5AssetsMap 到 settings.json success in 0 ms √15%
2023-3-22 13:46:01-debug: refresh db internal success
2023-3-22 13:46:01-debug: asset-db:worker-effect-data-processing (115ms)
2023-3-22 13:46:01-debug: refresh db assets success
2023-3-22 13:46:01-debug: asset-db:refresh-all-database (167ms)
2023-3-22 13:46:06-debug: Query all assets info in project
2023-3-22 13:46:06-debug: init custom config: keepNodeUuid: false, useCache: true
2023-3-22 13:46:06-debug:   Number of other assets: 386
2023-3-22 13:46:06-debug: // ---- build task 查询 Asset Bundle ----
2023-3-22 13:46:06-debug: Process: heapTotal 216.91MB heapUsed 198.20MB rss 684.04MB
2023-3-22 13:46:06-debug:   Number of all scenes: 2
2023-3-22 13:46:06-debug:   Number of all scripts: 8
2023-3-22 13:46:06-debug: 查询 Asset Bundle start0%
2023-3-22 13:46:06-debug: // ---- build task 查询 Asset Bundle ---- (10ms)
2023-3-22 13:46:06-debug: 查询使用的资源以及资源包配置 start3%
2023-3-22 13:46:06-debug: // ---- build task 查询使用的资源以及资源包配置 ----
2023-3-22 13:46:06-debug: run build task 查询 Asset Bundle success in 10 ms √3%
2023-3-22 13:46:06-debug: Process: heapTotal 216.91MB heapUsed 198.11MB rss 684.10MB
2023-3-22 13:46:06-debug: Query preload assets from cc.config.json: 60f7195c-ec2a-45eb-ba94-8955f60e81d0,1c02ae6f-4492-4915-b8f8-7492a3b1e4cd,810e96e4-e456-4468-9b59-f4e8f39732c0,efe8e2a3-eace-427b-b4f1-cb8a937ec77d,e9aa9a3e-5b2b-4ac7-a2c7-073de2b2b24f,8bbdbcdd-5cd4-4100-b6d5-b7c9625b6107,50f4348b-c883-4e2f-8f11-ce233b859fa1,fda095cb-831d-4601-ad94-846013963de8,f92806d7-1768-443f-afe8-12bcde84d0f0,dd3a144d-ab7f-41f0-82b8-2e43a090d496,f0416e68-0200-4b77-a926-4f9d16e494da,1baf0fc9-befa-459c-8bdd-af1a450a0319,511d2633-09a7-4bdd-ac42-f778032124b3,5d45aa00-e064-4938-b314-4265f0c2258c,28d6d6b8-3f66-4a73-9795-17a0852ba2d4,ec8106fe-05bf-4e94-943c-e0d3b7bb5e45,620b6bf3-0369-4560-837f-2a2c00b73c26,2df0a40b-26c2-47ce-be0d-4d3cd4164737,ff9be190-20a4-4e48-b68c-76e3c7cff085,970b0598-bcb0-4714-91fb-2e81440dccd8,bcd64cc6-2dd9-43f6-abbe-66318d332032,d930590d-bb92-4cc8-8bd1-23cd027f9edf,a3cd009f-0ab0-420d-9278-b9fdab939bbc,9361fd90-ba52-4f84-aa93-6e878fd576ca,c27215d8-6835-4b68-bfbb-bdeac6100c04,b5d6115f-0370-4d7c-aad3-c194cc71cf98,d1346436-ac96-4271-b863-1f4fdead95b0,971bdb23-3ff6-43eb-b422-1c30165a3663,17debcc3-0a6b-4b8a-b00b-dc58b885581e,711ebe11-f673-4cd9-9a83-63c60ba54c5b,c0143906-9aed-447e-9436-2ae8512d1b6e,14da1725-c4c2-42b4-ab08-ee0aeb6898b3,081cab31-dccd-428e-8652-f2404cc81c47,78e0584a-4343-4727-8f37-e14e65c2a2db,ba21476f-2866-4f81-9c4d-6e359316e448,871c3b6c-7379-419d-bda3-794b239ab90d,1d08ef62-a503-4ce2-8b9a-46c90873f7d3
2023-3-22 13:46:06-debug: Number of scenes: 2
2023-3-22 13:46:06-debug: // ---- build task 查询使用的资源以及资源包配置 ---- (8ms)
2023-3-22 13:46:06-debug: // ---- build task 整理脚本分组与脚本数据 ----
2023-3-22 13:46:06-debug: sort script group...
2023-3-22 13:46:06-debug: 整理脚本分组与脚本数据 start7%
2023-3-22 13:46:06-debug: run build task 查询使用的资源以及资源包配置 success in 8 ms √7%
2023-3-22 13:46:06-debug: Process: heapTotal 216.91MB heapUsed 197.96MB rss 684.10MB
2023-3-22 13:46:06-debug: // ---- build task 整理脚本分组与脚本数据 ---- (1ms)
2023-3-22 13:46:06-debug: 初始化 settings.json 与 config.json start10%
2023-3-22 13:46:06-debug: // ---- build task 初始化 settings.json 与 config.json ----
2023-3-22 13:46:06-debug: Process: heapTotal 216.91MB heapUsed 198.00MB rss 684.11MB
2023-3-22 13:46:06-debug: run build task 整理脚本分组与脚本数据 success in 1 ms √10%
2023-3-22 13:46:06-debug: // ---- build task 初始化 settings.json 与 config.json ---- (1ms)
2023-3-22 13:46:06-debug: // ---- build task builder.tasks.settings.macro ----
2023-3-22 13:46:06-debug: builder.tasks.settings.macro 字段未在编辑器多语言内定义
2023-3-22 13:46:06-debug: builder.tasks.settings.macro start11%
2023-3-22 13:46:06-debug: run build task 初始化 settings.json 与 config.json success in 1 ms √11%
2023-3-22 13:46:06-debug: Process: heapTotal 216.91MB heapUsed 198.04MB rss 684.12MB
2023-3-22 13:46:06-debug: // ---- build task builder.tasks.settings.macro ---- (1ms)
2023-3-22 13:46:06-debug: // ---- build task 整理部分构建选项内数据到 settings.json ----
2023-3-22 13:46:06-debug: 整理部分构建选项内数据到 settings.json start11%
2023-3-22 13:46:06-debug: run build task builder.tasks.settings.macro success in 1 ms √11%
2023-3-22 13:46:06-debug: Process: heapTotal 216.91MB heapUsed 198.06MB rss 684.12MB
2023-3-22 13:46:06-debug: // ---- build task 整理部分构建选项内数据到 settings.json ---- (357ms)
2023-3-22 13:46:06-debug: Process: heapTotal 216.91MB heapUsed 198.32MB rss 684.14MB
2023-3-22 13:46:06-debug: run build task 整理部分构建选项内数据到 settings.json success in 357 ms √12%
2023-3-22 13:46:06-debug: custom joint texture layouts start12%
2023-3-22 13:46:06-debug: // ---- build task custom joint texture layouts ----
2023-3-22 13:46:06-debug: // ---- build task custom joint texture layouts ---- (1ms)
2023-3-22 13:46:06-debug: Process: heapTotal 216.91MB heapUsed 198.34MB rss 684.14MB
2023-3-22 13:46:06-debug: run build task custom joint texture layouts success in 1 ms √12%
2023-3-22 13:46:06-debug: // ---- build task custom joint physics ----
2023-3-22 13:46:06-debug: custom joint physics start12%
2023-3-22 13:46:06-debug: run build task custom joint physics success in 0 ms √13%
2023-3-22 13:46:06-debug: Process: heapTotal 216.91MB heapUsed 198.36MB rss 684.14MB
2023-3-22 13:46:06-debug: // ---- build task 填充脚本数据到 settings.json ----
2023-3-22 13:46:06-debug: 填充脚本数据到 settings.json start13%
2023-3-22 13:46:06-debug: run build task 填充脚本数据到 settings.json success in 0 ms √13%
2023-3-22 13:46:06-debug: // ---- build task 填充场景数据到 settings.json ----
2023-3-22 13:46:06-debug: Process: heapTotal 216.91MB heapUsed 198.38MB rss 684.14MB
2023-3-22 13:46:06-debug: 填充场景数据到 settings.json start13%
2023-3-22 13:46:06-debug: run build task 填充场景数据到 settings.json success in 0 ms √14%
2023-3-22 13:46:06-debug: // ---- build task 整理资源分组，生成 packedAssets 以及 rawAssets 数据 ----
2023-3-22 13:46:06-debug: 整理资源分组，生成 packedAssets 以及 rawAssets 数据 start14%
2023-3-22 13:46:06-debug: Process: heapTotal 216.91MB heapUsed 198.40MB rss 684.15MB
2023-3-22 13:46:06-debug: // ---- build task 整理资源分组，生成 packedAssets 以及 rawAssets 数据 ---- (2ms)
2023-3-22 13:46:06-debug: run build task 整理资源分组，生成 packedAssets 以及 rawAssets 数据 success in 2 ms √14%
2023-3-22 13:46:06-debug: Process: heapTotal 216.91MB heapUsed 198.93MB rss 684.15MB
2023-3-22 13:46:06-debug: // ---- build task 从 suffixMap 生成 md5AssetsMap 到 settings.json ----
2023-3-22 13:46:06-debug: options.md5Cache is false.
2023-3-22 13:46:06-debug: 从 suffixMap 生成 md5AssetsMap 到 settings.json start14%
2023-3-22 13:46:06-debug: run build task 从 suffixMap 生成 md5AssetsMap 到 settings.json success in 0 ms √15%
2023-3-22 14:35:16-debug: refresh db internal success
2023-3-22 14:35:16-debug: asset-db:worker-effect-data-processing (147ms)
2023-3-22 14:35:16-debug: refresh db assets success
2023-3-22 14:35:16-debug: asset-db:refresh-all-database (223ms)
2023-3-22 14:35:25-debug: refresh db internal success
2023-3-22 14:35:25-debug: asset-db:worker-effect-data-processing (123ms)
2023-3-22 14:35:25-debug: refresh db assets success
2023-3-22 14:35:25-debug: asset-db:refresh-all-database (175ms)
2023-3-22 14:35:31-debug: Query all assets info in project
2023-3-22 14:35:31-debug: init custom config: keepNodeUuid: false, useCache: true
2023-3-22 14:35:31-debug: 查询 Asset Bundle start0%
2023-3-22 14:35:31-debug: // ---- build task 查询 Asset Bundle ----
2023-3-22 14:35:31-debug:   Number of all scripts: 8
2023-3-22 14:35:31-debug:   Number of all scenes: 2
2023-3-22 14:35:31-debug: Process: heapTotal 215.38MB heapUsed 197.32MB rss 414.64MB
2023-3-22 14:35:31-debug:   Number of other assets: 386
2023-3-22 14:35:31-debug: // ---- build task 查询 Asset Bundle ---- (8ms)
2023-3-22 14:35:31-debug: run build task 查询 Asset Bundle success in 8 ms √3%
2023-3-22 14:35:31-debug: 查询使用的资源以及资源包配置 start3%
2023-3-22 14:35:31-debug: // ---- build task 查询使用的资源以及资源包配置 ----
2023-3-22 14:35:31-debug: Process: heapTotal 215.38MB heapUsed 197.37MB rss 415.09MB
2023-3-22 14:35:31-debug: Query preload assets from cc.config.json: 60f7195c-ec2a-45eb-ba94-8955f60e81d0,1c02ae6f-4492-4915-b8f8-7492a3b1e4cd,810e96e4-e456-4468-9b59-f4e8f39732c0,efe8e2a3-eace-427b-b4f1-cb8a937ec77d,e9aa9a3e-5b2b-4ac7-a2c7-073de2b2b24f,8bbdbcdd-5cd4-4100-b6d5-b7c9625b6107,50f4348b-c883-4e2f-8f11-ce233b859fa1,fda095cb-831d-4601-ad94-846013963de8,f92806d7-1768-443f-afe8-12bcde84d0f0,dd3a144d-ab7f-41f0-82b8-2e43a090d496,f0416e68-0200-4b77-a926-4f9d16e494da,1baf0fc9-befa-459c-8bdd-af1a450a0319,511d2633-09a7-4bdd-ac42-f778032124b3,5d45aa00-e064-4938-b314-4265f0c2258c,28d6d6b8-3f66-4a73-9795-17a0852ba2d4,ec8106fe-05bf-4e94-943c-e0d3b7bb5e45,620b6bf3-0369-4560-837f-2a2c00b73c26,2df0a40b-26c2-47ce-be0d-4d3cd4164737,ff9be190-20a4-4e48-b68c-76e3c7cff085,970b0598-bcb0-4714-91fb-2e81440dccd8,bcd64cc6-2dd9-43f6-abbe-66318d332032,d930590d-bb92-4cc8-8bd1-23cd027f9edf,a3cd009f-0ab0-420d-9278-b9fdab939bbc,9361fd90-ba52-4f84-aa93-6e878fd576ca,c27215d8-6835-4b68-bfbb-bdeac6100c04,b5d6115f-0370-4d7c-aad3-c194cc71cf98,d1346436-ac96-4271-b863-1f4fdead95b0,971bdb23-3ff6-43eb-b422-1c30165a3663,17debcc3-0a6b-4b8a-b00b-dc58b885581e,711ebe11-f673-4cd9-9a83-63c60ba54c5b,c0143906-9aed-447e-9436-2ae8512d1b6e,14da1725-c4c2-42b4-ab08-ee0aeb6898b3,081cab31-dccd-428e-8652-f2404cc81c47,78e0584a-4343-4727-8f37-e14e65c2a2db,ba21476f-2866-4f81-9c4d-6e359316e448,871c3b6c-7379-419d-bda3-794b239ab90d,1d08ef62-a503-4ce2-8b9a-46c90873f7d3
2023-3-22 14:35:31-debug: Number of scenes: 2
2023-3-22 14:35:31-debug: // ---- build task 查询使用的资源以及资源包配置 ---- (8ms)
2023-3-22 14:35:31-debug: Process: heapTotal 215.38MB heapUsed 197.20MB rss 415.30MB
2023-3-22 14:35:31-debug: sort script group...
2023-3-22 14:35:31-debug: // ---- build task 整理脚本分组与脚本数据 ----
2023-3-22 14:35:31-debug: run build task 查询使用的资源以及资源包配置 success in 8 ms √7%
2023-3-22 14:35:31-debug: 整理脚本分组与脚本数据 start7%
2023-3-22 14:35:31-debug: // ---- build task 整理脚本分组与脚本数据 ---- (1ms)
2023-3-22 14:35:31-debug: 初始化 settings.json 与 config.json start10%
2023-3-22 14:35:31-debug: run build task 整理脚本分组与脚本数据 success in 1 ms √10%
2023-3-22 14:35:31-debug: Process: heapTotal 215.38MB heapUsed 197.24MB rss 415.31MB
2023-3-22 14:35:31-debug: // ---- build task 初始化 settings.json 与 config.json ----
2023-3-22 14:35:31-debug: // ---- build task 初始化 settings.json 与 config.json ---- (1ms)
2023-3-22 14:35:31-debug: run build task 初始化 settings.json 与 config.json success in 1 ms √11%
2023-3-22 14:35:31-debug: builder.tasks.settings.macro 字段未在编辑器多语言内定义
2023-3-22 14:35:31-debug: // ---- build task builder.tasks.settings.macro ----
2023-3-22 14:35:31-debug: builder.tasks.settings.macro start11%
2023-3-22 14:35:31-debug: Process: heapTotal 215.38MB heapUsed 197.27MB rss 415.32MB
2023-3-22 14:35:31-debug: // ---- build task builder.tasks.settings.macro ---- (1ms)
2023-3-22 14:35:31-debug: // ---- build task 整理部分构建选项内数据到 settings.json ----
2023-3-22 14:35:31-debug: 整理部分构建选项内数据到 settings.json start11%
2023-3-22 14:35:31-debug: Process: heapTotal 215.38MB heapUsed 197.29MB rss 415.33MB
2023-3-22 14:35:31-debug: run build task builder.tasks.settings.macro success in 1 ms √11%
2023-3-22 14:35:31-debug: // ---- build task 整理部分构建选项内数据到 settings.json ---- (478ms)
2023-3-22 14:35:31-debug: // ---- build task custom joint texture layouts ----
2023-3-22 14:35:31-debug: custom joint texture layouts start12%
2023-3-22 14:35:31-debug: Process: heapTotal 215.38MB heapUsed 197.35MB rss 402.10MB
2023-3-22 14:35:31-debug: run build task 整理部分构建选项内数据到 settings.json success in 478 ms √12%
2023-3-22 14:35:31-debug: // ---- build task custom joint texture layouts ---- (1ms)
2023-3-22 14:35:31-debug: Process: heapTotal 215.38MB heapUsed 197.38MB rss 402.04MB
2023-3-22 14:35:31-debug: custom joint physics start12%
2023-3-22 14:35:31-debug: // ---- build task custom joint physics ----
2023-3-22 14:35:31-debug: run build task custom joint texture layouts success in 1 ms √12%
2023-3-22 14:35:31-debug: // ---- build task custom joint physics ---- (1ms)
2023-3-22 14:35:31-debug: run build task custom joint physics success in 1 ms √13%
2023-3-22 14:35:31-debug: Process: heapTotal 215.38MB heapUsed 197.40MB rss 402.05MB
2023-3-22 14:35:31-debug: // ---- build task 填充脚本数据到 settings.json ----
2023-3-22 14:35:31-debug: 填充脚本数据到 settings.json start13%
2023-3-22 14:35:31-debug: run build task 填充脚本数据到 settings.json success in 0 ms √13%
2023-3-22 14:35:31-debug: 填充场景数据到 settings.json start13%
2023-3-22 14:35:31-debug: // ---- build task 填充场景数据到 settings.json ----
2023-3-22 14:35:31-debug: Process: heapTotal 215.38MB heapUsed 197.42MB rss 402.05MB
2023-3-22 14:35:31-debug: run build task 填充场景数据到 settings.json success in 0 ms √14%
2023-3-22 14:35:31-debug: 整理资源分组，生成 packedAssets 以及 rawAssets 数据 start14%
2023-3-22 14:35:31-debug: // ---- build task 整理资源分组，生成 packedAssets 以及 rawAssets 数据 ----
2023-3-22 14:35:31-debug: Process: heapTotal 215.38MB heapUsed 197.44MB rss 402.06MB
2023-3-22 14:35:31-debug: // ---- build task 整理资源分组，生成 packedAssets 以及 rawAssets 数据 ---- (3ms)
2023-3-22 14:35:31-debug: // ---- build task 从 suffixMap 生成 md5AssetsMap 到 settings.json ----
2023-3-22 14:35:31-debug: options.md5Cache is false.
2023-3-22 14:35:31-debug: run build task 整理资源分组，生成 packedAssets 以及 rawAssets 数据 success in 3 ms √14%
2023-3-22 14:35:31-debug: Process: heapTotal 215.38MB heapUsed 197.07MB rss 402.38MB
2023-3-22 14:35:31-debug: 从 suffixMap 生成 md5AssetsMap 到 settings.json start14%
2023-3-22 14:35:31-debug: // ---- build task 从 suffixMap 生成 md5AssetsMap 到 settings.json ---- (1ms)
2023-3-22 14:35:31-debug: run build task 从 suffixMap 生成 md5AssetsMap 到 settings.json success in 1 ms √15%
2023-3-22 14:36:08-debug: refresh db internal success
2023-3-22 14:36:08-debug: asset-db:worker-effect-data-processing (174ms)
2023-3-22 14:36:08-debug: refresh db assets success
2023-3-22 14:36:08-debug: asset-db:refresh-all-database (233ms)
2023-3-22 15:07:02-debug: Query all assets info in project
2023-3-22 15:07:02-debug: init custom config: keepNodeUuid: false, useCache: true
2023-3-22 15:07:02-debug:   Number of all scenes: 2
2023-3-22 15:07:02-debug: // ---- build task 查询 Asset Bundle ----
2023-3-22 15:07:02-debug: Process: heapTotal 218.91MB heapUsed 190.67MB rss 248.80MB
2023-3-22 15:07:02-debug: 查询 Asset Bundle start0%
2023-3-22 15:07:02-debug:   Number of all scripts: 8
2023-3-22 15:07:02-debug:   Number of other assets: 386
2023-3-22 15:07:02-debug: // ---- build task 查询 Asset Bundle ---- (6ms)
2023-3-22 15:07:02-debug: run build task 查询 Asset Bundle success in 6 ms √3%
2023-3-22 15:07:02-debug: 查询使用的资源以及资源包配置 start3%
2023-3-22 15:07:02-debug: // ---- build task 查询使用的资源以及资源包配置 ----
2023-3-22 15:07:02-debug: Process: heapTotal 218.91MB heapUsed 192.29MB rss 248.83MB
2023-3-22 15:07:02-debug: Query preload assets from cc.config.json: 60f7195c-ec2a-45eb-ba94-8955f60e81d0,1c02ae6f-4492-4915-b8f8-7492a3b1e4cd,810e96e4-e456-4468-9b59-f4e8f39732c0,efe8e2a3-eace-427b-b4f1-cb8a937ec77d,e9aa9a3e-5b2b-4ac7-a2c7-073de2b2b24f,8bbdbcdd-5cd4-4100-b6d5-b7c9625b6107,50f4348b-c883-4e2f-8f11-ce233b859fa1,fda095cb-831d-4601-ad94-846013963de8,f92806d7-1768-443f-afe8-12bcde84d0f0,dd3a144d-ab7f-41f0-82b8-2e43a090d496,f0416e68-0200-4b77-a926-4f9d16e494da,1baf0fc9-befa-459c-8bdd-af1a450a0319,511d2633-09a7-4bdd-ac42-f778032124b3,5d45aa00-e064-4938-b314-4265f0c2258c,28d6d6b8-3f66-4a73-9795-17a0852ba2d4,ec8106fe-05bf-4e94-943c-e0d3b7bb5e45,620b6bf3-0369-4560-837f-2a2c00b73c26,2df0a40b-26c2-47ce-be0d-4d3cd4164737,ff9be190-20a4-4e48-b68c-76e3c7cff085,970b0598-bcb0-4714-91fb-2e81440dccd8,bcd64cc6-2dd9-43f6-abbe-66318d332032,d930590d-bb92-4cc8-8bd1-23cd027f9edf,a3cd009f-0ab0-420d-9278-b9fdab939bbc,9361fd90-ba52-4f84-aa93-6e878fd576ca,c27215d8-6835-4b68-bfbb-bdeac6100c04,b5d6115f-0370-4d7c-aad3-c194cc71cf98,d1346436-ac96-4271-b863-1f4fdead95b0,971bdb23-3ff6-43eb-b422-1c30165a3663,17debcc3-0a6b-4b8a-b00b-dc58b885581e,711ebe11-f673-4cd9-9a83-63c60ba54c5b,c0143906-9aed-447e-9436-2ae8512d1b6e,14da1725-c4c2-42b4-ab08-ee0aeb6898b3,081cab31-dccd-428e-8652-f2404cc81c47,78e0584a-4343-4727-8f37-e14e65c2a2db,ba21476f-2866-4f81-9c4d-6e359316e448,871c3b6c-7379-419d-bda3-794b239ab90d,1d08ef62-a503-4ce2-8b9a-46c90873f7d3
2023-3-22 15:07:02-debug: Number of scenes: 2
2023-3-22 15:07:02-debug: // ---- build task 查询使用的资源以及资源包配置 ---- (9ms)
2023-3-22 15:07:02-debug: run build task 查询使用的资源以及资源包配置 success in 9 ms √7%
2023-3-22 15:07:02-debug: // ---- build task 整理脚本分组与脚本数据 ----
2023-3-22 15:07:02-debug: Process: heapTotal 211.91MB heapUsed 189.26MB rss 249.39MB
2023-3-22 15:07:02-debug: sort script group...
2023-3-22 15:07:02-debug: 整理脚本分组与脚本数据 start7%
2023-3-22 15:07:02-debug: // ---- build task 整理脚本分组与脚本数据 ---- (1ms)
2023-3-22 15:07:02-debug: // ---- build task 初始化 settings.json 与 config.json ----
2023-3-22 15:07:02-debug: 初始化 settings.json 与 config.json start10%
2023-3-22 15:07:02-debug: run build task 整理脚本分组与脚本数据 success in 1 ms √10%
2023-3-22 15:07:02-debug: Process: heapTotal 211.91MB heapUsed 189.30MB rss 249.44MB
2023-3-22 15:07:02-debug: // ---- build task 初始化 settings.json 与 config.json ---- (1ms)
2023-3-22 15:07:02-debug: builder.tasks.settings.macro 字段未在编辑器多语言内定义
2023-3-22 15:07:02-debug: Process: heapTotal 211.91MB heapUsed 189.33MB rss 249.48MB
2023-3-22 15:07:02-debug: run build task 初始化 settings.json 与 config.json success in 1 ms √11%
2023-3-22 15:07:02-debug: // ---- build task builder.tasks.settings.macro ----
2023-3-22 15:07:02-debug: builder.tasks.settings.macro start11%
2023-3-22 15:07:02-debug: // ---- build task builder.tasks.settings.macro ---- (1ms)
2023-3-22 15:07:02-debug: // ---- build task 整理部分构建选项内数据到 settings.json ----
2023-3-22 15:07:02-debug: 整理部分构建选项内数据到 settings.json start11%
2023-3-22 15:07:02-debug: run build task builder.tasks.settings.macro success in 1 ms √11%
2023-3-22 15:07:02-debug: Process: heapTotal 211.91MB heapUsed 189.36MB rss 249.51MB
2023-3-22 15:07:03-debug: // ---- build task 整理部分构建选项内数据到 settings.json ---- (934ms)
2023-3-22 15:07:03-debug: run build task 整理部分构建选项内数据到 settings.json success in 934 ms √12%
2023-3-22 15:07:03-debug: custom joint texture layouts start12%
2023-3-22 15:07:03-debug: // ---- build task custom joint texture layouts ----
2023-3-22 15:07:03-debug: Process: heapTotal 211.91MB heapUsed 189.42MB rss 249.57MB
2023-3-22 15:07:03-debug: // ---- build task custom joint texture layouts ---- (1ms)
2023-3-22 15:07:03-debug: run build task custom joint texture layouts success in 1 ms √12%
2023-3-22 15:07:03-debug: custom joint physics start12%
2023-3-22 15:07:03-debug: // ---- build task custom joint physics ----
2023-3-22 15:07:03-debug: Process: heapTotal 211.91MB heapUsed 189.44MB rss 249.60MB
2023-3-22 15:07:03-debug: // ---- build task custom joint physics ---- (1ms)
2023-3-22 15:07:03-debug: // ---- build task 填充脚本数据到 settings.json ----
2023-3-22 15:07:03-debug: 填充脚本数据到 settings.json start13%
2023-3-22 15:07:03-debug: run build task custom joint physics success in 1 ms √13%
2023-3-22 15:07:03-debug: Process: heapTotal 211.91MB heapUsed 189.47MB rss 249.63MB
2023-3-22 15:07:03-debug: run build task 填充脚本数据到 settings.json success in 0 ms √13%
2023-3-22 15:07:03-debug: // ---- build task 填充场景数据到 settings.json ----
2023-3-22 15:07:03-debug: 填充场景数据到 settings.json start13%
2023-3-22 15:07:03-debug: Process: heapTotal 211.91MB heapUsed 189.48MB rss 249.65MB
2023-3-22 15:07:03-debug: run build task 填充场景数据到 settings.json success in 0 ms √14%
2023-3-22 15:07:03-debug: Process: heapTotal 211.91MB heapUsed 189.51MB rss 249.68MB
2023-3-22 15:07:03-debug: // ---- build task 整理资源分组，生成 packedAssets 以及 rawAssets 数据 ----
2023-3-22 15:07:03-debug: 整理资源分组，生成 packedAssets 以及 rawAssets 数据 start14%
2023-3-22 15:07:03-debug: // ---- build task 整理资源分组，生成 packedAssets 以及 rawAssets 数据 ---- (2ms)
2023-3-22 15:07:03-debug: // ---- build task 从 suffixMap 生成 md5AssetsMap 到 settings.json ----
2023-3-22 15:07:03-debug: options.md5Cache is false.
2023-3-22 15:07:03-debug: Process: heapTotal 211.91MB heapUsed 190.03MB rss 249.89MB
2023-3-22 15:07:03-debug: run build task 整理资源分组，生成 packedAssets 以及 rawAssets 数据 success in 2 ms √14%
2023-3-22 15:07:03-debug: 从 suffixMap 生成 md5AssetsMap 到 settings.json start14%
2023-3-22 15:07:03-debug: // ---- build task 从 suffixMap 生成 md5AssetsMap 到 settings.json ---- (1ms)
2023-3-22 15:07:03-debug: run build task 从 suffixMap 生成 md5AssetsMap 到 settings.json success in 1 ms √15%
2023-3-22 15:11:51-debug: Query all assets info in project
2023-3-22 15:11:51-debug: init custom config: keepNodeUuid: false, useCache: true
2023-3-22 15:11:51-debug:   Number of all scenes: 2
2023-3-22 15:11:51-debug: // ---- build task 查询 Asset Bundle ----
2023-3-22 15:11:51-debug: Process: heapTotal 211.91MB heapUsed 190.01MB rss 249.97MB
2023-3-22 15:11:51-debug:   Number of other assets: 386
2023-3-22 15:11:51-debug:   Number of all scripts: 8
2023-3-22 15:11:51-debug: 查询 Asset Bundle start0%
2023-3-22 15:11:51-debug: // ---- build task 查询 Asset Bundle ---- (7ms)
2023-3-22 15:11:51-debug: run build task 查询 Asset Bundle success in 7 ms √3%
2023-3-22 15:11:51-debug: 查询使用的资源以及资源包配置 start3%
2023-3-22 15:11:51-debug: // ---- build task 查询使用的资源以及资源包配置 ----
2023-3-22 15:11:51-debug: Process: heapTotal 211.91MB heapUsed 190.23MB rss 250.05MB
2023-3-22 15:11:51-debug: Query preload assets from cc.config.json: 60f7195c-ec2a-45eb-ba94-8955f60e81d0,1c02ae6f-4492-4915-b8f8-7492a3b1e4cd,810e96e4-e456-4468-9b59-f4e8f39732c0,efe8e2a3-eace-427b-b4f1-cb8a937ec77d,e9aa9a3e-5b2b-4ac7-a2c7-073de2b2b24f,8bbdbcdd-5cd4-4100-b6d5-b7c9625b6107,50f4348b-c883-4e2f-8f11-ce233b859fa1,fda095cb-831d-4601-ad94-846013963de8,f92806d7-1768-443f-afe8-12bcde84d0f0,dd3a144d-ab7f-41f0-82b8-2e43a090d496,f0416e68-0200-4b77-a926-4f9d16e494da,1baf0fc9-befa-459c-8bdd-af1a450a0319,511d2633-09a7-4bdd-ac42-f778032124b3,5d45aa00-e064-4938-b314-4265f0c2258c,28d6d6b8-3f66-4a73-9795-17a0852ba2d4,ec8106fe-05bf-4e94-943c-e0d3b7bb5e45,620b6bf3-0369-4560-837f-2a2c00b73c26,2df0a40b-26c2-47ce-be0d-4d3cd4164737,ff9be190-20a4-4e48-b68c-76e3c7cff085,970b0598-bcb0-4714-91fb-2e81440dccd8,bcd64cc6-2dd9-43f6-abbe-66318d332032,d930590d-bb92-4cc8-8bd1-23cd027f9edf,a3cd009f-0ab0-420d-9278-b9fdab939bbc,9361fd90-ba52-4f84-aa93-6e878fd576ca,c27215d8-6835-4b68-bfbb-bdeac6100c04,b5d6115f-0370-4d7c-aad3-c194cc71cf98,d1346436-ac96-4271-b863-1f4fdead95b0,971bdb23-3ff6-43eb-b422-1c30165a3663,17debcc3-0a6b-4b8a-b00b-dc58b885581e,711ebe11-f673-4cd9-9a83-63c60ba54c5b,c0143906-9aed-447e-9436-2ae8512d1b6e,14da1725-c4c2-42b4-ab08-ee0aeb6898b3,081cab31-dccd-428e-8652-f2404cc81c47,78e0584a-4343-4727-8f37-e14e65c2a2db,ba21476f-2866-4f81-9c4d-6e359316e448,871c3b6c-7379-419d-bda3-794b239ab90d,1d08ef62-a503-4ce2-8b9a-46c90873f7d3
2023-3-22 15:11:51-debug: Number of scenes: 2
2023-3-22 15:11:51-debug: // ---- build task 查询使用的资源以及资源包配置 ---- (9ms)
2023-3-22 15:11:51-debug: Process: heapTotal 211.91MB heapUsed 190.35MB rss 250.81MB
2023-3-22 15:11:51-debug: sort script group...
2023-3-22 15:11:51-debug: 整理脚本分组与脚本数据 start7%
2023-3-22 15:11:51-debug: run build task 查询使用的资源以及资源包配置 success in 9 ms √7%
2023-3-22 15:11:51-debug: // ---- build task 整理脚本分组与脚本数据 ----
2023-3-22 15:11:51-debug: run build task 整理脚本分组与脚本数据 success in 1 ms √10%
2023-3-22 15:11:51-debug: Process: heapTotal 211.91MB heapUsed 190.39MB rss 250.87MB
2023-3-22 15:11:51-debug: 初始化 settings.json 与 config.json start10%
2023-3-22 15:11:51-debug: // ---- build task 初始化 settings.json 与 config.json ----
2023-3-22 15:11:51-debug: // ---- build task 整理脚本分组与脚本数据 ---- (1ms)
2023-3-22 15:11:51-debug: run build task 初始化 settings.json 与 config.json success in 0 ms √11%
2023-3-22 15:11:51-debug: // ---- build task builder.tasks.settings.macro ----
2023-3-22 15:11:51-debug: builder.tasks.settings.macro start11%
2023-3-22 15:11:51-debug: builder.tasks.settings.macro 字段未在编辑器多语言内定义
2023-3-22 15:11:51-debug: Process: heapTotal 211.91MB heapUsed 190.42MB rss 250.89MB
2023-3-22 15:11:51-debug: // ---- build task builder.tasks.settings.macro ---- (1ms)
2023-3-22 15:11:51-debug: // ---- build task 整理部分构建选项内数据到 settings.json ----
2023-3-22 15:11:51-debug: 整理部分构建选项内数据到 settings.json start11%
2023-3-22 15:11:51-debug: run build task builder.tasks.settings.macro success in 1 ms √11%
2023-3-22 15:11:51-debug: Process: heapTotal 211.91MB heapUsed 190.44MB rss 250.93MB
2023-3-22 15:11:52-debug: // ---- build task 整理部分构建选项内数据到 settings.json ---- (786ms)
2023-3-22 15:11:52-debug: custom joint texture layouts start12%
2023-3-22 15:11:52-debug: run build task 整理部分构建选项内数据到 settings.json success in 786 ms √12%
2023-3-22 15:11:52-debug: // ---- build task custom joint texture layouts ----
2023-3-22 15:11:52-debug: Process: heapTotal 212.16MB heapUsed 190.87MB rss 251.18MB
2023-3-22 15:11:52-debug: // ---- build task custom joint texture layouts ---- (1ms)
2023-3-22 15:11:52-debug: // ---- build task custom joint physics ----
2023-3-22 15:11:52-debug: custom joint physics start12%
2023-3-22 15:11:52-debug: run build task custom joint texture layouts success in 1 ms √12%
2023-3-22 15:11:52-debug: Process: heapTotal 212.16MB heapUsed 190.89MB rss 251.21MB
2023-3-22 15:11:52-debug: run build task custom joint physics success in 0 ms √13%
2023-3-22 15:11:52-debug: 填充脚本数据到 settings.json start13%
2023-3-22 15:11:52-debug: // ---- build task 填充脚本数据到 settings.json ----
2023-3-22 15:11:52-debug: Process: heapTotal 212.16MB heapUsed 190.91MB rss 251.23MB
2023-3-22 15:11:52-debug: run build task 填充脚本数据到 settings.json success in 0 ms √13%
2023-3-22 15:11:52-debug: Process: heapTotal 212.16MB heapUsed 190.93MB rss 251.25MB
2023-3-22 15:11:52-debug: // ---- build task 填充场景数据到 settings.json ----
2023-3-22 15:11:52-debug: 填充场景数据到 settings.json start13%
2023-3-22 15:11:52-debug: // ---- build task 填充场景数据到 settings.json ---- (1ms)
2023-3-22 15:11:52-debug: 整理资源分组，生成 packedAssets 以及 rawAssets 数据 start14%
2023-3-22 15:11:52-debug: run build task 填充场景数据到 settings.json success in 1 ms √14%
2023-3-22 15:11:52-debug: // ---- build task 整理资源分组，生成 packedAssets 以及 rawAssets 数据 ----
2023-3-22 15:11:52-debug: Process: heapTotal 212.16MB heapUsed 190.95MB rss 251.29MB
2023-3-22 15:11:52-debug: // ---- build task 整理资源分组，生成 packedAssets 以及 rawAssets 数据 ---- (2ms)
2023-3-22 15:11:52-debug: // ---- build task 从 suffixMap 生成 md5AssetsMap 到 settings.json ----
2023-3-22 15:11:52-debug: options.md5Cache is false.
2023-3-22 15:11:52-debug: run build task 整理资源分组，生成 packedAssets 以及 rawAssets 数据 success in 2 ms √14%
2023-3-22 15:11:52-debug: Process: heapTotal 212.16MB heapUsed 190.57MB rss 251.83MB
2023-3-22 15:11:52-debug: 从 suffixMap 生成 md5AssetsMap 到 settings.json start14%
2023-3-22 15:11:52-debug: run build task 从 suffixMap 生成 md5AssetsMap 到 settings.json success in 0 ms √15%
2023-3-22 15:14:11-debug: refresh db internal success
2023-3-22 15:14:11-debug: asset-db:worker-effect-data-processing (139ms)
2023-3-22 15:14:11-debug: %cImport%c: /Users/zzx/Desktop/naga123/client/assets/script/utils/HTTP.tsbackground: #aaff85; color: #000;color: #000;
2023-3-22 15:14:11-debug: %cImport%c: /Users/zzx/Desktop/naga123/client/assets/script/utils/userMgr.tsbackground: #aaff85; color: #000;color: #000;
2023-3-22 15:14:11-debug: refresh db assets success
2023-3-22 15:14:11-debug: asset-db:refresh-all-database (208ms)
2023-3-22 15:14:11-debug: Query all assets info in project
2023-3-22 15:14:11-debug: init custom config: keepNodeUuid: false, useCache: true
2023-3-22 15:14:11-debug:   Number of all scenes: 2
2023-3-22 15:14:11-debug: // ---- build task 查询 Asset Bundle ----
2023-3-22 15:14:11-debug: Process: heapTotal 223.77MB heapUsed 197.95MB rss 271.38MB
2023-3-22 15:14:11-debug:   Number of other assets: 386
2023-3-22 15:14:11-debug:   Number of all scripts: 8
2023-3-22 15:14:11-debug: 查询 Asset Bundle start0%
2023-3-22 15:14:11-debug: // ---- build task 查询 Asset Bundle ---- (6ms)
2023-3-22 15:14:11-debug: // ---- build task 查询使用的资源以及资源包配置 ----
2023-3-22 15:14:11-debug: 查询使用的资源以及资源包配置 start3%
2023-3-22 15:14:11-debug: Process: heapTotal 223.77MB heapUsed 196.00MB rss 271.49MB
2023-3-22 15:14:11-debug: run build task 查询 Asset Bundle success in 6 ms √3%
2023-3-22 15:14:11-debug: Query preload assets from cc.config.json: 60f7195c-ec2a-45eb-ba94-8955f60e81d0,1c02ae6f-4492-4915-b8f8-7492a3b1e4cd,810e96e4-e456-4468-9b59-f4e8f39732c0,efe8e2a3-eace-427b-b4f1-cb8a937ec77d,e9aa9a3e-5b2b-4ac7-a2c7-073de2b2b24f,8bbdbcdd-5cd4-4100-b6d5-b7c9625b6107,50f4348b-c883-4e2f-8f11-ce233b859fa1,fda095cb-831d-4601-ad94-846013963de8,f92806d7-1768-443f-afe8-12bcde84d0f0,dd3a144d-ab7f-41f0-82b8-2e43a090d496,f0416e68-0200-4b77-a926-4f9d16e494da,1baf0fc9-befa-459c-8bdd-af1a450a0319,511d2633-09a7-4bdd-ac42-f778032124b3,5d45aa00-e064-4938-b314-4265f0c2258c,28d6d6b8-3f66-4a73-9795-17a0852ba2d4,ec8106fe-05bf-4e94-943c-e0d3b7bb5e45,620b6bf3-0369-4560-837f-2a2c00b73c26,2df0a40b-26c2-47ce-be0d-4d3cd4164737,ff9be190-20a4-4e48-b68c-76e3c7cff085,970b0598-bcb0-4714-91fb-2e81440dccd8,bcd64cc6-2dd9-43f6-abbe-66318d332032,d930590d-bb92-4cc8-8bd1-23cd027f9edf,a3cd009f-0ab0-420d-9278-b9fdab939bbc,9361fd90-ba52-4f84-aa93-6e878fd576ca,c27215d8-6835-4b68-bfbb-bdeac6100c04,b5d6115f-0370-4d7c-aad3-c194cc71cf98,d1346436-ac96-4271-b863-1f4fdead95b0,971bdb23-3ff6-43eb-b422-1c30165a3663,17debcc3-0a6b-4b8a-b00b-dc58b885581e,711ebe11-f673-4cd9-9a83-63c60ba54c5b,c0143906-9aed-447e-9436-2ae8512d1b6e,14da1725-c4c2-42b4-ab08-ee0aeb6898b3,081cab31-dccd-428e-8652-f2404cc81c47,78e0584a-4343-4727-8f37-e14e65c2a2db,ba21476f-2866-4f81-9c4d-6e359316e448,871c3b6c-7379-419d-bda3-794b239ab90d,1d08ef62-a503-4ce2-8b9a-46c90873f7d3
2023-3-22 15:14:11-debug: Number of scenes: 2
2023-3-22 15:14:11-debug: // ---- build task 查询使用的资源以及资源包配置 ---- (7ms)
2023-3-22 15:14:11-debug: 整理脚本分组与脚本数据 start7%
2023-3-22 15:14:11-debug: sort script group...
2023-3-22 15:14:11-debug: Process: heapTotal 223.77MB heapUsed 197.70MB rss 271.52MB
2023-3-22 15:14:11-debug: run build task 查询使用的资源以及资源包配置 success in 7 ms √7%
2023-3-22 15:14:11-debug: // ---- build task 整理脚本分组与脚本数据 ----
2023-3-22 15:14:11-debug: run build task 整理脚本分组与脚本数据 success in 0 ms √10%
2023-3-22 15:14:11-debug: // ---- build task 初始化 settings.json 与 config.json ----
2023-3-22 15:14:11-debug: Process: heapTotal 223.77MB heapUsed 197.73MB rss 271.52MB
2023-3-22 15:14:11-debug: 初始化 settings.json 与 config.json start10%
2023-3-22 15:14:11-debug: run build task 初始化 settings.json 与 config.json success in 0 ms √11%
2023-3-22 15:14:11-debug: builder.tasks.settings.macro 字段未在编辑器多语言内定义
2023-3-22 15:14:11-debug: // ---- build task builder.tasks.settings.macro ----
2023-3-22 15:14:11-debug: builder.tasks.settings.macro start11%
2023-3-22 15:14:11-debug: Process: heapTotal 223.77MB heapUsed 197.76MB rss 271.52MB
2023-3-22 15:14:11-debug: // ---- build task builder.tasks.settings.macro ---- (1ms)
2023-3-22 15:14:11-debug: run build task builder.tasks.settings.macro success in 1 ms √11%
2023-3-22 15:14:11-debug: 整理部分构建选项内数据到 settings.json start11%
2023-3-22 15:14:11-debug: // ---- build task 整理部分构建选项内数据到 settings.json ----
2023-3-22 15:14:11-debug: Process: heapTotal 223.77MB heapUsed 197.78MB rss 271.53MB
2023-3-22 15:14:12-debug: // ---- build task 整理部分构建选项内数据到 settings.json ---- (678ms)
2023-3-22 15:14:12-debug: // ---- build task custom joint texture layouts ----
2023-3-22 15:14:12-debug: custom joint texture layouts start12%
2023-3-22 15:14:12-debug: Process: heapTotal 223.77MB heapUsed 197.84MB rss 271.54MB
2023-3-22 15:14:12-debug: run build task 整理部分构建选项内数据到 settings.json success in 678 ms √12%
2023-3-22 15:14:12-debug: // ---- build task custom joint texture layouts ---- (1ms)
2023-3-22 15:14:12-debug: custom joint physics start12%
2023-3-22 15:14:12-debug: // ---- build task custom joint physics ----
2023-3-22 15:14:12-debug: run build task custom joint texture layouts success in 1 ms √12%
2023-3-22 15:14:12-debug: Process: heapTotal 223.77MB heapUsed 197.88MB rss 271.54MB
2023-3-22 15:14:12-debug: run build task custom joint physics success in 0 ms √13%
2023-3-22 15:14:12-debug: Process: heapTotal 223.77MB heapUsed 197.90MB rss 271.55MB
2023-3-22 15:14:12-debug: // ---- build task 填充脚本数据到 settings.json ----
2023-3-22 15:14:12-debug: 填充脚本数据到 settings.json start13%
2023-3-22 15:14:12-debug: run build task 填充脚本数据到 settings.json success in 0 ms √13%
2023-3-22 15:14:12-debug: Process: heapTotal 223.77MB heapUsed 197.92MB rss 271.55MB
2023-3-22 15:14:12-debug: // ---- build task 填充场景数据到 settings.json ----
2023-3-22 15:14:12-debug: 填充场景数据到 settings.json start13%
2023-3-22 15:14:12-debug: run build task 填充场景数据到 settings.json success in 0 ms √14%
2023-3-22 15:14:12-debug: Process: heapTotal 223.77MB heapUsed 197.94MB rss 271.55MB
2023-3-22 15:14:12-debug: // ---- build task 整理资源分组，生成 packedAssets 以及 rawAssets 数据 ----
2023-3-22 15:14:12-debug: 整理资源分组，生成 packedAssets 以及 rawAssets 数据 start14%
2023-3-22 15:14:12-debug: // ---- build task 整理资源分组，生成 packedAssets 以及 rawAssets 数据 ---- (1ms)
2023-3-22 15:14:12-debug: // ---- build task 从 suffixMap 生成 md5AssetsMap 到 settings.json ----
2023-3-22 15:14:12-debug: options.md5Cache is false.
2023-3-22 15:14:12-debug: run build task 整理资源分组，生成 packedAssets 以及 rawAssets 数据 success in 1 ms √14%
2023-3-22 15:14:12-debug: Process: heapTotal 223.77MB heapUsed 198.45MB rss 271.55MB
2023-3-22 15:14:12-debug: 从 suffixMap 生成 md5AssetsMap 到 settings.json start14%
2023-3-22 15:14:12-debug: run build task 从 suffixMap 生成 md5AssetsMap 到 settings.json success in 0 ms √15%
2023-3-22 15:14:19-debug: refresh db internal success
2023-3-22 15:14:19-debug: asset-db:worker-effect-data-processing (108ms)
2023-3-22 15:14:19-debug: refresh db assets success
2023-3-22 15:14:19-debug: asset-db:refresh-all-database (148ms)
2023-3-22 15:14:21-debug: start refresh asset from /Users/zzx/Desktop/naga123/client/assets/scene/hallScene.scene...
2023-3-22 15:14:21-debug: %cImport%c: /Users/zzx/Desktop/naga123/client/assets/scene/hallScene.scenebackground: #aaff85; color: #000;color: #000;
2023-3-22 15:14:21-debug: refresh asset /Users/zzx/Desktop/naga123/client/assets/scene/hallScene.scene success
2023-3-22 15:14:21-debug: Query all assets info in project
2023-3-22 15:14:21-debug: init custom config: keepNodeUuid: false, useCache: true
2023-3-22 15:14:21-debug: 查询 Asset Bundle start0%
2023-3-22 15:14:21-debug: // ---- build task 查询 Asset Bundle ----
2023-3-22 15:14:21-debug:   Number of all scripts: 8
2023-3-22 15:14:21-debug:   Number of all scenes: 2
2023-3-22 15:14:21-debug: Process: heapTotal 226.23MB heapUsed 200.43MB rss 270.69MB
2023-3-22 15:14:21-debug:   Number of other assets: 386
2023-3-22 15:14:21-debug: // ---- build task 查询 Asset Bundle ---- (9ms)
2023-3-22 15:14:21-debug: run build task 查询 Asset Bundle success in 9 ms √3%
2023-3-22 15:14:21-debug: 查询使用的资源以及资源包配置 start3%
2023-3-22 15:14:21-debug: // ---- build task 查询使用的资源以及资源包配置 ----
2023-3-22 15:14:21-debug: Process: heapTotal 226.23MB heapUsed 198.32MB rss 270.84MB
2023-3-22 15:14:21-debug: Query preload assets from cc.config.json: 60f7195c-ec2a-45eb-ba94-8955f60e81d0,1c02ae6f-4492-4915-b8f8-7492a3b1e4cd,810e96e4-e456-4468-9b59-f4e8f39732c0,efe8e2a3-eace-427b-b4f1-cb8a937ec77d,e9aa9a3e-5b2b-4ac7-a2c7-073de2b2b24f,8bbdbcdd-5cd4-4100-b6d5-b7c9625b6107,50f4348b-c883-4e2f-8f11-ce233b859fa1,fda095cb-831d-4601-ad94-846013963de8,f92806d7-1768-443f-afe8-12bcde84d0f0,dd3a144d-ab7f-41f0-82b8-2e43a090d496,f0416e68-0200-4b77-a926-4f9d16e494da,1baf0fc9-befa-459c-8bdd-af1a450a0319,511d2633-09a7-4bdd-ac42-f778032124b3,5d45aa00-e064-4938-b314-4265f0c2258c,28d6d6b8-3f66-4a73-9795-17a0852ba2d4,ec8106fe-05bf-4e94-943c-e0d3b7bb5e45,620b6bf3-0369-4560-837f-2a2c00b73c26,2df0a40b-26c2-47ce-be0d-4d3cd4164737,ff9be190-20a4-4e48-b68c-76e3c7cff085,970b0598-bcb0-4714-91fb-2e81440dccd8,bcd64cc6-2dd9-43f6-abbe-66318d332032,d930590d-bb92-4cc8-8bd1-23cd027f9edf,a3cd009f-0ab0-420d-9278-b9fdab939bbc,9361fd90-ba52-4f84-aa93-6e878fd576ca,c27215d8-6835-4b68-bfbb-bdeac6100c04,b5d6115f-0370-4d7c-aad3-c194cc71cf98,d1346436-ac96-4271-b863-1f4fdead95b0,971bdb23-3ff6-43eb-b422-1c30165a3663,17debcc3-0a6b-4b8a-b00b-dc58b885581e,711ebe11-f673-4cd9-9a83-63c60ba54c5b,c0143906-9aed-447e-9436-2ae8512d1b6e,14da1725-c4c2-42b4-ab08-ee0aeb6898b3,081cab31-dccd-428e-8652-f2404cc81c47,78e0584a-4343-4727-8f37-e14e65c2a2db,ba21476f-2866-4f81-9c4d-6e359316e448,871c3b6c-7379-419d-bda3-794b239ab90d,1d08ef62-a503-4ce2-8b9a-46c90873f7d3
2023-3-22 15:14:21-debug: Number of scenes: 2
2023-3-22 15:14:21-debug: // ---- build task 查询使用的资源以及资源包配置 ---- (8ms)
2023-3-22 15:14:21-debug: run build task 查询使用的资源以及资源包配置 success in 8 ms √7%
2023-3-22 15:14:21-debug: sort script group...
2023-3-22 15:14:21-debug: // ---- build task 整理脚本分组与脚本数据 ----
2023-3-22 15:14:21-debug: Process: heapTotal 226.23MB heapUsed 200.01MB rss 270.84MB
2023-3-22 15:14:21-debug: 整理脚本分组与脚本数据 start7%
2023-3-22 15:14:21-debug: // ---- build task 整理脚本分组与脚本数据 ---- (1ms)
2023-3-22 15:14:21-debug: 初始化 settings.json 与 config.json start10%
2023-3-22 15:14:21-debug: // ---- build task 初始化 settings.json 与 config.json ----
2023-3-22 15:14:21-debug: Process: heapTotal 226.23MB heapUsed 200.05MB rss 270.85MB
2023-3-22 15:14:21-debug: run build task 整理脚本分组与脚本数据 success in 1 ms √10%
2023-3-22 15:14:21-debug: // ---- build task 初始化 settings.json 与 config.json ---- (1ms)
2023-3-22 15:14:21-debug: builder.tasks.settings.macro start11%
2023-3-22 15:14:21-debug: Process: heapTotal 226.23MB heapUsed 200.08MB rss 270.86MB
2023-3-22 15:14:21-debug: // ---- build task builder.tasks.settings.macro ----
2023-3-22 15:14:21-debug: run build task 初始化 settings.json 与 config.json success in 1 ms √11%
2023-3-22 15:14:21-debug: builder.tasks.settings.macro 字段未在编辑器多语言内定义
2023-3-22 15:14:21-debug: // ---- build task builder.tasks.settings.macro ---- (1ms)
2023-3-22 15:14:21-debug: run build task builder.tasks.settings.macro success in 1 ms √11%
2023-3-22 15:14:21-debug: Process: heapTotal 226.23MB heapUsed 200.10MB rss 270.86MB
2023-3-22 15:14:21-debug: // ---- build task 整理部分构建选项内数据到 settings.json ----
2023-3-22 15:14:21-debug: 整理部分构建选项内数据到 settings.json start11%
2023-3-22 15:14:21-debug: // ---- build task 整理部分构建选项内数据到 settings.json ---- (250ms)
2023-3-22 15:14:21-debug: // ---- build task custom joint texture layouts ----
2023-3-22 15:14:21-debug: custom joint texture layouts start12%
2023-3-22 15:14:21-debug: Process: heapTotal 226.23MB heapUsed 200.74MB rss 270.86MB
2023-3-22 15:14:21-debug: run build task 整理部分构建选项内数据到 settings.json success in 250 ms √12%
2023-3-22 15:14:21-debug: run build task custom joint texture layouts success in 0 ms √12%
2023-3-22 15:14:21-debug: // ---- build task custom joint physics ----
2023-3-22 15:14:21-debug: Process: heapTotal 226.23MB heapUsed 200.76MB rss 270.86MB
2023-3-22 15:14:21-debug: custom joint physics start12%
2023-3-22 15:14:21-debug: run build task custom joint physics success in 0 ms √13%
2023-3-22 15:14:21-debug: Process: heapTotal 226.23MB heapUsed 200.78MB rss 270.86MB
2023-3-22 15:14:21-debug: // ---- build task 填充脚本数据到 settings.json ----
2023-3-22 15:14:21-debug: 填充脚本数据到 settings.json start13%
2023-3-22 15:14:21-debug: run build task 填充脚本数据到 settings.json success in 0 ms √13%
2023-3-22 15:14:21-debug: // ---- build task 填充场景数据到 settings.json ----
2023-3-22 15:14:21-debug: Process: heapTotal 226.23MB heapUsed 200.80MB rss 270.87MB
2023-3-22 15:14:21-debug: 填充场景数据到 settings.json start13%
2023-3-22 15:14:21-debug: run build task 填充场景数据到 settings.json success in 0 ms √14%
2023-3-22 15:14:21-debug: 整理资源分组，生成 packedAssets 以及 rawAssets 数据 start14%
2023-3-22 15:14:21-debug: // ---- build task 整理资源分组，生成 packedAssets 以及 rawAssets 数据 ----
2023-3-22 15:14:21-debug: Process: heapTotal 226.23MB heapUsed 200.82MB rss 270.87MB
2023-3-22 15:14:21-debug: // ---- build task 整理资源分组，生成 packedAssets 以及 rawAssets 数据 ---- (2ms)
2023-3-22 15:14:21-debug: Process: heapTotal 226.23MB heapUsed 201.32MB rss 270.88MB
2023-3-22 15:14:21-debug: options.md5Cache is false.
2023-3-22 15:14:21-debug: // ---- build task 从 suffixMap 生成 md5AssetsMap 到 settings.json ----
2023-3-22 15:14:21-debug: run build task 整理资源分组，生成 packedAssets 以及 rawAssets 数据 success in 2 ms √14%
2023-3-22 15:14:21-debug: 从 suffixMap 生成 md5AssetsMap 到 settings.json start14%
2023-3-22 15:14:21-debug: // ---- build task 从 suffixMap 生成 md5AssetsMap 到 settings.json ---- (1ms)
2023-3-22 15:14:21-debug: run build task 从 suffixMap 生成 md5AssetsMap 到 settings.json success in 1 ms √15%
2023-3-22 15:14:43-debug: refresh db internal success
2023-3-22 15:14:43-debug: asset-db:worker-effect-data-processing (160ms)
2023-3-22 15:14:43-debug: refresh db assets success
2023-3-22 15:14:43-debug: asset-db:refresh-all-database (200ms)
2023-3-22 15:15:09-debug: refresh db internal success
2023-3-22 15:15:09-debug: asset-db:worker-effect-data-processing (109ms)
2023-3-22 15:15:09-debug: %cImport%c: /Users/zzx/Desktop/naga123/client/assets/script/hall/hall.tsbackground: #aaff85; color: #000;color: #000;
2023-3-22 15:15:09-debug: refresh db assets success
2023-3-22 15:15:09-debug: asset-db:refresh-all-database (165ms)
2023-3-22 15:15:10-debug: Query all assets info in project
2023-3-22 15:15:10-debug: init custom config: keepNodeUuid: false, useCache: true
2023-3-22 15:15:10-debug:   Number of other assets: 386
2023-3-22 15:15:10-debug: // ---- build task 查询 Asset Bundle ----
2023-3-22 15:15:10-debug: Process: heapTotal 235.41MB heapUsed 199.25MB rss 283.36MB
2023-3-22 15:15:10-debug:   Number of all scenes: 2
2023-3-22 15:15:10-debug:   Number of all scripts: 8
2023-3-22 15:15:10-debug: 查询 Asset Bundle start0%
2023-3-22 15:15:10-debug: // ---- build task 查询 Asset Bundle ---- (6ms)
2023-3-22 15:15:10-debug: Process: heapTotal 235.41MB heapUsed 200.85MB rss 283.36MB
2023-3-22 15:15:10-debug: 查询使用的资源以及资源包配置 start3%
2023-3-22 15:15:10-debug: // ---- build task 查询使用的资源以及资源包配置 ----
2023-3-22 15:15:10-debug: run build task 查询 Asset Bundle success in 6 ms √3%
2023-3-22 15:15:10-debug: Query preload assets from cc.config.json: 60f7195c-ec2a-45eb-ba94-8955f60e81d0,1c02ae6f-4492-4915-b8f8-7492a3b1e4cd,810e96e4-e456-4468-9b59-f4e8f39732c0,efe8e2a3-eace-427b-b4f1-cb8a937ec77d,e9aa9a3e-5b2b-4ac7-a2c7-073de2b2b24f,8bbdbcdd-5cd4-4100-b6d5-b7c9625b6107,50f4348b-c883-4e2f-8f11-ce233b859fa1,fda095cb-831d-4601-ad94-846013963de8,f92806d7-1768-443f-afe8-12bcde84d0f0,dd3a144d-ab7f-41f0-82b8-2e43a090d496,f0416e68-0200-4b77-a926-4f9d16e494da,1baf0fc9-befa-459c-8bdd-af1a450a0319,511d2633-09a7-4bdd-ac42-f778032124b3,5d45aa00-e064-4938-b314-4265f0c2258c,28d6d6b8-3f66-4a73-9795-17a0852ba2d4,ec8106fe-05bf-4e94-943c-e0d3b7bb5e45,620b6bf3-0369-4560-837f-2a2c00b73c26,2df0a40b-26c2-47ce-be0d-4d3cd4164737,ff9be190-20a4-4e48-b68c-76e3c7cff085,970b0598-bcb0-4714-91fb-2e81440dccd8,bcd64cc6-2dd9-43f6-abbe-66318d332032,d930590d-bb92-4cc8-8bd1-23cd027f9edf,a3cd009f-0ab0-420d-9278-b9fdab939bbc,9361fd90-ba52-4f84-aa93-6e878fd576ca,c27215d8-6835-4b68-bfbb-bdeac6100c04,b5d6115f-0370-4d7c-aad3-c194cc71cf98,d1346436-ac96-4271-b863-1f4fdead95b0,971bdb23-3ff6-43eb-b422-1c30165a3663,17debcc3-0a6b-4b8a-b00b-dc58b885581e,711ebe11-f673-4cd9-9a83-63c60ba54c5b,c0143906-9aed-447e-9436-2ae8512d1b6e,14da1725-c4c2-42b4-ab08-ee0aeb6898b3,081cab31-dccd-428e-8652-f2404cc81c47,78e0584a-4343-4727-8f37-e14e65c2a2db,ba21476f-2866-4f81-9c4d-6e359316e448,871c3b6c-7379-419d-bda3-794b239ab90d,1d08ef62-a503-4ce2-8b9a-46c90873f7d3
2023-3-22 15:15:10-debug: Number of scenes: 2
2023-3-22 15:15:10-debug: // ---- build task 查询使用的资源以及资源包配置 ---- (8ms)
2023-3-22 15:15:10-debug: Process: heapTotal 235.41MB heapUsed 202.58MB rss 283.36MB
2023-3-22 15:15:10-debug: sort script group...
2023-3-22 15:15:10-debug: // ---- build task 整理脚本分组与脚本数据 ----
2023-3-22 15:15:10-debug: run build task 查询使用的资源以及资源包配置 success in 8 ms √7%
2023-3-22 15:15:10-debug: 整理脚本分组与脚本数据 start7%
2023-3-22 15:15:10-debug: run build task 整理脚本分组与脚本数据 success in 0 ms √10%
2023-3-22 15:15:10-debug: 初始化 settings.json 与 config.json start10%
2023-3-22 15:15:10-debug: // ---- build task 初始化 settings.json 与 config.json ----
2023-3-22 15:15:10-debug: Process: heapTotal 235.41MB heapUsed 202.61MB rss 283.36MB
2023-3-22 15:15:10-debug: run build task 初始化 settings.json 与 config.json success in 0 ms √11%
2023-3-22 15:15:10-debug: builder.tasks.settings.macro start11%
2023-3-22 15:15:10-debug: // ---- build task builder.tasks.settings.macro ----
2023-3-22 15:15:10-debug: builder.tasks.settings.macro 字段未在编辑器多语言内定义
2023-3-22 15:15:10-debug: Process: heapTotal 235.41MB heapUsed 202.65MB rss 283.38MB
2023-3-22 15:15:10-debug: // ---- build task builder.tasks.settings.macro ---- (1ms)
2023-3-22 15:15:10-debug: 整理部分构建选项内数据到 settings.json start11%
2023-3-22 15:15:10-debug: run build task builder.tasks.settings.macro success in 1 ms √11%
2023-3-22 15:15:10-debug: // ---- build task 整理部分构建选项内数据到 settings.json ----
2023-3-22 15:15:10-debug: Process: heapTotal 235.41MB heapUsed 202.68MB rss 283.38MB
2023-3-22 15:15:10-debug: // ---- build task 整理部分构建选项内数据到 settings.json ---- (340ms)
2023-3-22 15:15:10-debug: run build task 整理部分构建选项内数据到 settings.json success in 340 ms √12%
2023-3-22 15:15:10-debug: custom joint texture layouts start12%
2023-3-22 15:15:10-debug: // ---- build task custom joint texture layouts ----
2023-3-22 15:15:10-debug: Process: heapTotal 235.41MB heapUsed 202.74MB rss 283.39MB
2023-3-22 15:15:10-debug: // ---- build task custom joint texture layouts ---- (2ms)
2023-3-22 15:15:10-debug: custom joint physics start12%
2023-3-22 15:15:10-debug: // ---- build task custom joint physics ----
2023-3-22 15:15:10-debug: run build task custom joint texture layouts success in 2 ms √12%
2023-3-22 15:15:10-debug: Process: heapTotal 235.41MB heapUsed 202.76MB rss 283.39MB
2023-3-22 15:15:10-debug: run build task custom joint physics success in 0 ms √13%
2023-3-22 15:15:10-debug: // ---- build task 填充脚本数据到 settings.json ----
2023-3-22 15:15:10-debug: Process: heapTotal 235.41MB heapUsed 202.78MB rss 283.39MB
2023-3-22 15:15:10-debug: 填充脚本数据到 settings.json start13%
2023-3-22 15:15:10-debug: run build task 填充脚本数据到 settings.json success in 0 ms √13%
2023-3-22 15:15:10-debug: 填充场景数据到 settings.json start13%
2023-3-22 15:15:10-debug: // ---- build task 填充场景数据到 settings.json ----
2023-3-22 15:15:10-debug: Process: heapTotal 235.41MB heapUsed 202.79MB rss 283.40MB
2023-3-22 15:15:10-debug: run build task 填充场景数据到 settings.json success in 0 ms √14%
2023-3-22 15:15:10-debug: 整理资源分组，生成 packedAssets 以及 rawAssets 数据 start14%
2023-3-22 15:15:10-debug: // ---- build task 整理资源分组，生成 packedAssets 以及 rawAssets 数据 ----
2023-3-22 15:15:10-debug: Process: heapTotal 235.41MB heapUsed 202.82MB rss 283.40MB
2023-3-22 15:15:10-debug: // ---- build task 整理资源分组，生成 packedAssets 以及 rawAssets 数据 ---- (2ms)
2023-3-22 15:15:10-debug: Process: heapTotal 235.41MB heapUsed 203.33MB rss 283.41MB
2023-3-22 15:15:10-debug: 从 suffixMap 生成 md5AssetsMap 到 settings.json start14%
2023-3-22 15:15:10-debug: options.md5Cache is false.
2023-3-22 15:15:10-debug: run build task 整理资源分组，生成 packedAssets 以及 rawAssets 数据 success in 2 ms √14%
2023-3-22 15:15:10-debug: // ---- build task 从 suffixMap 生成 md5AssetsMap 到 settings.json ----
2023-3-22 15:15:10-debug: // ---- build task 从 suffixMap 生成 md5AssetsMap 到 settings.json ---- (1ms)
2023-3-22 15:15:10-debug: run build task 从 suffixMap 生成 md5AssetsMap 到 settings.json success in 1 ms √15%
2023-3-22 16:21:30-debug: refresh db internal success
2023-3-22 16:21:31-debug: asset-db:worker-effect-data-processing (158ms)
2023-3-22 16:21:31-debug: refresh db assets success
2023-3-22 16:21:31-debug: asset-db:refresh-all-database (213ms)
2023-3-22 16:22:18-debug: refresh db internal success
2023-3-22 16:22:18-debug: asset-db:worker-effect-data-processing (108ms)
2023-3-22 16:22:18-debug: refresh db assets success
2023-3-22 16:22:18-debug: asset-db:refresh-all-database (142ms)
2023-3-22 16:24:51-debug: refresh db internal success
2023-3-22 16:24:52-debug: asset-db:worker-effect-data-processing (137ms)
2023-3-22 16:24:52-debug: refresh db assets success
2023-3-22 16:24:52-debug: asset-db:refresh-all-database (167ms)
2023-3-22 16:26:37-debug: refresh db internal success
2023-3-22 16:26:37-debug: asset-db:worker-effect-data-processing (114ms)
2023-3-22 16:26:37-debug: refresh db assets success
2023-3-22 16:26:37-debug: asset-db:refresh-all-database (152ms)
2023-3-22 16:29:15-debug: start refresh asset from /Users/zzx/Desktop/naga123/client/assets/scene/hallScene.scene...
2023-3-22 16:29:15-debug: %cImport%c: /Users/zzx/Desktop/naga123/client/assets/scene/hallScene.scenebackground: #aaff85; color: #000;color: #000;
2023-3-22 16:29:15-debug: refresh asset /Users/zzx/Desktop/naga123/client/assets/scene/hallScene.scene success
2023-3-22 16:29:15-debug: Query all assets info in project
2023-3-22 16:29:15-debug: init custom config: keepNodeUuid: false, useCache: true
2023-3-22 16:29:15-debug:   Number of all scenes: 2
2023-3-22 16:29:15-debug: // ---- build task 查询 Asset Bundle ----
2023-3-22 16:29:15-debug: Process: heapTotal 221.59MB heapUsed 198.08MB rss 287.23MB
2023-3-22 16:29:15-debug: 查询 Asset Bundle start0%
2023-3-22 16:29:15-debug:   Number of all scripts: 8
2023-3-22 16:29:15-debug:   Number of other assets: 386
2023-3-22 16:29:15-debug: // ---- build task 查询 Asset Bundle ---- (7ms)
2023-3-22 16:29:15-debug: run build task 查询 Asset Bundle success in 7 ms √3%
2023-3-22 16:29:15-debug: 查询使用的资源以及资源包配置 start3%
2023-3-22 16:29:15-debug: // ---- build task 查询使用的资源以及资源包配置 ----
2023-3-22 16:29:15-debug: Process: heapTotal 221.59MB heapUsed 198.16MB rss 287.24MB
2023-3-22 16:29:15-debug: Query preload assets from cc.config.json: 60f7195c-ec2a-45eb-ba94-8955f60e81d0,1c02ae6f-4492-4915-b8f8-7492a3b1e4cd,810e96e4-e456-4468-9b59-f4e8f39732c0,efe8e2a3-eace-427b-b4f1-cb8a937ec77d,e9aa9a3e-5b2b-4ac7-a2c7-073de2b2b24f,8bbdbcdd-5cd4-4100-b6d5-b7c9625b6107,50f4348b-c883-4e2f-8f11-ce233b859fa1,fda095cb-831d-4601-ad94-846013963de8,f92806d7-1768-443f-afe8-12bcde84d0f0,dd3a144d-ab7f-41f0-82b8-2e43a090d496,f0416e68-0200-4b77-a926-4f9d16e494da,1baf0fc9-befa-459c-8bdd-af1a450a0319,511d2633-09a7-4bdd-ac42-f778032124b3,5d45aa00-e064-4938-b314-4265f0c2258c,28d6d6b8-3f66-4a73-9795-17a0852ba2d4,ec8106fe-05bf-4e94-943c-e0d3b7bb5e45,620b6bf3-0369-4560-837f-2a2c00b73c26,2df0a40b-26c2-47ce-be0d-4d3cd4164737,ff9be190-20a4-4e48-b68c-76e3c7cff085,970b0598-bcb0-4714-91fb-2e81440dccd8,bcd64cc6-2dd9-43f6-abbe-66318d332032,d930590d-bb92-4cc8-8bd1-23cd027f9edf,a3cd009f-0ab0-420d-9278-b9fdab939bbc,9361fd90-ba52-4f84-aa93-6e878fd576ca,c27215d8-6835-4b68-bfbb-bdeac6100c04,b5d6115f-0370-4d7c-aad3-c194cc71cf98,d1346436-ac96-4271-b863-1f4fdead95b0,971bdb23-3ff6-43eb-b422-1c30165a3663,17debcc3-0a6b-4b8a-b00b-dc58b885581e,711ebe11-f673-4cd9-9a83-63c60ba54c5b,c0143906-9aed-447e-9436-2ae8512d1b6e,14da1725-c4c2-42b4-ab08-ee0aeb6898b3,081cab31-dccd-428e-8652-f2404cc81c47,78e0584a-4343-4727-8f37-e14e65c2a2db,ba21476f-2866-4f81-9c4d-6e359316e448,871c3b6c-7379-419d-bda3-794b239ab90d,1d08ef62-a503-4ce2-8b9a-46c90873f7d3
2023-3-22 16:29:15-debug: Number of scenes: 2
2023-3-22 16:29:15-debug: // ---- build task 查询使用的资源以及资源包配置 ---- (10ms)
2023-3-22 16:29:15-debug: run build task 查询使用的资源以及资源包配置 success in 10 ms √7%
2023-3-22 16:29:15-debug: 整理脚本分组与脚本数据 start7%
2023-3-22 16:29:15-debug: // ---- build task 整理脚本分组与脚本数据 ----
2023-3-22 16:29:15-debug: sort script group...
2023-3-22 16:29:15-debug: Process: heapTotal 221.59MB heapUsed 198.29MB rss 287.25MB
2023-3-22 16:29:15-debug: // ---- build task 整理脚本分组与脚本数据 ---- (1ms)
2023-3-22 16:29:15-debug: run build task 整理脚本分组与脚本数据 success in 1 ms √10%
2023-3-22 16:29:15-debug: 初始化 settings.json 与 config.json start10%
2023-3-22 16:29:15-debug: // ---- build task 初始化 settings.json 与 config.json ----
2023-3-22 16:29:15-debug: Process: heapTotal 221.59MB heapUsed 198.33MB rss 287.26MB
2023-3-22 16:29:15-debug: run build task 初始化 settings.json 与 config.json success in 0 ms √11%
2023-3-22 16:29:15-debug: builder.tasks.settings.macro 字段未在编辑器多语言内定义
2023-3-22 16:29:15-debug: builder.tasks.settings.macro start11%
2023-3-22 16:29:15-debug: Process: heapTotal 221.59MB heapUsed 198.35MB rss 287.27MB
2023-3-22 16:29:15-debug: // ---- build task builder.tasks.settings.macro ----
2023-3-22 16:29:15-debug: // ---- build task builder.tasks.settings.macro ---- (2ms)
2023-3-22 16:29:15-debug: 整理部分构建选项内数据到 settings.json start11%
2023-3-22 16:29:15-debug: // ---- build task 整理部分构建选项内数据到 settings.json ----
2023-3-22 16:29:15-debug: run build task builder.tasks.settings.macro success in 2 ms √11%
2023-3-22 16:29:15-debug: Process: heapTotal 221.59MB heapUsed 198.38MB rss 287.27MB
2023-3-22 16:29:15-debug: // ---- build task 整理部分构建选项内数据到 settings.json ---- (474ms)
2023-3-22 16:29:15-debug: Process: heapTotal 221.59MB heapUsed 198.06MB rss 287.28MB
2023-3-22 16:29:15-debug: run build task 整理部分构建选项内数据到 settings.json success in 474 ms √12%
2023-3-22 16:29:15-debug: // ---- build task custom joint texture layouts ----
2023-3-22 16:29:15-debug: custom joint texture layouts start12%
2023-3-22 16:29:15-debug: // ---- build task custom joint texture layouts ---- (1ms)
2023-3-22 16:29:15-debug: // ---- build task custom joint physics ----
2023-3-22 16:29:15-debug: custom joint physics start12%
2023-3-22 16:29:15-debug: Process: heapTotal 221.59MB heapUsed 198.08MB rss 287.29MB
2023-3-22 16:29:15-debug: run build task custom joint texture layouts success in 1 ms √12%
2023-3-22 16:29:15-debug: run build task custom joint physics success in 0 ms √13%
2023-3-22 16:29:15-debug: // ---- build task 填充脚本数据到 settings.json ----
2023-3-22 16:29:15-debug: 填充脚本数据到 settings.json start13%
2023-3-22 16:29:15-debug: Process: heapTotal 221.59MB heapUsed 198.10MB rss 287.29MB
2023-3-22 16:29:15-debug: run build task 填充脚本数据到 settings.json success in 0 ms √13%
2023-3-22 16:29:15-debug: // ---- build task 填充场景数据到 settings.json ----
2023-3-22 16:29:15-debug: 填充场景数据到 settings.json start13%
2023-3-22 16:29:15-debug: Process: heapTotal 221.59MB heapUsed 198.12MB rss 287.29MB
2023-3-22 16:29:15-debug: run build task 填充场景数据到 settings.json success in 0 ms √14%
2023-3-22 16:29:15-debug: 整理资源分组，生成 packedAssets 以及 rawAssets 数据 start14%
2023-3-22 16:29:15-debug: // ---- build task 整理资源分组，生成 packedAssets 以及 rawAssets 数据 ----
2023-3-22 16:29:15-debug: Process: heapTotal 221.59MB heapUsed 198.14MB rss 287.29MB
2023-3-22 16:29:15-debug: // ---- build task 整理资源分组，生成 packedAssets 以及 rawAssets 数据 ---- (2ms)
2023-3-22 16:29:15-debug: 从 suffixMap 生成 md5AssetsMap 到 settings.json start14%
2023-3-22 16:29:15-debug: options.md5Cache is false.
2023-3-22 16:29:15-debug: // ---- build task 从 suffixMap 生成 md5AssetsMap 到 settings.json ----
2023-3-22 16:29:15-debug: Process: heapTotal 221.59MB heapUsed 198.65MB rss 287.30MB
2023-3-22 16:29:15-debug: run build task 整理资源分组，生成 packedAssets 以及 rawAssets 数据 success in 2 ms √14%
2023-3-22 16:29:15-debug: run build task 从 suffixMap 生成 md5AssetsMap 到 settings.json success in 0 ms √15%
2023-3-22 16:31:03-debug: refresh db internal success
2023-3-22 16:31:03-debug: asset-db:worker-effect-data-processing (147ms)
2023-3-22 16:31:03-debug: %cImport%c: /Users/zzx/Desktop/naga123/client/assets/script/hall/hall.tsbackground: #aaff85; color: #000;color: #000;
2023-3-22 16:31:03-debug: refresh db assets success
2023-3-22 16:31:03-debug: asset-db:refresh-all-database (203ms)
2023-3-22 16:31:03-debug: Query all assets info in project
2023-3-22 16:31:03-debug: init custom config: keepNodeUuid: false, useCache: true
2023-3-22 16:31:03-debug: 查询 Asset Bundle start0%
2023-3-22 16:31:03-debug: // ---- build task 查询 Asset Bundle ----
2023-3-22 16:31:03-debug: Process: heapTotal 224.16MB heapUsed 189.04MB rss 289.87MB
2023-3-22 16:31:03-debug:   Number of all scripts: 8
2023-3-22 16:31:03-debug:   Number of all scenes: 2
2023-3-22 16:31:03-debug:   Number of other assets: 386
2023-3-22 16:31:03-debug: // ---- build task 查询 Asset Bundle ---- (6ms)
2023-3-22 16:31:03-debug: Process: heapTotal 224.16MB heapUsed 190.65MB rss 289.87MB
2023-3-22 16:31:03-debug: run build task 查询 Asset Bundle success in 6 ms √3%
2023-3-22 16:31:03-debug: 查询使用的资源以及资源包配置 start3%
2023-3-22 16:31:03-debug: // ---- build task 查询使用的资源以及资源包配置 ----
2023-3-22 16:31:03-debug: Query preload assets from cc.config.json: 60f7195c-ec2a-45eb-ba94-8955f60e81d0,1c02ae6f-4492-4915-b8f8-7492a3b1e4cd,810e96e4-e456-4468-9b59-f4e8f39732c0,efe8e2a3-eace-427b-b4f1-cb8a937ec77d,e9aa9a3e-5b2b-4ac7-a2c7-073de2b2b24f,8bbdbcdd-5cd4-4100-b6d5-b7c9625b6107,50f4348b-c883-4e2f-8f11-ce233b859fa1,fda095cb-831d-4601-ad94-846013963de8,f92806d7-1768-443f-afe8-12bcde84d0f0,dd3a144d-ab7f-41f0-82b8-2e43a090d496,f0416e68-0200-4b77-a926-4f9d16e494da,1baf0fc9-befa-459c-8bdd-af1a450a0319,511d2633-09a7-4bdd-ac42-f778032124b3,5d45aa00-e064-4938-b314-4265f0c2258c,28d6d6b8-3f66-4a73-9795-17a0852ba2d4,ec8106fe-05bf-4e94-943c-e0d3b7bb5e45,620b6bf3-0369-4560-837f-2a2c00b73c26,2df0a40b-26c2-47ce-be0d-4d3cd4164737,ff9be190-20a4-4e48-b68c-76e3c7cff085,970b0598-bcb0-4714-91fb-2e81440dccd8,bcd64cc6-2dd9-43f6-abbe-66318d332032,d930590d-bb92-4cc8-8bd1-23cd027f9edf,a3cd009f-0ab0-420d-9278-b9fdab939bbc,9361fd90-ba52-4f84-aa93-6e878fd576ca,c27215d8-6835-4b68-bfbb-bdeac6100c04,b5d6115f-0370-4d7c-aad3-c194cc71cf98,d1346436-ac96-4271-b863-1f4fdead95b0,971bdb23-3ff6-43eb-b422-1c30165a3663,17debcc3-0a6b-4b8a-b00b-dc58b885581e,711ebe11-f673-4cd9-9a83-63c60ba54c5b,c0143906-9aed-447e-9436-2ae8512d1b6e,14da1725-c4c2-42b4-ab08-ee0aeb6898b3,081cab31-dccd-428e-8652-f2404cc81c47,78e0584a-4343-4727-8f37-e14e65c2a2db,ba21476f-2866-4f81-9c4d-6e359316e448,871c3b6c-7379-419d-bda3-794b239ab90d,1d08ef62-a503-4ce2-8b9a-46c90873f7d3
2023-3-22 16:31:03-debug: Number of scenes: 2
2023-3-22 16:31:03-debug: // ---- build task 查询使用的资源以及资源包配置 ---- (8ms)
2023-3-22 16:31:03-debug: run build task 查询使用的资源以及资源包配置 success in 8 ms √7%
2023-3-22 16:31:03-debug: sort script group...
2023-3-22 16:31:03-debug: // ---- build task 整理脚本分组与脚本数据 ----
2023-3-22 16:31:03-debug: Process: heapTotal 224.16MB heapUsed 188.59MB rss 289.88MB
2023-3-22 16:31:03-debug: 整理脚本分组与脚本数据 start7%
2023-3-22 16:31:03-debug: // ---- build task 整理脚本分组与脚本数据 ---- (1ms)
2023-3-22 16:31:03-debug: // ---- build task 初始化 settings.json 与 config.json ----
2023-3-22 16:31:03-debug: 初始化 settings.json 与 config.json start10%
2023-3-22 16:31:03-debug: run build task 整理脚本分组与脚本数据 success in 1 ms √10%
2023-3-22 16:31:03-debug: Process: heapTotal 224.16MB heapUsed 188.63MB rss 289.88MB
2023-3-22 16:31:03-debug: run build task 初始化 settings.json 与 config.json success in 0 ms √11%
2023-3-22 16:31:03-debug: // ---- build task builder.tasks.settings.macro ----
2023-3-22 16:31:03-debug: builder.tasks.settings.macro start11%
2023-3-22 16:31:03-debug: builder.tasks.settings.macro 字段未在编辑器多语言内定义
2023-3-22 16:31:03-debug: Process: heapTotal 224.16MB heapUsed 188.66MB rss 289.88MB
2023-3-22 16:31:03-debug: // ---- build task builder.tasks.settings.macro ---- (1ms)
2023-3-22 16:31:03-debug: Process: heapTotal 224.16MB heapUsed 188.68MB rss 289.89MB
2023-3-22 16:31:03-debug: 整理部分构建选项内数据到 settings.json start11%
2023-3-22 16:31:03-debug: // ---- build task 整理部分构建选项内数据到 settings.json ----
2023-3-22 16:31:03-debug: run build task builder.tasks.settings.macro success in 1 ms √11%
2023-3-22 16:31:04-debug: // ---- build task 整理部分构建选项内数据到 settings.json ---- (747ms)
2023-3-22 16:31:04-debug: run build task 整理部分构建选项内数据到 settings.json success in 747 ms √12%
2023-3-22 16:31:04-debug: // ---- build task custom joint texture layouts ----
2023-3-22 16:31:04-debug: Process: heapTotal 224.16MB heapUsed 188.74MB rss 289.89MB
2023-3-22 16:31:04-debug: custom joint texture layouts start12%
2023-3-22 16:31:04-debug: // ---- build task custom joint texture layouts ---- (1ms)
2023-3-22 16:31:04-debug: run build task custom joint texture layouts success in 1 ms √12%
2023-3-22 16:31:04-debug: custom joint physics start12%
2023-3-22 16:31:04-debug: Process: heapTotal 224.16MB heapUsed 188.77MB rss 289.89MB
2023-3-22 16:31:04-debug: // ---- build task custom joint physics ----
2023-3-22 16:31:04-debug: // ---- build task custom joint physics ---- (1ms)
2023-3-22 16:31:04-debug: run build task custom joint physics success in 1 ms √13%
2023-3-22 16:31:04-debug: // ---- build task 填充脚本数据到 settings.json ----
2023-3-22 16:31:04-debug: Process: heapTotal 224.16MB heapUsed 188.79MB rss 289.90MB
2023-3-22 16:31:04-debug: 填充脚本数据到 settings.json start13%
2023-3-22 16:31:04-debug: // ---- build task 填充脚本数据到 settings.json ---- (1ms)
2023-3-22 16:31:04-debug: 填充场景数据到 settings.json start13%
2023-3-22 16:31:04-debug: run build task 填充脚本数据到 settings.json success in 1 ms √13%
2023-3-22 16:31:04-debug: // ---- build task 填充场景数据到 settings.json ----
2023-3-22 16:31:04-debug: Process: heapTotal 224.16MB heapUsed 188.81MB rss 289.90MB
2023-3-22 16:31:04-debug: // ---- build task 填充场景数据到 settings.json ---- (1ms)
2023-3-22 16:31:04-debug: run build task 填充场景数据到 settings.json success in 1 ms √14%
2023-3-22 16:31:04-debug: 整理资源分组，生成 packedAssets 以及 rawAssets 数据 start14%
2023-3-22 16:31:04-debug: Process: heapTotal 224.16MB heapUsed 188.83MB rss 289.90MB
2023-3-22 16:31:04-debug: // ---- build task 整理资源分组，生成 packedAssets 以及 rawAssets 数据 ----
2023-3-22 16:31:04-debug: // ---- build task 整理资源分组，生成 packedAssets 以及 rawAssets 数据 ---- (2ms)
2023-3-22 16:31:04-debug: // ---- build task 从 suffixMap 生成 md5AssetsMap 到 settings.json ----
2023-3-22 16:31:04-debug: options.md5Cache is false.
2023-3-22 16:31:04-debug: Process: heapTotal 224.16MB heapUsed 189.35MB rss 289.91MB
2023-3-22 16:31:04-debug: run build task 整理资源分组，生成 packedAssets 以及 rawAssets 数据 success in 2 ms √14%
2023-3-22 16:31:04-debug: 从 suffixMap 生成 md5AssetsMap 到 settings.json start14%
2023-3-22 16:31:04-debug: run build task 从 suffixMap 生成 md5AssetsMap 到 settings.json success in 0 ms √15%
2023-3-22 16:31:05-debug: Query all assets info in project
2023-3-22 16:31:05-debug: init custom config: keepNodeUuid: false, useCache: true
2023-3-22 16:31:05-debug: 查询 Asset Bundle start0%
2023-3-22 16:31:05-debug: // ---- build task 查询 Asset Bundle ----
2023-3-22 16:31:05-debug: Process: heapTotal 224.16MB heapUsed 191.35MB rss 289.85MB
2023-3-22 16:31:05-debug:   Number of other assets: 386
2023-3-22 16:31:05-debug:   Number of all scenes: 2
2023-3-22 16:31:05-debug:   Number of all scripts: 8
2023-3-22 16:31:05-debug: // ---- build task 查询 Asset Bundle ---- (5ms)
2023-3-22 16:31:05-debug: run build task 查询 Asset Bundle success in 5 ms √3%
2023-3-22 16:31:05-debug: 查询使用的资源以及资源包配置 start3%
2023-3-22 16:31:05-debug: Process: heapTotal 224.16MB heapUsed 188.72MB rss 289.86MB
2023-3-22 16:31:05-debug: // ---- build task 查询使用的资源以及资源包配置 ----
2023-3-22 16:31:05-debug: Query preload assets from cc.config.json: 60f7195c-ec2a-45eb-ba94-8955f60e81d0,1c02ae6f-4492-4915-b8f8-7492a3b1e4cd,810e96e4-e456-4468-9b59-f4e8f39732c0,efe8e2a3-eace-427b-b4f1-cb8a937ec77d,e9aa9a3e-5b2b-4ac7-a2c7-073de2b2b24f,8bbdbcdd-5cd4-4100-b6d5-b7c9625b6107,50f4348b-c883-4e2f-8f11-ce233b859fa1,fda095cb-831d-4601-ad94-846013963de8,f92806d7-1768-443f-afe8-12bcde84d0f0,dd3a144d-ab7f-41f0-82b8-2e43a090d496,f0416e68-0200-4b77-a926-4f9d16e494da,1baf0fc9-befa-459c-8bdd-af1a450a0319,511d2633-09a7-4bdd-ac42-f778032124b3,5d45aa00-e064-4938-b314-4265f0c2258c,28d6d6b8-3f66-4a73-9795-17a0852ba2d4,ec8106fe-05bf-4e94-943c-e0d3b7bb5e45,620b6bf3-0369-4560-837f-2a2c00b73c26,2df0a40b-26c2-47ce-be0d-4d3cd4164737,ff9be190-20a4-4e48-b68c-76e3c7cff085,970b0598-bcb0-4714-91fb-2e81440dccd8,bcd64cc6-2dd9-43f6-abbe-66318d332032,d930590d-bb92-4cc8-8bd1-23cd027f9edf,a3cd009f-0ab0-420d-9278-b9fdab939bbc,9361fd90-ba52-4f84-aa93-6e878fd576ca,c27215d8-6835-4b68-bfbb-bdeac6100c04,b5d6115f-0370-4d7c-aad3-c194cc71cf98,d1346436-ac96-4271-b863-1f4fdead95b0,971bdb23-3ff6-43eb-b422-1c30165a3663,17debcc3-0a6b-4b8a-b00b-dc58b885581e,711ebe11-f673-4cd9-9a83-63c60ba54c5b,c0143906-9aed-447e-9436-2ae8512d1b6e,14da1725-c4c2-42b4-ab08-ee0aeb6898b3,081cab31-dccd-428e-8652-f2404cc81c47,78e0584a-4343-4727-8f37-e14e65c2a2db,ba21476f-2866-4f81-9c4d-6e359316e448,871c3b6c-7379-419d-bda3-794b239ab90d,1d08ef62-a503-4ce2-8b9a-46c90873f7d3
2023-3-22 16:31:05-debug: Number of scenes: 2
2023-3-22 16:31:05-debug: // ---- build task 查询使用的资源以及资源包配置 ---- (6ms)
2023-3-22 16:31:05-debug: run build task 查询使用的资源以及资源包配置 success in 6 ms √7%
2023-3-22 16:31:05-debug: Process: heapTotal 224.16MB heapUsed 190.41MB rss 289.87MB
2023-3-22 16:31:05-debug: // ---- build task 整理脚本分组与脚本数据 ----
2023-3-22 16:31:05-debug: sort script group...
2023-3-22 16:31:05-debug: 整理脚本分组与脚本数据 start7%
2023-3-22 16:31:05-debug: run build task 整理脚本分组与脚本数据 success in 0 ms √10%
2023-3-22 16:31:05-debug: Process: heapTotal 224.16MB heapUsed 190.45MB rss 289.87MB
2023-3-22 16:31:05-debug: // ---- build task 初始化 settings.json 与 config.json ----
2023-3-22 16:31:05-debug: 初始化 settings.json 与 config.json start10%
2023-3-22 16:31:05-debug: run build task 初始化 settings.json 与 config.json success in 0 ms √11%
2023-3-22 16:31:05-debug: // ---- build task builder.tasks.settings.macro ----
2023-3-22 16:31:05-debug: builder.tasks.settings.macro start11%
2023-3-22 16:31:05-debug: Process: heapTotal 224.16MB heapUsed 190.47MB rss 289.87MB
2023-3-22 16:31:05-debug: builder.tasks.settings.macro 字段未在编辑器多语言内定义
2023-3-22 16:31:05-debug: // ---- build task builder.tasks.settings.macro ---- (1ms)
2023-3-22 16:31:05-debug: // ---- build task 整理部分构建选项内数据到 settings.json ----
2023-3-22 16:31:05-debug: 整理部分构建选项内数据到 settings.json start11%
2023-3-22 16:31:05-debug: Process: heapTotal 224.16MB heapUsed 190.50MB rss 289.87MB
2023-3-22 16:31:05-debug: run build task builder.tasks.settings.macro success in 1 ms √11%
2023-3-22 16:31:06-debug: // ---- build task 整理部分构建选项内数据到 settings.json ---- (236ms)
2023-3-22 16:31:06-debug: Process: heapTotal 224.16MB heapUsed 190.56MB rss 289.88MB
2023-3-22 16:31:06-debug: custom joint texture layouts start12%
2023-3-22 16:31:06-debug: // ---- build task custom joint texture layouts ----
2023-3-22 16:31:06-debug: run build task 整理部分构建选项内数据到 settings.json success in 236 ms √12%
2023-3-22 16:31:06-debug: // ---- build task custom joint texture layouts ---- (1ms)
2023-3-22 16:31:06-debug: // ---- build task custom joint physics ----
2023-3-22 16:31:06-debug: custom joint physics start12%
2023-3-22 16:31:06-debug: Process: heapTotal 224.16MB heapUsed 190.58MB rss 289.88MB
2023-3-22 16:31:06-debug: run build task custom joint texture layouts success in 1 ms √12%
2023-3-22 16:31:06-debug: run build task custom joint physics success in 0 ms √13%
2023-3-22 16:31:06-debug: // ---- build task 填充脚本数据到 settings.json ----
2023-3-22 16:31:06-debug: Process: heapTotal 224.16MB heapUsed 190.59MB rss 289.89MB
2023-3-22 16:31:06-debug: 填充脚本数据到 settings.json start13%
2023-3-22 16:31:06-debug: run build task 填充脚本数据到 settings.json success in 0 ms √13%
2023-3-22 16:31:06-debug: // ---- build task 填充场景数据到 settings.json ----
2023-3-22 16:31:06-debug: Process: heapTotal 224.16MB heapUsed 190.61MB rss 289.89MB
2023-3-22 16:31:06-debug: 填充场景数据到 settings.json start13%
2023-3-22 16:31:06-debug: // ---- build task 填充场景数据到 settings.json ---- (1ms)
2023-3-22 16:31:06-debug: // ---- build task 整理资源分组，生成 packedAssets 以及 rawAssets 数据 ----
2023-3-22 16:31:06-debug: 整理资源分组，生成 packedAssets 以及 rawAssets 数据 start14%
2023-3-22 16:31:06-debug: run build task 填充场景数据到 settings.json success in 1 ms √14%
2023-3-22 16:31:06-debug: Process: heapTotal 224.16MB heapUsed 190.64MB rss 289.89MB
2023-3-22 16:31:06-debug: // ---- build task 整理资源分组，生成 packedAssets 以及 rawAssets 数据 ---- (2ms)
2023-3-22 16:31:06-debug: 从 suffixMap 生成 md5AssetsMap 到 settings.json start14%
2023-3-22 16:31:06-debug: options.md5Cache is false.
2023-3-22 16:31:06-debug: run build task 整理资源分组，生成 packedAssets 以及 rawAssets 数据 success in 2 ms √14%
2023-3-22 16:31:06-debug: Process: heapTotal 224.16MB heapUsed 191.14MB rss 289.89MB
2023-3-22 16:31:06-debug: // ---- build task 从 suffixMap 生成 md5AssetsMap 到 settings.json ----
2023-3-22 16:31:06-debug: // ---- build task 从 suffixMap 生成 md5AssetsMap 到 settings.json ---- (1ms)
2023-3-22 16:31:06-debug: run build task 从 suffixMap 生成 md5AssetsMap 到 settings.json success in 1 ms √15%
2023-3-22 16:31:46-debug: refresh db internal success
2023-3-22 16:31:46-debug: asset-db:worker-effect-data-processing (129ms)
2023-3-22 16:31:46-debug: %cImport%c: /Users/zzx/Desktop/naga123/client/assets/script/hall/hall.tsbackground: #aaff85; color: #000;color: #000;
2023-3-22 16:31:46-debug: refresh db assets success
2023-3-22 16:31:46-debug: asset-db:refresh-all-database (163ms)
2023-3-22 16:31:46-debug: Query all assets info in project
2023-3-22 16:31:46-debug: init custom config: keepNodeUuid: false, useCache: true
2023-3-22 16:31:46-debug: 查询 Asset Bundle start0%
2023-3-22 16:31:46-debug: // ---- build task 查询 Asset Bundle ----
2023-3-22 16:31:46-debug: Process: heapTotal 225.66MB heapUsed 194.87MB rss 284.01MB
2023-3-22 16:31:46-debug:   Number of all scenes: 2
2023-3-22 16:31:46-debug:   Number of all scripts: 8
2023-3-22 16:31:46-debug:   Number of other assets: 386
2023-3-22 16:31:46-debug: // ---- build task 查询 Asset Bundle ---- (8ms)
2023-3-22 16:31:46-debug: run build task 查询 Asset Bundle success in 8 ms √3%
2023-3-22 16:31:46-debug: 查询使用的资源以及资源包配置 start3%
2023-3-22 16:31:46-debug: // ---- build task 查询使用的资源以及资源包配置 ----
2023-3-22 16:31:46-debug: Process: heapTotal 225.66MB heapUsed 193.20MB rss 284.01MB
2023-3-22 16:31:46-debug: Query preload assets from cc.config.json: 60f7195c-ec2a-45eb-ba94-8955f60e81d0,1c02ae6f-4492-4915-b8f8-7492a3b1e4cd,810e96e4-e456-4468-9b59-f4e8f39732c0,efe8e2a3-eace-427b-b4f1-cb8a937ec77d,e9aa9a3e-5b2b-4ac7-a2c7-073de2b2b24f,8bbdbcdd-5cd4-4100-b6d5-b7c9625b6107,50f4348b-c883-4e2f-8f11-ce233b859fa1,fda095cb-831d-4601-ad94-846013963de8,f92806d7-1768-443f-afe8-12bcde84d0f0,dd3a144d-ab7f-41f0-82b8-2e43a090d496,f0416e68-0200-4b77-a926-4f9d16e494da,1baf0fc9-befa-459c-8bdd-af1a450a0319,511d2633-09a7-4bdd-ac42-f778032124b3,5d45aa00-e064-4938-b314-4265f0c2258c,28d6d6b8-3f66-4a73-9795-17a0852ba2d4,ec8106fe-05bf-4e94-943c-e0d3b7bb5e45,620b6bf3-0369-4560-837f-2a2c00b73c26,2df0a40b-26c2-47ce-be0d-4d3cd4164737,ff9be190-20a4-4e48-b68c-76e3c7cff085,970b0598-bcb0-4714-91fb-2e81440dccd8,bcd64cc6-2dd9-43f6-abbe-66318d332032,d930590d-bb92-4cc8-8bd1-23cd027f9edf,a3cd009f-0ab0-420d-9278-b9fdab939bbc,9361fd90-ba52-4f84-aa93-6e878fd576ca,c27215d8-6835-4b68-bfbb-bdeac6100c04,b5d6115f-0370-4d7c-aad3-c194cc71cf98,d1346436-ac96-4271-b863-1f4fdead95b0,971bdb23-3ff6-43eb-b422-1c30165a3663,17debcc3-0a6b-4b8a-b00b-dc58b885581e,711ebe11-f673-4cd9-9a83-63c60ba54c5b,c0143906-9aed-447e-9436-2ae8512d1b6e,14da1725-c4c2-42b4-ab08-ee0aeb6898b3,081cab31-dccd-428e-8652-f2404cc81c47,78e0584a-4343-4727-8f37-e14e65c2a2db,ba21476f-2866-4f81-9c4d-6e359316e448,871c3b6c-7379-419d-bda3-794b239ab90d,1d08ef62-a503-4ce2-8b9a-46c90873f7d3
2023-3-22 16:31:46-debug: Number of scenes: 2
2023-3-22 16:31:46-debug: // ---- build task 查询使用的资源以及资源包配置 ---- (9ms)
2023-3-22 16:31:46-debug: 整理脚本分组与脚本数据 start7%
2023-3-22 16:31:46-debug: sort script group...
2023-3-22 16:31:46-debug: run build task 查询使用的资源以及资源包配置 success in 9 ms √7%
2023-3-22 16:31:46-debug: Process: heapTotal 225.66MB heapUsed 194.89MB rss 284.20MB
2023-3-22 16:31:46-debug: // ---- build task 整理脚本分组与脚本数据 ----
2023-3-22 16:31:46-debug: // ---- build task 整理脚本分组与脚本数据 ---- (1ms)
2023-3-22 16:31:46-debug: // ---- build task 初始化 settings.json 与 config.json ----
2023-3-22 16:31:46-debug: 初始化 settings.json 与 config.json start10%
2023-3-22 16:31:46-debug: run build task 整理脚本分组与脚本数据 success in 1 ms √10%
2023-3-22 16:31:46-debug: Process: heapTotal 225.66MB heapUsed 194.93MB rss 284.27MB
2023-3-22 16:31:46-debug: // ---- build task 初始化 settings.json 与 config.json ---- (1ms)
2023-3-22 16:31:46-debug: builder.tasks.settings.macro start11%
2023-3-22 16:31:46-debug: // ---- build task builder.tasks.settings.macro ----
2023-3-22 16:31:46-debug: run build task 初始化 settings.json 与 config.json success in 1 ms √11%
2023-3-22 16:31:46-debug: builder.tasks.settings.macro 字段未在编辑器多语言内定义
2023-3-22 16:31:46-debug: Process: heapTotal 225.66MB heapUsed 194.96MB rss 284.28MB
2023-3-22 16:31:46-debug: // ---- build task builder.tasks.settings.macro ---- (2ms)
2023-3-22 16:31:46-debug: run build task builder.tasks.settings.macro success in 2 ms √11%
2023-3-22 16:31:46-debug: 整理部分构建选项内数据到 settings.json start11%
2023-3-22 16:31:46-debug: // ---- build task 整理部分构建选项内数据到 settings.json ----
2023-3-22 16:31:46-debug: Process: heapTotal 225.66MB heapUsed 194.99MB rss 284.28MB
2023-3-22 16:31:46-debug: // ---- build task 整理部分构建选项内数据到 settings.json ---- (323ms)
2023-3-22 16:31:46-debug: Process: heapTotal 225.66MB heapUsed 195.05MB rss 284.29MB
2023-3-22 16:31:46-debug: custom joint texture layouts start12%
2023-3-22 16:31:46-debug: // ---- build task custom joint texture layouts ----
2023-3-22 16:31:46-debug: run build task 整理部分构建选项内数据到 settings.json success in 323 ms √12%
2023-3-22 16:31:46-debug: // ---- build task custom joint texture layouts ---- (1ms)
2023-3-22 16:31:46-debug: Process: heapTotal 225.66MB heapUsed 195.07MB rss 284.29MB
2023-3-22 16:31:46-debug: custom joint physics start12%
2023-3-22 16:31:46-debug: // ---- build task custom joint physics ----
2023-3-22 16:31:46-debug: run build task custom joint texture layouts success in 1 ms √12%
2023-3-22 16:31:46-debug: run build task custom joint physics success in 0 ms √13%
2023-3-22 16:31:46-debug: // ---- build task 填充脚本数据到 settings.json ----
2023-3-22 16:31:46-debug: 填充脚本数据到 settings.json start13%
2023-3-22 16:31:46-debug: Process: heapTotal 225.66MB heapUsed 195.09MB rss 284.29MB
2023-3-22 16:31:46-debug: run build task 填充脚本数据到 settings.json success in 0 ms √13%
2023-3-22 16:31:46-debug: 填充场景数据到 settings.json start13%
2023-3-22 16:31:46-debug: // ---- build task 填充场景数据到 settings.json ----
2023-3-22 16:31:46-debug: Process: heapTotal 225.66MB heapUsed 195.11MB rss 284.30MB
2023-3-22 16:31:46-debug: run build task 填充场景数据到 settings.json success in 0 ms √14%
2023-3-22 16:31:46-debug: // ---- build task 整理资源分组，生成 packedAssets 以及 rawAssets 数据 ----
2023-3-22 16:31:46-debug: 整理资源分组，生成 packedAssets 以及 rawAssets 数据 start14%
2023-3-22 16:31:46-debug: Process: heapTotal 225.66MB heapUsed 195.13MB rss 284.30MB
2023-3-22 16:31:46-debug: // ---- build task 整理资源分组，生成 packedAssets 以及 rawAssets 数据 ---- (2ms)
2023-3-22 16:31:46-debug: // ---- build task 从 suffixMap 生成 md5AssetsMap 到 settings.json ----
2023-3-22 16:31:46-debug: options.md5Cache is false.
2023-3-22 16:31:46-debug: Process: heapTotal 225.66MB heapUsed 195.64MB rss 284.31MB
2023-3-22 16:31:46-debug: run build task 整理资源分组，生成 packedAssets 以及 rawAssets 数据 success in 2 ms √14%
2023-3-22 16:31:46-debug: 从 suffixMap 生成 md5AssetsMap 到 settings.json start14%
2023-3-22 16:31:46-debug: run build task 从 suffixMap 生成 md5AssetsMap 到 settings.json success in 0 ms √15%
2023-3-22 19:36:55-debug: refresh db internal success
2023-3-22 19:36:55-debug: asset-db:worker-effect-data-processing (131ms)
2023-3-22 19:36:55-debug: refresh db assets success
2023-3-22 19:36:55-debug: asset-db:refresh-all-database (227ms)
2023-3-22 19:42:54-debug: refresh db internal success
2023-3-22 19:42:54-debug: asset-db:worker-effect-data-processing (331ms)
2023-3-22 19:42:54-debug: refresh db assets success
2023-3-22 19:42:54-debug: asset-db:refresh-all-database (384ms)
