2023-3-24 16:35:19-debug: asset-db:worker-init (1457ms)
2023-3-24 16:35:20-debug: Preimport db internal success
2023-3-24 16:35:20-debug: %cImport%c: /Users/zzx/Desktop/naga123/client/assets/scenebackground: #aaff85; color: #000;color: #000;
2023-3-24 16:35:20-debug: %cImport%c: /Users/zzx/Desktop/naga123/client/assets/script/utils/websocket.tsbackground: #aaff85; color: #000;color: #000;
2023-3-24 16:35:20-debug: Preimport db assets success
2023-3-24 16:35:20-debug: asset-db:worker-effect-data-processing (142ms)
2023-3-24 16:35:26-debug: Set detail map pack:///resolution-detail-map.json: {}
2023-3-24 16:35:26-debug: Start up the 'internal' database...
2023-3-24 16:35:26-debug: asset-db:worker-init-script (5ms)
2023-3-24 16:35:26-debug: Start up the 'assets' database...
2023-3-24 16:35:26-debug: Asset DB is ready!
2023-3-24 16:35:26-debug: init worker message success
2023-3-24 16:35:26-debug: programming:execute-script (1ms)
2023-3-24 16:35:26-debug: builder:worker-init (160ms)
2023-3-24 16:35:29-debug: programming:execute-script (3ms)
2023-3-24 16:35:43-debug: Query all assets info in project
2023-3-24 16:35:43-debug: init custom config: keepNodeUuid: false, useCache: true
2023-3-24 16:35:43-debug: 查询 Asset Bundle start0%
2023-3-24 16:35:43-debug: // ---- build task 查询 Asset Bundle ----
2023-3-24 16:35:43-debug: Process: heapTotal 235.07MB heapUsed 211.00MB rss 682.30MB
2023-3-24 16:35:43-debug:   Number of all scenes: 3
2023-3-24 16:35:43-debug:   Number of all scripts: 10
2023-3-24 16:35:43-debug:   Number of other assets: 386
2023-3-24 16:35:43-debug: // ---- build task 查询 Asset Bundle ---- (274ms)
2023-3-24 16:35:43-debug: run build task 查询 Asset Bundle success in 274 ms √3%
2023-3-24 16:35:43-debug: 查询使用的资源以及资源包配置 start3%
2023-3-24 16:35:43-debug: // ---- build task 查询使用的资源以及资源包配置 ----
2023-3-24 16:35:43-debug: Process: heapTotal 216.07MB heapUsed 189.65MB rss 682.59MB
2023-3-24 16:35:43-debug: Query preload assets from cc.config.json: 60f7195c-ec2a-45eb-ba94-8955f60e81d0,1c02ae6f-4492-4915-b8f8-7492a3b1e4cd,810e96e4-e456-4468-9b59-f4e8f39732c0,efe8e2a3-eace-427b-b4f1-cb8a937ec77d,e9aa9a3e-5b2b-4ac7-a2c7-073de2b2b24f,8bbdbcdd-5cd4-4100-b6d5-b7c9625b6107,50f4348b-c883-4e2f-8f11-ce233b859fa1,fda095cb-831d-4601-ad94-846013963de8,f92806d7-1768-443f-afe8-12bcde84d0f0,dd3a144d-ab7f-41f0-82b8-2e43a090d496,f0416e68-0200-4b77-a926-4f9d16e494da,1baf0fc9-befa-459c-8bdd-af1a450a0319,511d2633-09a7-4bdd-ac42-f778032124b3,5d45aa00-e064-4938-b314-4265f0c2258c,28d6d6b8-3f66-4a73-9795-17a0852ba2d4,ec8106fe-05bf-4e94-943c-e0d3b7bb5e45,620b6bf3-0369-4560-837f-2a2c00b73c26,2df0a40b-26c2-47ce-be0d-4d3cd4164737,ff9be190-20a4-4e48-b68c-76e3c7cff085,970b0598-bcb0-4714-91fb-2e81440dccd8,bcd64cc6-2dd9-43f6-abbe-66318d332032,d930590d-bb92-4cc8-8bd1-23cd027f9edf,a3cd009f-0ab0-420d-9278-b9fdab939bbc,9361fd90-ba52-4f84-aa93-6e878fd576ca,c27215d8-6835-4b68-bfbb-bdeac6100c04,b5d6115f-0370-4d7c-aad3-c194cc71cf98,d1346436-ac96-4271-b863-1f4fdead95b0,971bdb23-3ff6-43eb-b422-1c30165a3663,17debcc3-0a6b-4b8a-b00b-dc58b885581e,711ebe11-f673-4cd9-9a83-63c60ba54c5b,c0143906-9aed-447e-9436-2ae8512d1b6e,14da1725-c4c2-42b4-ab08-ee0aeb6898b3,081cab31-dccd-428e-8652-f2404cc81c47,78e0584a-4343-4727-8f37-e14e65c2a2db,ba21476f-2866-4f81-9c4d-6e359316e448,871c3b6c-7379-419d-bda3-794b239ab90d,1d08ef62-a503-4ce2-8b9a-46c90873f7d3
2023-3-24 16:35:43-debug: Number of scenes: 3
2023-3-24 16:35:43-debug: // ---- build task 查询使用的资源以及资源包配置 ---- (6ms)
2023-3-24 16:35:43-debug: run build task 查询使用的资源以及资源包配置 success in 6 ms √7%
2023-3-24 16:35:43-debug: sort script group...
2023-3-24 16:35:43-debug: // ---- build task 整理脚本分组与脚本数据 ----
2023-3-24 16:35:43-debug: Process: heapTotal 216.07MB heapUsed 191.37MB rss 682.60MB
2023-3-24 16:35:43-debug: 整理脚本分组与脚本数据 start7%
2023-3-24 16:35:43-debug: run build task 整理脚本分组与脚本数据 success in 0 ms √10%
2023-3-24 16:35:43-debug: // ---- build task 初始化 settings.json 与 config.json ----
2023-3-24 16:35:43-debug: 初始化 settings.json 与 config.json start10%
2023-3-24 16:35:43-debug: Process: heapTotal 216.07MB heapUsed 191.41MB rss 682.60MB
2023-3-24 16:35:43-debug: run build task 初始化 settings.json 与 config.json success in 0 ms √11%
2023-3-24 16:35:43-debug: builder.tasks.settings.macro 字段未在编辑器多语言内定义
2023-3-24 16:35:43-debug: builder.tasks.settings.macro start11%
2023-3-24 16:35:43-debug: // ---- build task builder.tasks.settings.macro ----
2023-3-24 16:35:43-debug: Process: heapTotal 216.07MB heapUsed 191.44MB rss 682.60MB
2023-3-24 16:35:43-debug: // ---- build task builder.tasks.settings.macro ---- (1ms)
2023-3-24 16:35:43-debug: // ---- build task 整理部分构建选项内数据到 settings.json ----
2023-3-24 16:35:43-debug: 整理部分构建选项内数据到 settings.json start11%
2023-3-24 16:35:43-debug: Process: heapTotal 216.07MB heapUsed 191.49MB rss 682.60MB
2023-3-24 16:35:43-debug: run build task builder.tasks.settings.macro success in 1 ms √11%
2023-3-24 16:35:52-debug: // ---- build task 整理部分构建选项内数据到 settings.json ---- (9101ms)
2023-3-24 16:35:52-debug: Process: heapTotal 200.07MB heapUsed 187.28MB rss 683.04MB
2023-3-24 16:35:52-debug: custom joint texture layouts start12%
2023-3-24 16:35:52-debug: // ---- build task custom joint texture layouts ----
2023-3-24 16:35:52-debug: run build task 整理部分构建选项内数据到 settings.json success in 9101 ms √12%
2023-3-24 16:35:52-debug: // ---- build task custom joint texture layouts ---- (1ms)
2023-3-24 16:35:52-debug: run build task custom joint texture layouts success in 1 ms √12%
2023-3-24 16:35:52-debug: custom joint physics start12%
2023-3-24 16:35:52-debug: // ---- build task custom joint physics ----
2023-3-24 16:35:52-debug: Process: heapTotal 200.07MB heapUsed 187.30MB rss 683.05MB
2023-3-24 16:35:52-debug: // ---- build task custom joint physics ---- (1ms)
2023-3-24 16:35:52-debug: 填充脚本数据到 settings.json start13%
2023-3-24 16:35:52-debug: // ---- build task 填充脚本数据到 settings.json ----
2023-3-24 16:35:52-debug: run build task custom joint physics success in 1 ms √13%
2023-3-24 16:35:52-debug: Process: heapTotal 200.07MB heapUsed 187.33MB rss 683.05MB
2023-3-24 16:35:52-debug: run build task 填充脚本数据到 settings.json success in 0 ms √13%
2023-3-24 16:35:52-debug: 填充场景数据到 settings.json start13%
2023-3-24 16:35:52-debug: // ---- build task 填充场景数据到 settings.json ----
2023-3-24 16:35:52-debug: Process: heapTotal 200.07MB heapUsed 187.42MB rss 683.05MB
2023-3-24 16:35:52-debug: run build task 填充场景数据到 settings.json success in 0 ms √14%
2023-3-24 16:35:52-debug: 整理资源分组，生成 packedAssets 以及 rawAssets 数据 start14%
2023-3-24 16:35:52-debug: // ---- build task 整理资源分组，生成 packedAssets 以及 rawAssets 数据 ----
2023-3-24 16:35:52-debug: Process: heapTotal 200.07MB heapUsed 187.44MB rss 683.05MB
2023-3-24 16:35:52-debug: // ---- build task 整理资源分组，生成 packedAssets 以及 rawAssets 数据 ---- (2ms)
2023-3-24 16:35:52-debug: run build task 整理资源分组，生成 packedAssets 以及 rawAssets 数据 success in 2 ms √14%
2023-3-24 16:35:52-debug: options.md5Cache is false.
2023-3-24 16:35:52-debug: // ---- build task 从 suffixMap 生成 md5AssetsMap 到 settings.json ----
2023-3-24 16:35:52-debug: Process: heapTotal 200.07MB heapUsed 187.96MB rss 683.06MB
2023-3-24 16:35:52-debug: 从 suffixMap 生成 md5AssetsMap 到 settings.json start14%
2023-3-24 16:35:52-debug: run build task 从 suffixMap 生成 md5AssetsMap 到 settings.json success in 0 ms √15%
2023-3-24 16:36:54-debug: refresh db internal success
2023-3-24 16:36:54-debug: asset-db:worker-effect-data-processing (139ms)
2023-3-24 16:36:54-debug: refresh db assets success
2023-3-24 16:36:54-debug: asset-db:refresh-all-database (193ms)
2023-3-24 16:37:13-debug: refresh db internal success
2023-3-24 16:37:13-debug: asset-db:worker-effect-data-processing (120ms)
2023-3-24 16:37:13-debug: %cImport%c: /Users/zzx/Desktop/naga123/client/assets/script/hall/hall.tsbackground: #aaff85; color: #000;color: #000;
2023-3-24 16:37:13-debug: refresh db assets success
2023-3-24 16:37:13-debug: asset-db:refresh-all-database (168ms)
2023-3-24 16:37:14-debug: Query all assets info in project
2023-3-24 16:37:14-debug: init custom config: keepNodeUuid: false, useCache: true
2023-3-24 16:37:14-debug:   Number of other assets: 386
2023-3-24 16:37:14-debug:   Number of all scenes: 3
2023-3-24 16:37:14-debug: Process: heapTotal 213.85MB heapUsed 199.94MB rss 683.63MB
2023-3-24 16:37:14-debug: // ---- build task 查询 Asset Bundle ----
2023-3-24 16:37:14-debug:   Number of all scripts: 10
2023-3-24 16:37:14-debug: 查询 Asset Bundle start0%
2023-3-24 16:37:14-debug: // ---- build task 查询 Asset Bundle ---- (8ms)
2023-3-24 16:37:14-debug: 查询使用的资源以及资源包配置 start3%
2023-3-24 16:37:14-debug: run build task 查询 Asset Bundle success in 8 ms √3%
2023-3-24 16:37:14-debug: // ---- build task 查询使用的资源以及资源包配置 ----
2023-3-24 16:37:14-debug: Process: heapTotal 213.85MB heapUsed 198.54MB rss 683.63MB
2023-3-24 16:37:14-debug: Query preload assets from cc.config.json: 60f7195c-ec2a-45eb-ba94-8955f60e81d0,1c02ae6f-4492-4915-b8f8-7492a3b1e4cd,810e96e4-e456-4468-9b59-f4e8f39732c0,efe8e2a3-eace-427b-b4f1-cb8a937ec77d,e9aa9a3e-5b2b-4ac7-a2c7-073de2b2b24f,8bbdbcdd-5cd4-4100-b6d5-b7c9625b6107,50f4348b-c883-4e2f-8f11-ce233b859fa1,fda095cb-831d-4601-ad94-846013963de8,f92806d7-1768-443f-afe8-12bcde84d0f0,dd3a144d-ab7f-41f0-82b8-2e43a090d496,f0416e68-0200-4b77-a926-4f9d16e494da,1baf0fc9-befa-459c-8bdd-af1a450a0319,511d2633-09a7-4bdd-ac42-f778032124b3,5d45aa00-e064-4938-b314-4265f0c2258c,28d6d6b8-3f66-4a73-9795-17a0852ba2d4,ec8106fe-05bf-4e94-943c-e0d3b7bb5e45,620b6bf3-0369-4560-837f-2a2c00b73c26,2df0a40b-26c2-47ce-be0d-4d3cd4164737,ff9be190-20a4-4e48-b68c-76e3c7cff085,970b0598-bcb0-4714-91fb-2e81440dccd8,bcd64cc6-2dd9-43f6-abbe-66318d332032,d930590d-bb92-4cc8-8bd1-23cd027f9edf,a3cd009f-0ab0-420d-9278-b9fdab939bbc,9361fd90-ba52-4f84-aa93-6e878fd576ca,c27215d8-6835-4b68-bfbb-bdeac6100c04,b5d6115f-0370-4d7c-aad3-c194cc71cf98,d1346436-ac96-4271-b863-1f4fdead95b0,971bdb23-3ff6-43eb-b422-1c30165a3663,17debcc3-0a6b-4b8a-b00b-dc58b885581e,711ebe11-f673-4cd9-9a83-63c60ba54c5b,c0143906-9aed-447e-9436-2ae8512d1b6e,14da1725-c4c2-42b4-ab08-ee0aeb6898b3,081cab31-dccd-428e-8652-f2404cc81c47,78e0584a-4343-4727-8f37-e14e65c2a2db,ba21476f-2866-4f81-9c4d-6e359316e448,871c3b6c-7379-419d-bda3-794b239ab90d,1d08ef62-a503-4ce2-8b9a-46c90873f7d3
2023-3-24 16:37:14-debug: Number of scenes: 3
2023-3-24 16:37:14-debug: // ---- build task 查询使用的资源以及资源包配置 ---- (7ms)
2023-3-24 16:37:14-debug: Process: heapTotal 213.85MB heapUsed 196.94MB rss 683.64MB
2023-3-24 16:37:14-debug: sort script group...
2023-3-24 16:37:14-debug: // ---- build task 整理脚本分组与脚本数据 ----
2023-3-24 16:37:14-debug: run build task 查询使用的资源以及资源包配置 success in 7 ms √7%
2023-3-24 16:37:14-debug: 整理脚本分组与脚本数据 start7%
2023-3-24 16:37:14-debug: // ---- build task 整理脚本分组与脚本数据 ---- (1ms)
2023-3-24 16:37:14-debug: // ---- build task 初始化 settings.json 与 config.json ----
2023-3-24 16:37:14-debug: 初始化 settings.json 与 config.json start10%
2023-3-24 16:37:14-debug: Process: heapTotal 213.85MB heapUsed 196.98MB rss 683.64MB
2023-3-24 16:37:14-debug: run build task 整理脚本分组与脚本数据 success in 1 ms √10%
2023-3-24 16:37:14-debug: run build task 初始化 settings.json 与 config.json success in 0 ms √11%
2023-3-24 16:37:14-debug: // ---- build task builder.tasks.settings.macro ----
2023-3-24 16:37:14-debug: builder.tasks.settings.macro start11%
2023-3-24 16:37:14-debug: Process: heapTotal 213.85MB heapUsed 197.01MB rss 683.64MB
2023-3-24 16:37:14-debug: builder.tasks.settings.macro 字段未在编辑器多语言内定义
2023-3-24 16:37:14-debug: // ---- build task builder.tasks.settings.macro ---- (1ms)
2023-3-24 16:37:14-debug: run build task builder.tasks.settings.macro success in 1 ms √11%
2023-3-24 16:37:14-debug: 整理部分构建选项内数据到 settings.json start11%
2023-3-24 16:37:14-debug: // ---- build task 整理部分构建选项内数据到 settings.json ----
2023-3-24 16:37:14-debug: Process: heapTotal 213.85MB heapUsed 197.03MB rss 683.65MB
2023-3-24 16:37:23-debug: // ---- build task 整理部分构建选项内数据到 settings.json ---- (9390ms)
2023-3-24 16:37:23-debug: run build task 整理部分构建选项内数据到 settings.json success in 9390 ms √12%
2023-3-24 16:37:23-debug: custom joint texture layouts start12%
2023-3-24 16:37:23-debug: // ---- build task custom joint texture layouts ----
2023-3-24 16:37:23-debug: Process: heapTotal 213.85MB heapUsed 197.11MB rss 683.66MB
2023-3-24 16:37:23-debug: // ---- build task custom joint texture layouts ---- (1ms)
2023-3-24 16:37:23-debug: run build task custom joint texture layouts success in 1 ms √12%
2023-3-24 16:37:23-debug: custom joint physics start12%
2023-3-24 16:37:23-debug: // ---- build task custom joint physics ----
2023-3-24 16:37:23-debug: Process: heapTotal 213.85MB heapUsed 197.14MB rss 683.66MB
2023-3-24 16:37:23-debug: // ---- build task custom joint physics ---- (1ms)
2023-3-24 16:37:23-debug: 填充脚本数据到 settings.json start13%
2023-3-24 16:37:23-debug: run build task custom joint physics success in 1 ms √13%
2023-3-24 16:37:23-debug: // ---- build task 填充脚本数据到 settings.json ----
2023-3-24 16:37:23-debug: Process: heapTotal 213.85MB heapUsed 197.16MB rss 683.66MB
2023-3-24 16:37:23-debug: run build task 填充脚本数据到 settings.json success in 0 ms √13%
2023-3-24 16:37:23-debug: // ---- build task 填充场景数据到 settings.json ----
2023-3-24 16:37:23-debug: 填充场景数据到 settings.json start13%
2023-3-24 16:37:23-debug: Process: heapTotal 213.85MB heapUsed 197.18MB rss 683.67MB
2023-3-24 16:37:23-debug: run build task 填充场景数据到 settings.json success in 0 ms √14%
2023-3-24 16:37:23-debug: 整理资源分组，生成 packedAssets 以及 rawAssets 数据 start14%
2023-3-24 16:37:23-debug: // ---- build task 整理资源分组，生成 packedAssets 以及 rawAssets 数据 ----
2023-3-24 16:37:23-debug: Process: heapTotal 213.85MB heapUsed 197.20MB rss 683.68MB
2023-3-24 16:37:23-debug: // ---- build task 整理资源分组，生成 packedAssets 以及 rawAssets 数据 ---- (3ms)
2023-3-24 16:37:23-debug: // ---- build task 从 suffixMap 生成 md5AssetsMap 到 settings.json ----
2023-3-24 16:37:23-debug: options.md5Cache is false.
2023-3-24 16:37:23-debug: Process: heapTotal 213.85MB heapUsed 197.71MB rss 683.69MB
2023-3-24 16:37:23-debug: run build task 整理资源分组，生成 packedAssets 以及 rawAssets 数据 success in 3 ms √14%
2023-3-24 16:37:23-debug: 从 suffixMap 生成 md5AssetsMap 到 settings.json start14%
2023-3-24 16:37:23-debug: // ---- build task 从 suffixMap 生成 md5AssetsMap 到 settings.json ---- (1ms)
2023-3-24 16:37:23-debug: run build task 从 suffixMap 生成 md5AssetsMap 到 settings.json success in 1 ms √15%
