debug: Wed, 22 Mar 2023 06:45:36 GMT
debug: Project: /Users/zzx/Desktop/naga123/client
debug: Targets: editor,preview
debug: Incremental file seems great.
debug: Engine path: /Applications/CocosCreator/Creator/3.7.1/CocosCreator.app/Contents/Resources/resources/3d/engine
debug: Initializing target [Editor]
debug: Loading cache
debug: Loading cache costs 1.5601692199707031ms.
debug: Engine features shipped in editor: base,gfx-webgl,gfx-webgl2,gfx-empty,3d,animation,skeletal-animation,2d,ui,particle,particle-2d,physics-framework,physics-2d-framework,intersection-2d,primitive,profiler,occlusion-query,geometry-renderer,debug-renderer,audio,video,xr,light-probe,terrain,webview,tween,tiled-map,spine,dragon-bones,marionette,custom-pipeline,websocket,websocket-server
debug: Our import map(foo:/bar): {
  "imports": {
    "cc": "cce:/internal/x/cc"
  }
}
debug: Initializing target [Preview]
debug: Loading cache
debug: Loading cache costs 1.5540781021118164ms.
debug: Our import map(foo:/bar): {
  "imports": {
    "cc": "cce:/internal/x/cc"
  }
}
debug: Sync engine features: 2d,3d,animation,audio,base,dragon-bones,gfx-webgl,gfx-webgl2,intersection-2d,light-probe,marionette,particle,particle-2d,physics-2d-box2d,physics-ammo,primitive,profiler,skeletal-animation,spine,terrain,tiled-map,tween,ui,video,websocket,webview
debug: Reset databases. Enumerated domains: [
  {
    "root": "db://internal/",
    "physical": "/Applications/CocosCreator/Creator/3.7.1/CocosCreator.app/Contents/Resources/resources/3d/engine/editor/assets"
  },
  {
    "root": "db://assets/",
    "physical": "/Users/zzx/Desktop/naga123/client/assets"
  }
]
debug: Our import map(foo:/bar): {
  "imports": {
    "cc": "cce:/internal/x/cc",
    "db://internal/": "file:///Applications/CocosCreator/Creator/3.7.1/CocosCreator.app/Contents/Resources/resources/3d/engine/editor/assets/",
    "db://assets/": "file:///Users/zzx/Desktop/naga123/client/assets/"
  }
}
debug: Our import map(foo:/bar): {
  "imports": {
    "cc": "cce:/internal/x/cc",
    "db://internal/": "file:///Applications/CocosCreator/Creator/3.7.1/CocosCreator.app/Contents/Resources/resources/3d/engine/editor/assets/",
    "db://assets/": "file:///Users/zzx/Desktop/naga123/client/assets/"
  }
}
debug: Pulling asset-db.
debug: Fetch asset-db cost: 2997.763096809387ms.
debug: Build iteration starts.
Number of accumulated asset changes: 8
Feature changed: false
debug: Target(editor) build started.
debug: Detected change: cce:/internal/x/cc. Last mtime: Thu Jan 01 1970 07:00:15 GMT+0700 (印度支那时间), Current mtime: Thu Jan 01 1970 07:00:06 GMT+0700 (印度支那时间)
debug: Inspect cce:/internal/x/cc
debug: Resolve cce:/internal/x/cc-fu/base from cce:/internal/x/cc as external dependency cce:/internal/x/cc-fu/base.
debug: Resolve cce:/internal/x/cc-fu/gfx-webgl from cce:/internal/x/cc as external dependency cce:/internal/x/cc-fu/gfx-webgl.
debug: Resolve cce:/internal/x/cc-fu/gfx-webgl2 from cce:/internal/x/cc as external dependency cce:/internal/x/cc-fu/gfx-webgl2.
debug: Resolve cce:/internal/x/cc-fu/gfx-empty from cce:/internal/x/cc as external dependency cce:/internal/x/cc-fu/gfx-empty.
debug: Resolve cce:/internal/x/cc-fu/3d from cce:/internal/x/cc as external dependency cce:/internal/x/cc-fu/3d.
debug: Resolve cce:/internal/x/cc-fu/animation from cce:/internal/x/cc as external dependency cce:/internal/x/cc-fu/animation.
debug: Resolve cce:/internal/x/cc-fu/skeletal-animation from cce:/internal/x/cc as external dependency cce:/internal/x/cc-fu/skeletal-animation.
debug: Resolve cce:/internal/x/cc-fu/2d from cce:/internal/x/cc as external dependency cce:/internal/x/cc-fu/2d.
debug: Resolve cce:/internal/x/cc-fu/sorting from cce:/internal/x/cc as external dependency cce:/internal/x/cc-fu/sorting.
debug: Resolve cce:/internal/x/cc-fu/ui from cce:/internal/x/cc as external dependency cce:/internal/x/cc-fu/ui.
debug: Resolve cce:/internal/x/cc-fu/particle from cce:/internal/x/cc as external dependency cce:/internal/x/cc-fu/particle.
debug: Resolve cce:/internal/x/cc-fu/particle-2d from cce:/internal/x/cc as external dependency cce:/internal/x/cc-fu/particle-2d.
debug: Resolve cce:/internal/x/cc-fu/physics-framework from cce:/internal/x/cc as external dependency cce:/internal/x/cc-fu/physics-framework.
debug: Resolve cce:/internal/x/cc-fu/physics-2d-framework from cce:/internal/x/cc as external dependency cce:/internal/x/cc-fu/physics-2d-framework.
debug: Resolve cce:/internal/x/cc-fu/intersection-2d from cce:/internal/x/cc as external dependency cce:/internal/x/cc-fu/intersection-2d.
debug: Resolve cce:/internal/x/cc-fu/primitive from cce:/internal/x/cc as external dependency cce:/internal/x/cc-fu/primitive.
debug: Resolve cce:/internal/x/cc-fu/profiler from cce:/internal/x/cc as external dependency cce:/internal/x/cc-fu/profiler.
debug: Resolve cce:/internal/x/cc-fu/geometry-renderer from cce:/internal/x/cc as external dependency cce:/internal/x/cc-fu/geometry-renderer.
debug: Resolve cce:/internal/x/cc-fu/audio from cce:/internal/x/cc as external dependency cce:/internal/x/cc-fu/audio.
debug: Resolve cce:/internal/x/cc-fu/video from cce:/internal/x/cc as external dependency cce:/internal/x/cc-fu/video.
debug: Resolve cce:/internal/x/cc-fu/xr from cce:/internal/x/cc as external dependency cce:/internal/x/cc-fu/xr.
debug: Resolve cce:/internal/x/cc-fu/light-probe from cce:/internal/x/cc as external dependency cce:/internal/x/cc-fu/light-probe.
debug: Resolve cce:/internal/x/cc-fu/terrain from cce:/internal/x/cc as external dependency cce:/internal/x/cc-fu/terrain.
debug: Resolve cce:/internal/x/cc-fu/webview from cce:/internal/x/cc as external dependency cce:/internal/x/cc-fu/webview.
debug: Resolve cce:/internal/x/cc-fu/tween from cce:/internal/x/cc as external dependency cce:/internal/x/cc-fu/tween.
debug: Resolve cce:/internal/x/cc-fu/tiled-map from cce:/internal/x/cc as external dependency cce:/internal/x/cc-fu/tiled-map.
debug: Resolve cce:/internal/x/cc-fu/spine from cce:/internal/x/cc as external dependency cce:/internal/x/cc-fu/spine.
debug: Resolve cce:/internal/x/cc-fu/dragon-bones from cce:/internal/x/cc as external dependency cce:/internal/x/cc-fu/dragon-bones.
debug: Resolve cce:/internal/x/cc-fu/custom-pipeline from cce:/internal/x/cc as external dependency cce:/internal/x/cc-fu/custom-pipeline.
debug: Detected change: cce:/internal/x/prerequisite-imports. Last mtime: Thu Jan 01 1970 07:16:35 GMT+0700 (印度支那时间), Current mtime: Thu Jan 01 1970 07:00:09 GMT+0700 (印度支那时间)
debug: Inspect cce:/internal/x/prerequisite-imports
debug: Resolve file:///Users/zzx/Desktop/naga123/client/assets/script/common/loading.ts from cce:/internal/x/prerequisite-imports as file:///Users/zzx/Desktop/naga123/client/assets/script/common/loading.ts.
debug: Detected change: file:///Users/zzx/Desktop/naga123/client/assets/script/common/loading.ts. Last mtime: Tue Mar 21 2023 14:59:55 GMT+0700 (印度支那时间)@9c87b422-9683-4cf3-abd0-b51b50c9f8d2, Current mtime: Wed Mar 22 2023 13:43:12 GMT+0700 (印度支那时间)@9c87b422-9683-4cf3-abd0-b51b50c9f8d2
debug: Inspect file:///Users/zzx/Desktop/naga123/client/assets/script/common/loading.ts
debug: Resolve cc from file:///Users/zzx/Desktop/naga123/client/assets/script/common/loading.ts as cce:/internal/x/cc.
debug: Resolve cc from file:///Users/zzx/Desktop/naga123/client/assets/script/common/loading.ts as cce:/internal/x/cc.
debug: Resolve cc from file:///Users/zzx/Desktop/naga123/client/assets/script/common/loading.ts as cce:/internal/x/cc.
debug: Resolve file:///Users/zzx/Desktop/naga123/client/assets/script/common/tips.ts from cce:/internal/x/prerequisite-imports as file:///Users/zzx/Desktop/naga123/client/assets/script/common/tips.ts.
debug: Resolve cc from file:///Users/zzx/Desktop/naga123/client/assets/script/common/tips.ts as cce:/internal/x/cc.
debug: Resolve cc from file:///Users/zzx/Desktop/naga123/client/assets/script/common/tips.ts as cce:/internal/x/cc.
debug: Resolve cc from file:///Users/zzx/Desktop/naga123/client/assets/script/common/tips.ts as cce:/internal/x/cc.
debug: Resolve file:///Users/zzx/Desktop/naga123/client/assets/script/hall/hall.ts from cce:/internal/x/prerequisite-imports as file:///Users/zzx/Desktop/naga123/client/assets/script/hall/hall.ts.
debug: Resolve cce:/internal/code-quality/cr.mjs from file:///Users/zzx/Desktop/naga123/client/assets/script/hall/hall.ts as cce:/internal/code-quality/cr.mjs.
debug: Detected change: cce:/internal/code-quality/cr.mjs. Last mtime: Tue Mar 21 2023 22:04:05 GMT+0700 (印度支那时间), Current mtime: Wed Mar 22 2023 13:45:30 GMT+0700 (印度支那时间)
debug: Inspect cce:/internal/code-quality/cr.mjs
debug: Resolve cc from file:///Users/zzx/Desktop/naga123/client/assets/script/hall/hall.ts as cce:/internal/x/cc.
debug: Resolve cc from file:///Users/zzx/Desktop/naga123/client/assets/script/hall/hall.ts as cce:/internal/x/cc.
debug: Resolve cc from file:///Users/zzx/Desktop/naga123/client/assets/script/hall/hall.ts as cce:/internal/x/cc.
debug: Resolve ../utils/HTTP from file:///Users/zzx/Desktop/naga123/client/assets/script/hall/hall.ts as file:///Users/zzx/Desktop/naga123/client/assets/script/utils/HTTP.ts.
debug: Resolve cc from file:///Users/zzx/Desktop/naga123/client/assets/script/utils/HTTP.ts as cce:/internal/x/cc.
debug: Resolve cc from file:///Users/zzx/Desktop/naga123/client/assets/script/utils/HTTP.ts as cce:/internal/x/cc.
debug: Resolve cc from file:///Users/zzx/Desktop/naga123/client/assets/script/utils/HTTP.ts as cce:/internal/x/cc.
debug: Resolve file:///Users/zzx/Desktop/naga123/client/assets/script/hall/hall_bind_account.ts from cce:/internal/x/prerequisite-imports as file:///Users/zzx/Desktop/naga123/client/assets/script/hall/hall_bind_account.ts.
debug: Resolve cce:/internal/code-quality/cr.mjs from file:///Users/zzx/Desktop/naga123/client/assets/script/hall/hall_bind_account.ts as cce:/internal/code-quality/cr.mjs.
debug: Resolve cc from file:///Users/zzx/Desktop/naga123/client/assets/script/hall/hall_bind_account.ts as cce:/internal/x/cc.
debug: Resolve cc from file:///Users/zzx/Desktop/naga123/client/assets/script/hall/hall_bind_account.ts as cce:/internal/x/cc.
debug: Resolve cc from file:///Users/zzx/Desktop/naga123/client/assets/script/hall/hall_bind_account.ts as cce:/internal/x/cc.
debug: Resolve ../utils/HTTP from file:///Users/zzx/Desktop/naga123/client/assets/script/hall/hall_bind_account.ts as file:///Users/zzx/Desktop/naga123/client/assets/script/utils/HTTP.ts.
debug: Resolve file:///Users/zzx/Desktop/naga123/client/assets/script/login/login.ts from cce:/internal/x/prerequisite-imports as file:///Users/zzx/Desktop/naga123/client/assets/script/login/login.ts.
debug: Resolve cce:/internal/code-quality/cr.mjs from file:///Users/zzx/Desktop/naga123/client/assets/script/login/login.ts as cce:/internal/code-quality/cr.mjs.
debug: Resolve cc from file:///Users/zzx/Desktop/naga123/client/assets/script/login/login.ts as cce:/internal/x/cc.
debug: Resolve cc from file:///Users/zzx/Desktop/naga123/client/assets/script/login/login.ts as cce:/internal/x/cc.
debug: Resolve cc from file:///Users/zzx/Desktop/naga123/client/assets/script/login/login.ts as cce:/internal/x/cc.
debug: Resolve ../utils/userMgr from file:///Users/zzx/Desktop/naga123/client/assets/script/login/login.ts as file:///Users/zzx/Desktop/naga123/client/assets/script/utils/userMgr.ts.
debug: Resolve cce:/internal/code-quality/cr.mjs from file:///Users/zzx/Desktop/naga123/client/assets/script/utils/userMgr.ts as cce:/internal/code-quality/cr.mjs.
debug: Resolve cc from file:///Users/zzx/Desktop/naga123/client/assets/script/utils/userMgr.ts as cce:/internal/x/cc.
debug: Resolve cc from file:///Users/zzx/Desktop/naga123/client/assets/script/utils/userMgr.ts as cce:/internal/x/cc.
debug: Resolve cc from file:///Users/zzx/Desktop/naga123/client/assets/script/utils/userMgr.ts as cce:/internal/x/cc.
debug: Resolve ./HTTP from file:///Users/zzx/Desktop/naga123/client/assets/script/utils/userMgr.ts as file:///Users/zzx/Desktop/naga123/client/assets/script/utils/HTTP.ts.
debug: Resolve ../utils/HTTP from file:///Users/zzx/Desktop/naga123/client/assets/script/login/login.ts as file:///Users/zzx/Desktop/naga123/client/assets/script/utils/HTTP.ts.
debug: Resolve file:///Users/zzx/Desktop/naga123/client/assets/script/login/login_account.ts from cce:/internal/x/prerequisite-imports as file:///Users/zzx/Desktop/naga123/client/assets/script/login/login_account.ts.
debug: Resolve cce:/internal/code-quality/cr.mjs from file:///Users/zzx/Desktop/naga123/client/assets/script/login/login_account.ts as cce:/internal/code-quality/cr.mjs.
debug: Resolve cc from file:///Users/zzx/Desktop/naga123/client/assets/script/login/login_account.ts as cce:/internal/x/cc.
debug: Resolve cc from file:///Users/zzx/Desktop/naga123/client/assets/script/login/login_account.ts as cce:/internal/x/cc.
debug: Resolve cc from file:///Users/zzx/Desktop/naga123/client/assets/script/login/login_account.ts as cce:/internal/x/cc.
debug: Resolve ../utils/HTTP from file:///Users/zzx/Desktop/naga123/client/assets/script/login/login_account.ts as file:///Users/zzx/Desktop/naga123/client/assets/script/utils/HTTP.ts.
debug: Resolve file:///Users/zzx/Desktop/naga123/client/assets/script/utils/HTTP.ts from cce:/internal/x/prerequisite-imports as file:///Users/zzx/Desktop/naga123/client/assets/script/utils/HTTP.ts.
debug: Resolve file:///Users/zzx/Desktop/naga123/client/assets/script/utils/userMgr.ts from cce:/internal/x/prerequisite-imports as file:///Users/zzx/Desktop/naga123/client/assets/script/utils/userMgr.ts.
debug: Target(editor) ends with cost 193.53768587112427ms.
debug: Target(preview) build started.
debug: Detected change: cce:/internal/x/cc. Last mtime: Thu Jan 01 1970 07:00:15 GMT+0700 (印度支那时间), Current mtime: Thu Jan 01 1970 07:00:06 GMT+0700 (印度支那时间)
debug: Inspect cce:/internal/x/cc
debug: Resolve cce:/internal/x/cc-fu/2d from cce:/internal/x/cc as external dependency cce:/internal/x/cc-fu/2d.
debug: Resolve cce:/internal/x/cc-fu/sorting from cce:/internal/x/cc as external dependency cce:/internal/x/cc-fu/sorting.
debug: Resolve cce:/internal/x/cc-fu/3d from cce:/internal/x/cc as external dependency cce:/internal/x/cc-fu/3d.
debug: Resolve cce:/internal/x/cc-fu/animation from cce:/internal/x/cc as external dependency cce:/internal/x/cc-fu/animation.
debug: Resolve cce:/internal/x/cc-fu/audio from cce:/internal/x/cc as external dependency cce:/internal/x/cc-fu/audio.
debug: Resolve cce:/internal/x/cc-fu/base from cce:/internal/x/cc as external dependency cce:/internal/x/cc-fu/base.
debug: Resolve cce:/internal/x/cc-fu/dragon-bones from cce:/internal/x/cc as external dependency cce:/internal/x/cc-fu/dragon-bones.
debug: Resolve cce:/internal/x/cc-fu/gfx-webgl from cce:/internal/x/cc as external dependency cce:/internal/x/cc-fu/gfx-webgl.
debug: Resolve cce:/internal/x/cc-fu/gfx-webgl2 from cce:/internal/x/cc as external dependency cce:/internal/x/cc-fu/gfx-webgl2.
debug: Resolve cce:/internal/x/cc-fu/intersection-2d from cce:/internal/x/cc as external dependency cce:/internal/x/cc-fu/intersection-2d.
debug: Resolve cce:/internal/x/cc-fu/light-probe from cce:/internal/x/cc as external dependency cce:/internal/x/cc-fu/light-probe.
debug: Resolve cce:/internal/x/cc-fu/particle from cce:/internal/x/cc as external dependency cce:/internal/x/cc-fu/particle.
debug: Resolve cce:/internal/x/cc-fu/particle-2d from cce:/internal/x/cc as external dependency cce:/internal/x/cc-fu/particle-2d.
debug: Resolve cce:/internal/x/cc-fu/physics-2d-box2d from cce:/internal/x/cc as external dependency cce:/internal/x/cc-fu/physics-2d-box2d.
debug: Resolve cce:/internal/x/cc-fu/physics-2d-framework from cce:/internal/x/cc as external dependency cce:/internal/x/cc-fu/physics-2d-framework.
debug: Resolve cce:/internal/x/cc-fu/physics-ammo from cce:/internal/x/cc as external dependency cce:/internal/x/cc-fu/physics-ammo.
debug: Resolve cce:/internal/x/cc-fu/physics-framework from cce:/internal/x/cc as external dependency cce:/internal/x/cc-fu/physics-framework.
debug: Resolve cce:/internal/x/cc-fu/wait-for-ammo-instantiation from cce:/internal/x/cc as external dependency cce:/internal/x/cc-fu/wait-for-ammo-instantiation.
debug: Resolve cce:/internal/x/cc-fu/primitive from cce:/internal/x/cc as external dependency cce:/internal/x/cc-fu/primitive.
debug: Resolve cce:/internal/x/cc-fu/profiler from cce:/internal/x/cc as external dependency cce:/internal/x/cc-fu/profiler.
debug: Resolve cce:/internal/x/cc-fu/skeletal-animation from cce:/internal/x/cc as external dependency cce:/internal/x/cc-fu/skeletal-animation.
debug: Resolve cce:/internal/x/cc-fu/spine from cce:/internal/x/cc as external dependency cce:/internal/x/cc-fu/spine.
debug: Resolve cce:/internal/x/cc-fu/terrain from cce:/internal/x/cc as external dependency cce:/internal/x/cc-fu/terrain.
debug: Resolve cce:/internal/x/cc-fu/tiled-map from cce:/internal/x/cc as external dependency cce:/internal/x/cc-fu/tiled-map.
debug: Resolve cce:/internal/x/cc-fu/tween from cce:/internal/x/cc as external dependency cce:/internal/x/cc-fu/tween.
debug: Resolve cce:/internal/x/cc-fu/ui from cce:/internal/x/cc as external dependency cce:/internal/x/cc-fu/ui.
debug: Resolve cce:/internal/x/cc-fu/video from cce:/internal/x/cc as external dependency cce:/internal/x/cc-fu/video.
debug: Resolve cce:/internal/x/cc-fu/webview from cce:/internal/x/cc as external dependency cce:/internal/x/cc-fu/webview.
debug: Detected change: cce:/internal/x/prerequisite-imports. Last mtime: Thu Jan 01 1970 07:16:36 GMT+0700 (印度支那时间), Current mtime: Thu Jan 01 1970 07:00:09 GMT+0700 (印度支那时间)
debug: Inspect cce:/internal/x/prerequisite-imports
debug: Resolve file:///Users/zzx/Desktop/naga123/client/assets/script/common/loading.ts from cce:/internal/x/prerequisite-imports as file:///Users/zzx/Desktop/naga123/client/assets/script/common/loading.ts.
debug: Detected change: file:///Users/zzx/Desktop/naga123/client/assets/script/common/loading.ts. Last mtime: Tue Mar 21 2023 14:59:55 GMT+0700 (印度支那时间)@9c87b422-9683-4cf3-abd0-b51b50c9f8d2, Current mtime: Wed Mar 22 2023 13:43:12 GMT+0700 (印度支那时间)@9c87b422-9683-4cf3-abd0-b51b50c9f8d2
debug: Inspect file:///Users/zzx/Desktop/naga123/client/assets/script/common/loading.ts
debug: Resolve cc from file:///Users/zzx/Desktop/naga123/client/assets/script/common/loading.ts as cce:/internal/x/cc.
debug: Resolve cc from file:///Users/zzx/Desktop/naga123/client/assets/script/common/loading.ts as cce:/internal/x/cc.
debug: Resolve cc from file:///Users/zzx/Desktop/naga123/client/assets/script/common/loading.ts as cce:/internal/x/cc.
debug: Resolve file:///Users/zzx/Desktop/naga123/client/assets/script/common/tips.ts from cce:/internal/x/prerequisite-imports as file:///Users/zzx/Desktop/naga123/client/assets/script/common/tips.ts.
debug: Resolve cc from file:///Users/zzx/Desktop/naga123/client/assets/script/common/tips.ts as cce:/internal/x/cc.
debug: Resolve cc from file:///Users/zzx/Desktop/naga123/client/assets/script/common/tips.ts as cce:/internal/x/cc.
debug: Resolve cc from file:///Users/zzx/Desktop/naga123/client/assets/script/common/tips.ts as cce:/internal/x/cc.
debug: Resolve file:///Users/zzx/Desktop/naga123/client/assets/script/hall/hall.ts from cce:/internal/x/prerequisite-imports as file:///Users/zzx/Desktop/naga123/client/assets/script/hall/hall.ts.
debug: Resolve cce:/internal/code-quality/cr.mjs from file:///Users/zzx/Desktop/naga123/client/assets/script/hall/hall.ts as cce:/internal/code-quality/cr.mjs.
debug: Detected change: cce:/internal/code-quality/cr.mjs. Last mtime: Tue Mar 21 2023 22:04:05 GMT+0700 (印度支那时间), Current mtime: Wed Mar 22 2023 13:45:30 GMT+0700 (印度支那时间)
debug: Inspect cce:/internal/code-quality/cr.mjs
debug: Resolve cc from file:///Users/zzx/Desktop/naga123/client/assets/script/hall/hall.ts as cce:/internal/x/cc.
debug: Resolve cc from file:///Users/zzx/Desktop/naga123/client/assets/script/hall/hall.ts as cce:/internal/x/cc.
debug: Resolve cc from file:///Users/zzx/Desktop/naga123/client/assets/script/hall/hall.ts as cce:/internal/x/cc.
debug: Resolve ../utils/HTTP from file:///Users/zzx/Desktop/naga123/client/assets/script/hall/hall.ts as file:///Users/zzx/Desktop/naga123/client/assets/script/utils/HTTP.ts.
debug: Resolve cc from file:///Users/zzx/Desktop/naga123/client/assets/script/utils/HTTP.ts as cce:/internal/x/cc.
debug: Resolve cc from file:///Users/zzx/Desktop/naga123/client/assets/script/utils/HTTP.ts as cce:/internal/x/cc.
debug: Resolve cc from file:///Users/zzx/Desktop/naga123/client/assets/script/utils/HTTP.ts as cce:/internal/x/cc.
debug: Resolve file:///Users/zzx/Desktop/naga123/client/assets/script/hall/hall_bind_account.ts from cce:/internal/x/prerequisite-imports as file:///Users/zzx/Desktop/naga123/client/assets/script/hall/hall_bind_account.ts.
debug: Resolve cce:/internal/code-quality/cr.mjs from file:///Users/zzx/Desktop/naga123/client/assets/script/hall/hall_bind_account.ts as cce:/internal/code-quality/cr.mjs.
debug: Resolve cc from file:///Users/zzx/Desktop/naga123/client/assets/script/hall/hall_bind_account.ts as cce:/internal/x/cc.
debug: Resolve cc from file:///Users/zzx/Desktop/naga123/client/assets/script/hall/hall_bind_account.ts as cce:/internal/x/cc.
debug: Resolve cc from file:///Users/zzx/Desktop/naga123/client/assets/script/hall/hall_bind_account.ts as cce:/internal/x/cc.
debug: Resolve ../utils/HTTP from file:///Users/zzx/Desktop/naga123/client/assets/script/hall/hall_bind_account.ts as file:///Users/zzx/Desktop/naga123/client/assets/script/utils/HTTP.ts.
debug: Resolve file:///Users/zzx/Desktop/naga123/client/assets/script/login/login.ts from cce:/internal/x/prerequisite-imports as file:///Users/zzx/Desktop/naga123/client/assets/script/login/login.ts.
debug: Resolve cce:/internal/code-quality/cr.mjs from file:///Users/zzx/Desktop/naga123/client/assets/script/login/login.ts as cce:/internal/code-quality/cr.mjs.
debug: Resolve cc from file:///Users/zzx/Desktop/naga123/client/assets/script/login/login.ts as cce:/internal/x/cc.
debug: Resolve cc from file:///Users/zzx/Desktop/naga123/client/assets/script/login/login.ts as cce:/internal/x/cc.
debug: Resolve cc from file:///Users/zzx/Desktop/naga123/client/assets/script/login/login.ts as cce:/internal/x/cc.
debug: Resolve ../utils/userMgr from file:///Users/zzx/Desktop/naga123/client/assets/script/login/login.ts as file:///Users/zzx/Desktop/naga123/client/assets/script/utils/userMgr.ts.
debug: Resolve cce:/internal/code-quality/cr.mjs from file:///Users/zzx/Desktop/naga123/client/assets/script/utils/userMgr.ts as cce:/internal/code-quality/cr.mjs.
debug: Resolve cc from file:///Users/zzx/Desktop/naga123/client/assets/script/utils/userMgr.ts as cce:/internal/x/cc.
debug: Resolve cc from file:///Users/zzx/Desktop/naga123/client/assets/script/utils/userMgr.ts as cce:/internal/x/cc.
debug: Resolve cc from file:///Users/zzx/Desktop/naga123/client/assets/script/utils/userMgr.ts as cce:/internal/x/cc.
debug: Resolve ./HTTP from file:///Users/zzx/Desktop/naga123/client/assets/script/utils/userMgr.ts as file:///Users/zzx/Desktop/naga123/client/assets/script/utils/HTTP.ts.
debug: Resolve ../utils/HTTP from file:///Users/zzx/Desktop/naga123/client/assets/script/login/login.ts as file:///Users/zzx/Desktop/naga123/client/assets/script/utils/HTTP.ts.
debug: Resolve file:///Users/zzx/Desktop/naga123/client/assets/script/login/login_account.ts from cce:/internal/x/prerequisite-imports as file:///Users/zzx/Desktop/naga123/client/assets/script/login/login_account.ts.
debug: Resolve cce:/internal/code-quality/cr.mjs from file:///Users/zzx/Desktop/naga123/client/assets/script/login/login_account.ts as cce:/internal/code-quality/cr.mjs.
debug: Resolve cc from file:///Users/zzx/Desktop/naga123/client/assets/script/login/login_account.ts as cce:/internal/x/cc.
debug: Resolve cc from file:///Users/zzx/Desktop/naga123/client/assets/script/login/login_account.ts as cce:/internal/x/cc.
debug: Resolve cc from file:///Users/zzx/Desktop/naga123/client/assets/script/login/login_account.ts as cce:/internal/x/cc.
debug: Resolve ../utils/HTTP from file:///Users/zzx/Desktop/naga123/client/assets/script/login/login_account.ts as file:///Users/zzx/Desktop/naga123/client/assets/script/utils/HTTP.ts.
debug: Resolve file:///Users/zzx/Desktop/naga123/client/assets/script/utils/HTTP.ts from cce:/internal/x/prerequisite-imports as file:///Users/zzx/Desktop/naga123/client/assets/script/utils/HTTP.ts.
debug: Resolve file:///Users/zzx/Desktop/naga123/client/assets/script/utils/userMgr.ts from cce:/internal/x/prerequisite-imports as file:///Users/zzx/Desktop/naga123/client/assets/script/utils/userMgr.ts.
debug: Target(preview) ends with cost 134.340078830719ms.
debug: Pulling asset-db.
debug: Fetch asset-db cost: 1904.0336360931396ms.
debug: Build iteration starts.
Number of accumulated asset changes: 8
Feature changed: false
debug: Target(editor) build started.
debug: Detected change: cce:/internal/x/prerequisite-imports. Last mtime: Thu Jan 01 1970 07:00:09 GMT+0700 (印度支那时间), Current mtime: Thu Jan 01 1970 07:00:11 GMT+0700 (印度支那时间)
debug: Inspect cce:/internal/x/prerequisite-imports
debug: Resolve file:///Users/zzx/Desktop/naga123/client/assets/script/common/loading.ts from cce:/internal/x/prerequisite-imports as file:///Users/zzx/Desktop/naga123/client/assets/script/common/loading.ts.
debug: Resolve file:///Users/zzx/Desktop/naga123/client/assets/script/common/tips.ts from cce:/internal/x/prerequisite-imports as file:///Users/zzx/Desktop/naga123/client/assets/script/common/tips.ts.
debug: Resolve file:///Users/zzx/Desktop/naga123/client/assets/script/hall/hall.ts from cce:/internal/x/prerequisite-imports as file:///Users/zzx/Desktop/naga123/client/assets/script/hall/hall.ts.
debug: Resolve file:///Users/zzx/Desktop/naga123/client/assets/script/hall/hall_bind_account.ts from cce:/internal/x/prerequisite-imports as file:///Users/zzx/Desktop/naga123/client/assets/script/hall/hall_bind_account.ts.
debug: Resolve file:///Users/zzx/Desktop/naga123/client/assets/script/login/login.ts from cce:/internal/x/prerequisite-imports as file:///Users/zzx/Desktop/naga123/client/assets/script/login/login.ts.
debug: Resolve file:///Users/zzx/Desktop/naga123/client/assets/script/login/login_account.ts from cce:/internal/x/prerequisite-imports as file:///Users/zzx/Desktop/naga123/client/assets/script/login/login_account.ts.
debug: Resolve file:///Users/zzx/Desktop/naga123/client/assets/script/utils/HTTP.ts from cce:/internal/x/prerequisite-imports as file:///Users/zzx/Desktop/naga123/client/assets/script/utils/HTTP.ts.
debug: Resolve file:///Users/zzx/Desktop/naga123/client/assets/script/utils/userMgr.ts from cce:/internal/x/prerequisite-imports as file:///Users/zzx/Desktop/naga123/client/assets/script/utils/userMgr.ts.
debug: Target(editor) ends with cost 24.481605052947998ms.
debug: Target(preview) build started.
debug: Detected change: cce:/internal/x/prerequisite-imports. Last mtime: Thu Jan 01 1970 07:00:09 GMT+0700 (印度支那时间), Current mtime: Thu Jan 01 1970 07:00:11 GMT+0700 (印度支那时间)
debug: Inspect cce:/internal/x/prerequisite-imports
debug: Resolve file:///Users/zzx/Desktop/naga123/client/assets/script/common/loading.ts from cce:/internal/x/prerequisite-imports as file:///Users/zzx/Desktop/naga123/client/assets/script/common/loading.ts.
debug: Resolve file:///Users/zzx/Desktop/naga123/client/assets/script/common/tips.ts from cce:/internal/x/prerequisite-imports as file:///Users/zzx/Desktop/naga123/client/assets/script/common/tips.ts.
debug: Resolve file:///Users/zzx/Desktop/naga123/client/assets/script/hall/hall.ts from cce:/internal/x/prerequisite-imports as file:///Users/zzx/Desktop/naga123/client/assets/script/hall/hall.ts.
debug: Resolve file:///Users/zzx/Desktop/naga123/client/assets/script/hall/hall_bind_account.ts from cce:/internal/x/prerequisite-imports as file:///Users/zzx/Desktop/naga123/client/assets/script/hall/hall_bind_account.ts.
debug: Resolve file:///Users/zzx/Desktop/naga123/client/assets/script/login/login.ts from cce:/internal/x/prerequisite-imports as file:///Users/zzx/Desktop/naga123/client/assets/script/login/login.ts.
debug: Resolve file:///Users/zzx/Desktop/naga123/client/assets/script/login/login_account.ts from cce:/internal/x/prerequisite-imports as file:///Users/zzx/Desktop/naga123/client/assets/script/login/login_account.ts.
debug: Resolve file:///Users/zzx/Desktop/naga123/client/assets/script/utils/HTTP.ts from cce:/internal/x/prerequisite-imports as file:///Users/zzx/Desktop/naga123/client/assets/script/utils/HTTP.ts.
debug: Resolve file:///Users/zzx/Desktop/naga123/client/assets/script/utils/userMgr.ts from cce:/internal/x/prerequisite-imports as file:///Users/zzx/Desktop/naga123/client/assets/script/utils/userMgr.ts.
debug: Target(preview) ends with cost 25.244220733642578ms.
debug: Dispatch build request for time accumulated 2 asset changes.
debug: Build iteration starts.
Number of accumulated asset changes: 2
Feature changed: false
debug: Target(editor) build started.
debug: Detected change: cce:/internal/x/prerequisite-imports. Last mtime: Thu Jan 01 1970 07:00:11 GMT+0700 (印度支那时间), Current mtime: Thu Jan 01 1970 08:28:40 GMT+0700 (印度支那时间)
debug: Inspect cce:/internal/x/prerequisite-imports
debug: Resolve file:///Users/zzx/Desktop/naga123/client/assets/script/common/loading.ts from cce:/internal/x/prerequisite-imports as file:///Users/zzx/Desktop/naga123/client/assets/script/common/loading.ts.
debug: Resolve file:///Users/zzx/Desktop/naga123/client/assets/script/common/tips.ts from cce:/internal/x/prerequisite-imports as file:///Users/zzx/Desktop/naga123/client/assets/script/common/tips.ts.
debug: Resolve file:///Users/zzx/Desktop/naga123/client/assets/script/hall/hall.ts from cce:/internal/x/prerequisite-imports as file:///Users/zzx/Desktop/naga123/client/assets/script/hall/hall.ts.
debug: Detected change: file:///Users/zzx/Desktop/naga123/client/assets/script/utils/HTTP.ts. Last mtime: Tue Mar 21 2023 15:04:54 GMT+0700 (印度支那时间)@65198fef-a3e7-4c23-8907-bcfe540bf7ca, Current mtime: Wed Mar 22 2023 15:14:06 GMT+0700 (印度支那时间)@65198fef-a3e7-4c23-8907-bcfe540bf7ca
debug: Inspect file:///Users/zzx/Desktop/naga123/client/assets/script/utils/HTTP.ts
debug: Resolve cc from file:///Users/zzx/Desktop/naga123/client/assets/script/utils/HTTP.ts as cce:/internal/x/cc.
debug: Resolve cc from file:///Users/zzx/Desktop/naga123/client/assets/script/utils/HTTP.ts as cce:/internal/x/cc.
debug: Resolve cc from file:///Users/zzx/Desktop/naga123/client/assets/script/utils/HTTP.ts as cce:/internal/x/cc.
debug: Resolve file:///Users/zzx/Desktop/naga123/client/assets/script/hall/hall_bind_account.ts from cce:/internal/x/prerequisite-imports as file:///Users/zzx/Desktop/naga123/client/assets/script/hall/hall_bind_account.ts.
debug: Resolve file:///Users/zzx/Desktop/naga123/client/assets/script/login/login.ts from cce:/internal/x/prerequisite-imports as file:///Users/zzx/Desktop/naga123/client/assets/script/login/login.ts.
debug: Detected change: file:///Users/zzx/Desktop/naga123/client/assets/script/utils/userMgr.ts. Last mtime: Tue Mar 21 2023 19:36:53 GMT+0700 (印度支那时间)@e5c0b781-5133-4e67-bed1-33cf2159fe68, Current mtime: Wed Mar 22 2023 15:13:53 GMT+0700 (印度支那时间)@e5c0b781-5133-4e67-bed1-33cf2159fe68
debug: Inspect file:///Users/zzx/Desktop/naga123/client/assets/script/utils/userMgr.ts
debug: Resolve cc from file:///Users/zzx/Desktop/naga123/client/assets/script/utils/userMgr.ts as cce:/internal/x/cc.
debug: Resolve cc from file:///Users/zzx/Desktop/naga123/client/assets/script/utils/userMgr.ts as cce:/internal/x/cc.
debug: Resolve cc from file:///Users/zzx/Desktop/naga123/client/assets/script/utils/userMgr.ts as cce:/internal/x/cc.
debug: Resolve file:///Users/zzx/Desktop/naga123/client/assets/script/login/login_account.ts from cce:/internal/x/prerequisite-imports as file:///Users/zzx/Desktop/naga123/client/assets/script/login/login_account.ts.
debug: Resolve file:///Users/zzx/Desktop/naga123/client/assets/script/utils/HTTP.ts from cce:/internal/x/prerequisite-imports as file:///Users/zzx/Desktop/naga123/client/assets/script/utils/HTTP.ts.
debug: Resolve file:///Users/zzx/Desktop/naga123/client/assets/script/utils/userMgr.ts from cce:/internal/x/prerequisite-imports as file:///Users/zzx/Desktop/naga123/client/assets/script/utils/userMgr.ts.
debug: Target(editor) ends with cost 189.41574382781982ms.
debug: Target(preview) build started.
debug: Detected change: cce:/internal/x/prerequisite-imports. Last mtime: Thu Jan 01 1970 07:00:11 GMT+0700 (印度支那时间), Current mtime: Thu Jan 01 1970 08:28:41 GMT+0700 (印度支那时间)
debug: Inspect cce:/internal/x/prerequisite-imports
debug: Resolve file:///Users/zzx/Desktop/naga123/client/assets/script/common/loading.ts from cce:/internal/x/prerequisite-imports as file:///Users/zzx/Desktop/naga123/client/assets/script/common/loading.ts.
debug: Resolve file:///Users/zzx/Desktop/naga123/client/assets/script/common/tips.ts from cce:/internal/x/prerequisite-imports as file:///Users/zzx/Desktop/naga123/client/assets/script/common/tips.ts.
debug: Resolve file:///Users/zzx/Desktop/naga123/client/assets/script/hall/hall.ts from cce:/internal/x/prerequisite-imports as file:///Users/zzx/Desktop/naga123/client/assets/script/hall/hall.ts.
debug: Detected change: file:///Users/zzx/Desktop/naga123/client/assets/script/utils/HTTP.ts. Last mtime: Tue Mar 21 2023 15:04:54 GMT+0700 (印度支那时间)@65198fef-a3e7-4c23-8907-bcfe540bf7ca, Current mtime: Wed Mar 22 2023 15:14:06 GMT+0700 (印度支那时间)@65198fef-a3e7-4c23-8907-bcfe540bf7ca
debug: Inspect file:///Users/zzx/Desktop/naga123/client/assets/script/utils/HTTP.ts
debug: Resolve cc from file:///Users/zzx/Desktop/naga123/client/assets/script/utils/HTTP.ts as cce:/internal/x/cc.
debug: Resolve cc from file:///Users/zzx/Desktop/naga123/client/assets/script/utils/HTTP.ts as cce:/internal/x/cc.
debug: Resolve cc from file:///Users/zzx/Desktop/naga123/client/assets/script/utils/HTTP.ts as cce:/internal/x/cc.
debug: Resolve file:///Users/zzx/Desktop/naga123/client/assets/script/hall/hall_bind_account.ts from cce:/internal/x/prerequisite-imports as file:///Users/zzx/Desktop/naga123/client/assets/script/hall/hall_bind_account.ts.
debug: Resolve file:///Users/zzx/Desktop/naga123/client/assets/script/login/login.ts from cce:/internal/x/prerequisite-imports as file:///Users/zzx/Desktop/naga123/client/assets/script/login/login.ts.
debug: Detected change: file:///Users/zzx/Desktop/naga123/client/assets/script/utils/userMgr.ts. Last mtime: Tue Mar 21 2023 19:36:53 GMT+0700 (印度支那时间)@e5c0b781-5133-4e67-bed1-33cf2159fe68, Current mtime: Wed Mar 22 2023 15:13:53 GMT+0700 (印度支那时间)@e5c0b781-5133-4e67-bed1-33cf2159fe68
debug: Inspect file:///Users/zzx/Desktop/naga123/client/assets/script/utils/userMgr.ts
debug: Resolve cc from file:///Users/zzx/Desktop/naga123/client/assets/script/utils/userMgr.ts as cce:/internal/x/cc.
debug: Resolve cc from file:///Users/zzx/Desktop/naga123/client/assets/script/utils/userMgr.ts as cce:/internal/x/cc.
debug: Resolve cc from file:///Users/zzx/Desktop/naga123/client/assets/script/utils/userMgr.ts as cce:/internal/x/cc.
debug: Resolve file:///Users/zzx/Desktop/naga123/client/assets/script/login/login_account.ts from cce:/internal/x/prerequisite-imports as file:///Users/zzx/Desktop/naga123/client/assets/script/login/login_account.ts.
debug: Resolve file:///Users/zzx/Desktop/naga123/client/assets/script/utils/HTTP.ts from cce:/internal/x/prerequisite-imports as file:///Users/zzx/Desktop/naga123/client/assets/script/utils/HTTP.ts.
debug: Resolve file:///Users/zzx/Desktop/naga123/client/assets/script/utils/userMgr.ts from cce:/internal/x/prerequisite-imports as file:///Users/zzx/Desktop/naga123/client/assets/script/utils/userMgr.ts.
debug: Target(preview) ends with cost 126.43696784973145ms.
debug: Dispatch build request for time accumulated 1 asset changes.
debug: Build iteration starts.
Number of accumulated asset changes: 1
Feature changed: false
debug: Target(editor) build started.
debug: Detected change: cce:/internal/x/prerequisite-imports. Last mtime: Thu Jan 01 1970 08:28:40 GMT+0700 (印度支那时间), Current mtime: Thu Jan 01 1970 08:29:39 GMT+0700 (印度支那时间)
debug: Inspect cce:/internal/x/prerequisite-imports
debug: Resolve file:///Users/zzx/Desktop/naga123/client/assets/script/common/loading.ts from cce:/internal/x/prerequisite-imports as file:///Users/zzx/Desktop/naga123/client/assets/script/common/loading.ts.
debug: Resolve file:///Users/zzx/Desktop/naga123/client/assets/script/common/tips.ts from cce:/internal/x/prerequisite-imports as file:///Users/zzx/Desktop/naga123/client/assets/script/common/tips.ts.
debug: Resolve file:///Users/zzx/Desktop/naga123/client/assets/script/hall/hall.ts from cce:/internal/x/prerequisite-imports as file:///Users/zzx/Desktop/naga123/client/assets/script/hall/hall.ts.
debug: Detected change: file:///Users/zzx/Desktop/naga123/client/assets/script/hall/hall.ts. Last mtime: Tue Mar 21 2023 20:35:05 GMT+0700 (印度支那时间)@0c5cf730-05ad-4d0f-a576-b3490de9f0eb, Current mtime: Wed Mar 22 2023 15:15:03 GMT+0700 (印度支那时间)@0c5cf730-05ad-4d0f-a576-b3490de9f0eb
debug: Inspect file:///Users/zzx/Desktop/naga123/client/assets/script/hall/hall.ts
debug: Resolve cce:/internal/code-quality/cr.mjs from file:///Users/zzx/Desktop/naga123/client/assets/script/hall/hall.ts as cce:/internal/code-quality/cr.mjs.
debug: Resolve cc from file:///Users/zzx/Desktop/naga123/client/assets/script/hall/hall.ts as cce:/internal/x/cc.
debug: Resolve cc from file:///Users/zzx/Desktop/naga123/client/assets/script/hall/hall.ts as cce:/internal/x/cc.
debug: Resolve cc from file:///Users/zzx/Desktop/naga123/client/assets/script/hall/hall.ts as cce:/internal/x/cc.
debug: Resolve ../utils/HTTP from file:///Users/zzx/Desktop/naga123/client/assets/script/hall/hall.ts as file:///Users/zzx/Desktop/naga123/client/assets/script/utils/HTTP.ts.
debug: Resolve file:///Users/zzx/Desktop/naga123/client/assets/script/hall/hall_bind_account.ts from cce:/internal/x/prerequisite-imports as file:///Users/zzx/Desktop/naga123/client/assets/script/hall/hall_bind_account.ts.
debug: Resolve file:///Users/zzx/Desktop/naga123/client/assets/script/login/login.ts from cce:/internal/x/prerequisite-imports as file:///Users/zzx/Desktop/naga123/client/assets/script/login/login.ts.
debug: Resolve file:///Users/zzx/Desktop/naga123/client/assets/script/login/login_account.ts from cce:/internal/x/prerequisite-imports as file:///Users/zzx/Desktop/naga123/client/assets/script/login/login_account.ts.
debug: Resolve file:///Users/zzx/Desktop/naga123/client/assets/script/utils/HTTP.ts from cce:/internal/x/prerequisite-imports as file:///Users/zzx/Desktop/naga123/client/assets/script/utils/HTTP.ts.
debug: Resolve file:///Users/zzx/Desktop/naga123/client/assets/script/utils/userMgr.ts from cce:/internal/x/prerequisite-imports as file:///Users/zzx/Desktop/naga123/client/assets/script/utils/userMgr.ts.
debug: Target(editor) ends with cost 97.3130898475647ms.
debug: Target(preview) build started.
debug: Detected change: cce:/internal/x/prerequisite-imports. Last mtime: Thu Jan 01 1970 08:28:41 GMT+0700 (印度支那时间), Current mtime: Thu Jan 01 1970 08:29:39 GMT+0700 (印度支那时间)
debug: Inspect cce:/internal/x/prerequisite-imports
debug: Resolve file:///Users/zzx/Desktop/naga123/client/assets/script/common/loading.ts from cce:/internal/x/prerequisite-imports as file:///Users/zzx/Desktop/naga123/client/assets/script/common/loading.ts.
debug: Resolve file:///Users/zzx/Desktop/naga123/client/assets/script/common/tips.ts from cce:/internal/x/prerequisite-imports as file:///Users/zzx/Desktop/naga123/client/assets/script/common/tips.ts.
debug: Resolve file:///Users/zzx/Desktop/naga123/client/assets/script/hall/hall.ts from cce:/internal/x/prerequisite-imports as file:///Users/zzx/Desktop/naga123/client/assets/script/hall/hall.ts.
debug: Detected change: file:///Users/zzx/Desktop/naga123/client/assets/script/hall/hall.ts. Last mtime: Tue Mar 21 2023 20:35:05 GMT+0700 (印度支那时间)@0c5cf730-05ad-4d0f-a576-b3490de9f0eb, Current mtime: Wed Mar 22 2023 15:15:03 GMT+0700 (印度支那时间)@0c5cf730-05ad-4d0f-a576-b3490de9f0eb
debug: Inspect file:///Users/zzx/Desktop/naga123/client/assets/script/hall/hall.ts
debug: Resolve cce:/internal/code-quality/cr.mjs from file:///Users/zzx/Desktop/naga123/client/assets/script/hall/hall.ts as cce:/internal/code-quality/cr.mjs.
debug: Resolve cc from file:///Users/zzx/Desktop/naga123/client/assets/script/hall/hall.ts as cce:/internal/x/cc.
debug: Resolve cc from file:///Users/zzx/Desktop/naga123/client/assets/script/hall/hall.ts as cce:/internal/x/cc.
debug: Resolve cc from file:///Users/zzx/Desktop/naga123/client/assets/script/hall/hall.ts as cce:/internal/x/cc.
debug: Resolve ../utils/HTTP from file:///Users/zzx/Desktop/naga123/client/assets/script/hall/hall.ts as file:///Users/zzx/Desktop/naga123/client/assets/script/utils/HTTP.ts.
debug: Resolve file:///Users/zzx/Desktop/naga123/client/assets/script/hall/hall_bind_account.ts from cce:/internal/x/prerequisite-imports as file:///Users/zzx/Desktop/naga123/client/assets/script/hall/hall_bind_account.ts.
debug: Resolve file:///Users/zzx/Desktop/naga123/client/assets/script/login/login.ts from cce:/internal/x/prerequisite-imports as file:///Users/zzx/Desktop/naga123/client/assets/script/login/login.ts.
debug: Resolve file:///Users/zzx/Desktop/naga123/client/assets/script/login/login_account.ts from cce:/internal/x/prerequisite-imports as file:///Users/zzx/Desktop/naga123/client/assets/script/login/login_account.ts.
debug: Resolve file:///Users/zzx/Desktop/naga123/client/assets/script/utils/HTTP.ts from cce:/internal/x/prerequisite-imports as file:///Users/zzx/Desktop/naga123/client/assets/script/utils/HTTP.ts.
debug: Resolve file:///Users/zzx/Desktop/naga123/client/assets/script/utils/userMgr.ts from cce:/internal/x/prerequisite-imports as file:///Users/zzx/Desktop/naga123/client/assets/script/utils/userMgr.ts.
debug: Target(preview) ends with cost 87.53932905197144ms.
debug: Dispatch build request for time accumulated 1 asset changes.
debug: Build iteration starts.
Number of accumulated asset changes: 1
Feature changed: false
debug: Target(editor) build started.
debug: Detected change: cce:/internal/x/prerequisite-imports. Last mtime: Thu Jan 01 1970 08:29:39 GMT+0700 (印度支那时间), Current mtime: Thu Jan 01 1970 09:45:32 GMT+0700 (印度支那时间)
debug: Inspect cce:/internal/x/prerequisite-imports
debug: Resolve file:///Users/zzx/Desktop/naga123/client/assets/script/common/loading.ts from cce:/internal/x/prerequisite-imports as file:///Users/zzx/Desktop/naga123/client/assets/script/common/loading.ts.
debug: Resolve file:///Users/zzx/Desktop/naga123/client/assets/script/common/tips.ts from cce:/internal/x/prerequisite-imports as file:///Users/zzx/Desktop/naga123/client/assets/script/common/tips.ts.
debug: Resolve file:///Users/zzx/Desktop/naga123/client/assets/script/hall/hall.ts from cce:/internal/x/prerequisite-imports as file:///Users/zzx/Desktop/naga123/client/assets/script/hall/hall.ts.
debug: Detected change: file:///Users/zzx/Desktop/naga123/client/assets/script/hall/hall.ts. Last mtime: Wed Mar 22 2023 15:15:03 GMT+0700 (印度支那时间)@0c5cf730-05ad-4d0f-a576-b3490de9f0eb, Current mtime: Wed Mar 22 2023 16:31:00 GMT+0700 (印度支那时间)@0c5cf730-05ad-4d0f-a576-b3490de9f0eb
debug: Inspect file:///Users/zzx/Desktop/naga123/client/assets/script/hall/hall.ts
debug: Resolve cce:/internal/code-quality/cr.mjs from file:///Users/zzx/Desktop/naga123/client/assets/script/hall/hall.ts as cce:/internal/code-quality/cr.mjs.
debug: Resolve cc from file:///Users/zzx/Desktop/naga123/client/assets/script/hall/hall.ts as cce:/internal/x/cc.
debug: Resolve cc from file:///Users/zzx/Desktop/naga123/client/assets/script/hall/hall.ts as cce:/internal/x/cc.
debug: Resolve cc from file:///Users/zzx/Desktop/naga123/client/assets/script/hall/hall.ts as cce:/internal/x/cc.
debug: Resolve ../utils/HTTP from file:///Users/zzx/Desktop/naga123/client/assets/script/hall/hall.ts as file:///Users/zzx/Desktop/naga123/client/assets/script/utils/HTTP.ts.
debug: Resolve file:///Users/zzx/Desktop/naga123/client/assets/script/hall/hall_bind_account.ts from cce:/internal/x/prerequisite-imports as file:///Users/zzx/Desktop/naga123/client/assets/script/hall/hall_bind_account.ts.
debug: Resolve file:///Users/zzx/Desktop/naga123/client/assets/script/login/login.ts from cce:/internal/x/prerequisite-imports as file:///Users/zzx/Desktop/naga123/client/assets/script/login/login.ts.
debug: Resolve file:///Users/zzx/Desktop/naga123/client/assets/script/login/login_account.ts from cce:/internal/x/prerequisite-imports as file:///Users/zzx/Desktop/naga123/client/assets/script/login/login_account.ts.
debug: Resolve file:///Users/zzx/Desktop/naga123/client/assets/script/utils/HTTP.ts from cce:/internal/x/prerequisite-imports as file:///Users/zzx/Desktop/naga123/client/assets/script/utils/HTTP.ts.
debug: Resolve file:///Users/zzx/Desktop/naga123/client/assets/script/utils/userMgr.ts from cce:/internal/x/prerequisite-imports as file:///Users/zzx/Desktop/naga123/client/assets/script/utils/userMgr.ts.
debug: Target(editor) ends with cost 78.42322111129761ms.
debug: Target(preview) build started.
debug: Detected change: cce:/internal/x/prerequisite-imports. Last mtime: Thu Jan 01 1970 08:29:39 GMT+0700 (印度支那时间), Current mtime: Thu Jan 01 1970 09:45:32 GMT+0700 (印度支那时间)
debug: Inspect cce:/internal/x/prerequisite-imports
debug: Resolve file:///Users/zzx/Desktop/naga123/client/assets/script/common/loading.ts from cce:/internal/x/prerequisite-imports as file:///Users/zzx/Desktop/naga123/client/assets/script/common/loading.ts.
debug: Resolve file:///Users/zzx/Desktop/naga123/client/assets/script/common/tips.ts from cce:/internal/x/prerequisite-imports as file:///Users/zzx/Desktop/naga123/client/assets/script/common/tips.ts.
debug: Resolve file:///Users/zzx/Desktop/naga123/client/assets/script/hall/hall.ts from cce:/internal/x/prerequisite-imports as file:///Users/zzx/Desktop/naga123/client/assets/script/hall/hall.ts.
debug: Detected change: file:///Users/zzx/Desktop/naga123/client/assets/script/hall/hall.ts. Last mtime: Wed Mar 22 2023 15:15:03 GMT+0700 (印度支那时间)@0c5cf730-05ad-4d0f-a576-b3490de9f0eb, Current mtime: Wed Mar 22 2023 16:31:00 GMT+0700 (印度支那时间)@0c5cf730-05ad-4d0f-a576-b3490de9f0eb
debug: Inspect file:///Users/zzx/Desktop/naga123/client/assets/script/hall/hall.ts
debug: Resolve cce:/internal/code-quality/cr.mjs from file:///Users/zzx/Desktop/naga123/client/assets/script/hall/hall.ts as cce:/internal/code-quality/cr.mjs.
debug: Resolve cc from file:///Users/zzx/Desktop/naga123/client/assets/script/hall/hall.ts as cce:/internal/x/cc.
debug: Resolve cc from file:///Users/zzx/Desktop/naga123/client/assets/script/hall/hall.ts as cce:/internal/x/cc.
debug: Resolve cc from file:///Users/zzx/Desktop/naga123/client/assets/script/hall/hall.ts as cce:/internal/x/cc.
debug: Resolve ../utils/HTTP from file:///Users/zzx/Desktop/naga123/client/assets/script/hall/hall.ts as file:///Users/zzx/Desktop/naga123/client/assets/script/utils/HTTP.ts.
debug: Resolve file:///Users/zzx/Desktop/naga123/client/assets/script/hall/hall_bind_account.ts from cce:/internal/x/prerequisite-imports as file:///Users/zzx/Desktop/naga123/client/assets/script/hall/hall_bind_account.ts.
debug: Resolve file:///Users/zzx/Desktop/naga123/client/assets/script/login/login.ts from cce:/internal/x/prerequisite-imports as file:///Users/zzx/Desktop/naga123/client/assets/script/login/login.ts.
debug: Resolve file:///Users/zzx/Desktop/naga123/client/assets/script/login/login_account.ts from cce:/internal/x/prerequisite-imports as file:///Users/zzx/Desktop/naga123/client/assets/script/login/login_account.ts.
debug: Resolve file:///Users/zzx/Desktop/naga123/client/assets/script/utils/HTTP.ts from cce:/internal/x/prerequisite-imports as file:///Users/zzx/Desktop/naga123/client/assets/script/utils/HTTP.ts.
debug: Resolve file:///Users/zzx/Desktop/naga123/client/assets/script/utils/userMgr.ts from cce:/internal/x/prerequisite-imports as file:///Users/zzx/Desktop/naga123/client/assets/script/utils/userMgr.ts.
debug: Target(preview) ends with cost 76.6864972114563ms.
debug: Dispatch build request for time accumulated 1 asset changes.
debug: Build iteration starts.
Number of accumulated asset changes: 1
Feature changed: false
debug: Target(editor) build started.
debug: Detected change: cce:/internal/x/prerequisite-imports. Last mtime: Thu Jan 01 1970 09:45:32 GMT+0700 (印度支那时间), Current mtime: Thu Jan 01 1970 09:46:15 GMT+0700 (印度支那时间)
debug: Inspect cce:/internal/x/prerequisite-imports
debug: Resolve file:///Users/zzx/Desktop/naga123/client/assets/script/common/loading.ts from cce:/internal/x/prerequisite-imports as file:///Users/zzx/Desktop/naga123/client/assets/script/common/loading.ts.
debug: Resolve file:///Users/zzx/Desktop/naga123/client/assets/script/common/tips.ts from cce:/internal/x/prerequisite-imports as file:///Users/zzx/Desktop/naga123/client/assets/script/common/tips.ts.
debug: Resolve file:///Users/zzx/Desktop/naga123/client/assets/script/hall/hall.ts from cce:/internal/x/prerequisite-imports as file:///Users/zzx/Desktop/naga123/client/assets/script/hall/hall.ts.
debug: Detected change: file:///Users/zzx/Desktop/naga123/client/assets/script/hall/hall.ts. Last mtime: Wed Mar 22 2023 16:31:00 GMT+0700 (印度支那时间)@0c5cf730-05ad-4d0f-a576-b3490de9f0eb, Current mtime: Wed Mar 22 2023 16:31:44 GMT+0700 (印度支那时间)@0c5cf730-05ad-4d0f-a576-b3490de9f0eb
debug: Inspect file:///Users/zzx/Desktop/naga123/client/assets/script/hall/hall.ts
debug: Resolve cce:/internal/code-quality/cr.mjs from file:///Users/zzx/Desktop/naga123/client/assets/script/hall/hall.ts as cce:/internal/code-quality/cr.mjs.
debug: Resolve cc from file:///Users/zzx/Desktop/naga123/client/assets/script/hall/hall.ts as cce:/internal/x/cc.
debug: Resolve cc from file:///Users/zzx/Desktop/naga123/client/assets/script/hall/hall.ts as cce:/internal/x/cc.
debug: Resolve cc from file:///Users/zzx/Desktop/naga123/client/assets/script/hall/hall.ts as cce:/internal/x/cc.
debug: Resolve ../utils/HTTP from file:///Users/zzx/Desktop/naga123/client/assets/script/hall/hall.ts as file:///Users/zzx/Desktop/naga123/client/assets/script/utils/HTTP.ts.
debug: Resolve file:///Users/zzx/Desktop/naga123/client/assets/script/hall/hall_bind_account.ts from cce:/internal/x/prerequisite-imports as file:///Users/zzx/Desktop/naga123/client/assets/script/hall/hall_bind_account.ts.
debug: Resolve file:///Users/zzx/Desktop/naga123/client/assets/script/login/login.ts from cce:/internal/x/prerequisite-imports as file:///Users/zzx/Desktop/naga123/client/assets/script/login/login.ts.
debug: Resolve file:///Users/zzx/Desktop/naga123/client/assets/script/login/login_account.ts from cce:/internal/x/prerequisite-imports as file:///Users/zzx/Desktop/naga123/client/assets/script/login/login_account.ts.
debug: Resolve file:///Users/zzx/Desktop/naga123/client/assets/script/utils/HTTP.ts from cce:/internal/x/prerequisite-imports as file:///Users/zzx/Desktop/naga123/client/assets/script/utils/HTTP.ts.
debug: Resolve file:///Users/zzx/Desktop/naga123/client/assets/script/utils/userMgr.ts from cce:/internal/x/prerequisite-imports as file:///Users/zzx/Desktop/naga123/client/assets/script/utils/userMgr.ts.
debug: Target(editor) ends with cost 68.13237810134888ms.
debug: Target(preview) build started.
debug: Detected change: cce:/internal/x/prerequisite-imports. Last mtime: Thu Jan 01 1970 09:45:32 GMT+0700 (印度支那时间), Current mtime: Thu Jan 01 1970 09:46:15 GMT+0700 (印度支那时间)
debug: Inspect cce:/internal/x/prerequisite-imports
debug: Resolve file:///Users/zzx/Desktop/naga123/client/assets/script/common/loading.ts from cce:/internal/x/prerequisite-imports as file:///Users/zzx/Desktop/naga123/client/assets/script/common/loading.ts.
debug: Resolve file:///Users/zzx/Desktop/naga123/client/assets/script/common/tips.ts from cce:/internal/x/prerequisite-imports as file:///Users/zzx/Desktop/naga123/client/assets/script/common/tips.ts.
debug: Resolve file:///Users/zzx/Desktop/naga123/client/assets/script/hall/hall.ts from cce:/internal/x/prerequisite-imports as file:///Users/zzx/Desktop/naga123/client/assets/script/hall/hall.ts.
debug: Detected change: file:///Users/zzx/Desktop/naga123/client/assets/script/hall/hall.ts. Last mtime: Wed Mar 22 2023 16:31:00 GMT+0700 (印度支那时间)@0c5cf730-05ad-4d0f-a576-b3490de9f0eb, Current mtime: Wed Mar 22 2023 16:31:44 GMT+0700 (印度支那时间)@0c5cf730-05ad-4d0f-a576-b3490de9f0eb
debug: Inspect file:///Users/zzx/Desktop/naga123/client/assets/script/hall/hall.ts
debug: Resolve cce:/internal/code-quality/cr.mjs from file:///Users/zzx/Desktop/naga123/client/assets/script/hall/hall.ts as cce:/internal/code-quality/cr.mjs.
debug: Resolve cc from file:///Users/zzx/Desktop/naga123/client/assets/script/hall/hall.ts as cce:/internal/x/cc.
debug: Resolve cc from file:///Users/zzx/Desktop/naga123/client/assets/script/hall/hall.ts as cce:/internal/x/cc.
debug: Resolve cc from file:///Users/zzx/Desktop/naga123/client/assets/script/hall/hall.ts as cce:/internal/x/cc.
debug: Resolve ../utils/HTTP from file:///Users/zzx/Desktop/naga123/client/assets/script/hall/hall.ts as file:///Users/zzx/Desktop/naga123/client/assets/script/utils/HTTP.ts.
debug: Resolve file:///Users/zzx/Desktop/naga123/client/assets/script/hall/hall_bind_account.ts from cce:/internal/x/prerequisite-imports as file:///Users/zzx/Desktop/naga123/client/assets/script/hall/hall_bind_account.ts.
debug: Resolve file:///Users/zzx/Desktop/naga123/client/assets/script/login/login.ts from cce:/internal/x/prerequisite-imports as file:///Users/zzx/Desktop/naga123/client/assets/script/login/login.ts.
debug: Resolve file:///Users/zzx/Desktop/naga123/client/assets/script/login/login_account.ts from cce:/internal/x/prerequisite-imports as file:///Users/zzx/Desktop/naga123/client/assets/script/login/login_account.ts.
debug: Resolve file:///Users/zzx/Desktop/naga123/client/assets/script/utils/HTTP.ts from cce:/internal/x/prerequisite-imports as file:///Users/zzx/Desktop/naga123/client/assets/script/utils/HTTP.ts.
debug: Resolve file:///Users/zzx/Desktop/naga123/client/assets/script/utils/userMgr.ts from cce:/internal/x/prerequisite-imports as file:///Users/zzx/Desktop/naga123/client/assets/script/utils/userMgr.ts.
debug: Target(preview) ends with cost 107.9416241645813ms.
